<?xml version="1.0" encoding="UTF-8"?>
<coverage generated="1772251150501" clover="3.2.0">
  <project timestamp="1772251150501" name="All files">
    <metrics statements="1106" coveredstatements="928" conditionals="712" coveredconditionals="528" methods="325" coveredmethods="248" elements="2143" coveredelements="1704" complexity="0" loc="1106" ncloc="1106" packages="10" files="61" classes="61"/>
    <package name="components.farms">
      <metrics statements="7" coveredstatements="6" conditionals="0" coveredconditionals="0" methods="3" coveredmethods="2"/>
      <file name="FarmCard.css" path="C:\Users\elian\OneDrive\Documentos\0-Tecnicatura Desarrollo de software\3-Tercer Año Desarrollo De Software\Practica Profesionalizante 3\software\sistema-riego-goteo-react\src\components\farms\FarmCard.css">
        <metrics statements="0" coveredstatements="0" conditionals="0" coveredconditionals="0" methods="0" coveredmethods="0"/>
      </file>
      <file name="FarmCard.tsx" path="C:\Users\elian\OneDrive\Documentos\0-Tecnicatura Desarrollo de software\3-Tercer Año Desarrollo De Software\Practica Profesionalizante 3\software\sistema-riego-goteo-react\src\components\farms\FarmCard.tsx">
        <metrics statements="7" coveredstatements="6" conditionals="0" coveredconditionals="0" methods="3" coveredmethods="2"/>
        <line num="13" count="1" type="stmt"/>
        <line num="14" count="3" type="stmt"/>
        <line num="18" count="3" type="stmt"/>
        <line num="21" count="1" type="stmt"/>
        <line num="22" count="1" type="stmt"/>
        <line num="25" count="3" type="stmt"/>
        <line num="39" count="0" type="stmt"/>
      </file>
    </package>
    <package name="components.irrigation">
      <metrics statements="97" coveredstatements="73" conditionals="82" coveredconditionals="49" methods="29" coveredmethods="23"/>
      <file name="DailyIrrigationView.css" path="C:\Users\elian\OneDrive\Documentos\0-Tecnicatura Desarrollo de software\3-Tercer Año Desarrollo De Software\Practica Profesionalizante 3\software\sistema-riego-goteo-react\src\components\irrigation\DailyIrrigationView.css">
        <metrics statements="0" coveredstatements="0" conditionals="0" coveredconditionals="0" methods="0" coveredmethods="0"/>
      </file>
      <file name="DailyIrrigationView.tsx" path="C:\Users\elian\OneDrive\Documentos\0-Tecnicatura Desarrollo de software\3-Tercer Año Desarrollo De Software\Practica Profesionalizante 3\software\sistema-riego-goteo-react\src\components\irrigation\DailyIrrigationView.tsx">
        <metrics statements="53" coveredstatements="34" conditionals="43" coveredconditionals="20" methods="18" coveredmethods="13"/>
        <line num="25" count="1" type="stmt"/>
        <line num="26" count="0" type="stmt"/>
        <line num="27" count="0" type="cond" truecount="0" falsecount="7"/>
        <line num="28" count="0" type="stmt"/>
        <line num="29" count="0" type="stmt"/>
        <line num="30" count="0" type="stmt"/>
        <line num="31" count="0" type="stmt"/>
        <line num="32" count="0" type="stmt"/>
        <line num="33" count="0" type="stmt"/>
        <line num="34" count="0" type="stmt"/>
        <line num="38" count="1" type="stmt"/>
        <line num="39" count="0" type="cond" truecount="0" falsecount="2"/>
        <line num="40" count="0" type="cond" truecount="0" falsecount="2"/>
        <line num="41" count="0" type="cond" truecount="0" falsecount="4"/>
        <line num="42" count="0" type="stmt"/>
        <line num="43" count="0" type="stmt"/>
        <line num="44" count="0" type="stmt"/>
        <line num="52" count="0" type="stmt"/>
        <line num="55" count="1" type="stmt"/>
        <line num="57" count="7" type="stmt"/>
        <line num="58" count="7" type="stmt"/>
        <line num="59" count="7" type="stmt"/>
        <line num="61" count="7" type="stmt"/>
        <line num="63" count="5" type="stmt"/>
        <line num="64" count="5" type="stmt"/>
        <line num="68" count="7" type="stmt"/>
        <line num="69" count="217" type="stmt"/>
        <line num="72" count="7" type="stmt"/>
        <line num="73" count="7" type="stmt"/>
        <line num="75" count="7" type="stmt"/>
        <line num="77" count="6" type="stmt"/>
        <line num="78" count="6" type="stmt"/>
        <line num="81" count="6" type="cond" truecount="1" falsecount="1"/>
        <line num="82" count="6" type="stmt"/>
        <line num="83" count="6" type="stmt"/>
        <line num="88" count="7" type="stmt"/>
        <line num="90" count="7" type="stmt"/>
        <line num="92" count="7" type="stmt"/>
        <line num="96" count="217" type="stmt"/>
        <line num="97" count="217" type="stmt"/>
        <line num="98" count="217" type="cond" truecount="1" falsecount="3"/>
        <line num="100" count="217" type="cond" truecount="2" falsecount="0"/>
        <line num="102" count="217" type="stmt"/>
        <line num="119" count="1" type="stmt"/>
        <line num="127" count="217" type="stmt"/>
        <line num="129" count="217" type="cond" truecount="3" falsecount="1"/>
        <line num="130" count="217" type="stmt"/>
        <line num="131" count="217" type="cond" truecount="3" falsecount="1"/>
        <line num="133" count="217" type="stmt"/>
        <line num="144" count="1" type="stmt"/>
        <line num="150" count="0" type="stmt"/>
        <line num="169" count="0" type="stmt"/>
        <line num="178" count="0" type="stmt"/>
      </file>
      <file name="IrrigationForm.tsx" path="C:\Users\elian\OneDrive\Documentos\0-Tecnicatura Desarrollo de software\3-Tercer Año Desarrollo De Software\Practica Profesionalizante 3\software\sistema-riego-goteo-react\src\components\irrigation\IrrigationForm.tsx">
        <metrics statements="44" coveredstatements="39" conditionals="39" coveredconditionals="29" methods="11" coveredmethods="10"/>
        <line num="20" count="1" type="stmt"/>
        <line num="21" count="14" type="stmt"/>
        <line num="23" count="14" type="cond" truecount="1" falsecount="0"/>
        <line num="25" count="6" type="stmt"/>
        <line num="28" count="14" type="stmt"/>
        <line num="29" count="14" type="stmt"/>
        <line num="31" count="14" type="stmt"/>
        <line num="32" count="14" type="cond" truecount="2" falsecount="0"/>
        <line num="34" count="14" type="stmt"/>
        <line num="35" count="6" type="cond" truecount="2" falsecount="0"/>
        <line num="36" count="5" type="stmt"/>
        <line num="40" count="14" type="stmt"/>
        <line num="42" count="7" type="stmt"/>
        <line num="43" count="7" type="cond" truecount="6" falsecount="0"/>
        <line num="44" count="1" type="stmt"/>
        <line num="47" count="6" type="stmt"/>
        <line num="48" count="6" type="stmt"/>
        <line num="50" count="6" type="stmt"/>
        <line num="51" count="6" type="stmt"/>
        <line num="58" count="6" type="stmt"/>
        <line num="64" count="14" type="stmt"/>
        <line num="67" count="1" type="stmt"/>
        <line num="68" count="1" type="stmt"/>
        <line num="69" count="1" type="stmt"/>
        <line num="71" count="1" type="stmt"/>
        <line num="74" count="14" type="stmt"/>
        <line num="75" count="1" type="stmt"/>
        <line num="76" count="1" type="stmt"/>
        <line num="78" count="1" type="cond" truecount="1" falsecount="1"/>
        <line num="79" count="1" type="cond" truecount="1" falsecount="1"/>
        <line num="80" count="1" type="stmt"/>
        <line num="81" count="0" type="cond" truecount="0" falsecount="2"/>
        <line num="82" count="0" type="stmt"/>
        <line num="87" count="14" type="stmt"/>
        <line num="88" count="2" type="stmt"/>
        <line num="89" count="2" type="cond" truecount="4" falsecount="1"/>
        <line num="90" count="0" type="stmt"/>
        <line num="91" count="0" type="stmt"/>
        <line num="94" count="2" type="stmt"/>
        <line num="103" count="2" type="stmt"/>
        <line num="106" count="14" type="stmt"/>
        <line num="114" count="0" type="stmt"/>
        <line num="125" count="1" type="stmt"/>
        <line num="127" count="2" type="stmt"/>
      </file>
    </package>
    <package name="components.layout">
      <metrics statements="82" coveredstatements="79" conditionals="61" coveredconditionals="49" methods="23" coveredmethods="21"/>
      <file name="AdminLayout.css" path="C:\Users\elian\OneDrive\Documentos\0-Tecnicatura Desarrollo de software\3-Tercer Año Desarrollo De Software\Practica Profesionalizante 3\software\sistema-riego-goteo-react\src\components\layout\AdminLayout.css">
        <metrics statements="0" coveredstatements="0" conditionals="0" coveredconditionals="0" methods="0" coveredmethods="0"/>
      </file>
      <file name="AdminLayout.tsx" path="C:\Users\elian\OneDrive\Documentos\0-Tecnicatura Desarrollo de software\3-Tercer Año Desarrollo De Software\Practica Profesionalizante 3\software\sistema-riego-goteo-react\src\components\layout\AdminLayout.tsx">
        <metrics statements="12" coveredstatements="12" conditionals="8" coveredconditionals="7" methods="3" coveredmethods="3"/>
        <line num="13" count="1" type="stmt"/>
        <line num="14" count="4" type="stmt"/>
        <line num="15" count="4" type="stmt"/>
        <line num="16" count="4" type="stmt"/>
        <line num="18" count="4" type="stmt"/>
        <line num="19" count="2" type="stmt"/>
        <line num="22" count="4" type="stmt"/>
        <line num="23" count="4" type="stmt"/>
        <line num="25" count="4" type="stmt"/>
        <line num="35" count="24" type="cond" truecount="2" falsecount="0"/>
        <line num="38" count="24" type="stmt"/>
        <line num="39" count="24" type="stmt"/>
      </file>
      <file name="NotificationBell.css" path="C:\Users\elian\OneDrive\Documentos\0-Tecnicatura Desarrollo de software\3-Tercer Año Desarrollo De Software\Practica Profesionalizante 3\software\sistema-riego-goteo-react\src\components\layout\NotificationBell.css">
        <metrics statements="0" coveredstatements="0" conditionals="0" coveredconditionals="0" methods="0" coveredmethods="0"/>
      </file>
      <file name="NotificationBell.tsx" path="C:\Users\elian\OneDrive\Documentos\0-Tecnicatura Desarrollo de software\3-Tercer Año Desarrollo De Software\Practica Profesionalizante 3\software\sistema-riego-goteo-react\src\components\layout\NotificationBell.tsx">
        <metrics statements="47" coveredstatements="45" conditionals="34" coveredconditionals="25" methods="12" coveredmethods="11"/>
        <line num="13" count="2" type="stmt"/>
        <line num="14" count="2" type="stmt"/>
        <line num="15" count="2" type="stmt"/>
        <line num="16" count="2" type="stmt"/>
        <line num="17" count="2" type="cond" truecount="1" falsecount="1"/>
        <line num="18" count="2" type="stmt"/>
        <line num="19" count="2" type="cond" truecount="1" falsecount="1"/>
        <line num="20" count="2" type="stmt"/>
        <line num="21" count="2" type="cond" truecount="1" falsecount="1"/>
        <line num="22" count="2" type="stmt"/>
        <line num="23" count="2" type="cond" truecount="1" falsecount="1"/>
        <line num="24" count="2" type="stmt"/>
        <line num="25" count="2" type="cond" truecount="1" falsecount="1"/>
        <line num="26" count="2" type="stmt"/>
        <line num="29" count="2" type="stmt"/>
        <line num="30" count="18" type="stmt"/>
        <line num="31" count="18" type="stmt"/>
        <line num="32" count="18" type="stmt"/>
        <line num="33" count="18" type="stmt"/>
        <line num="34" count="18" type="stmt"/>
        <line num="36" count="18" type="stmt"/>
        <line num="38" count="7" type="stmt"/>
        <line num="42" count="18" type="stmt"/>
        <line num="48" count="18" type="stmt"/>
        <line num="51" count="1" type="stmt"/>
        <line num="55" count="18" type="stmt"/>
        <line num="56" count="1" type="stmt"/>
        <line num="59" count="1" type="stmt"/>
        <line num="61" count="1" type="cond" truecount="1" falsecount="1"/>
        <line num="62" count="1" type="stmt"/>
        <line num="63" count="1" type="stmt"/>
        <line num="69" count="1" type="cond" truecount="1" falsecount="1"/>
        <line num="70" count="0" type="stmt"/>
        <line num="74" count="18" type="stmt"/>
        <line num="75" count="7" type="stmt"/>
        <line num="76" count="6" type="cond" truecount="4" falsecount="0"/>
        <line num="77" count="2" type="stmt"/>
        <line num="80" count="7" type="stmt"/>
        <line num="81" count="7" type="stmt"/>
        <line num="84" count="18" type="cond" truecount="2" falsecount="0"/>
        <line num="85" count="18" type="cond" truecount="2" falsecount="0"/>
        <line num="87" count="18" type="stmt"/>
        <line num="89" count="3" type="stmt"/>
        <line num="102" count="2" type="stmt"/>
        <line num="104" count="2" type="stmt"/>
        <line num="108" count="1" type="stmt"/>
        <line num="123" count="0" type="stmt"/>
      </file>
      <file name="ProfileMenu.css" path="C:\Users\elian\OneDrive\Documentos\0-Tecnicatura Desarrollo de software\3-Tercer Año Desarrollo De Software\Practica Profesionalizante 3\software\sistema-riego-goteo-react\src\components\layout\ProfileMenu.css">
        <metrics statements="0" coveredstatements="0" conditionals="0" coveredconditionals="0" methods="0" coveredmethods="0"/>
      </file>
      <file name="ProfileMenu.tsx" path="C:\Users\elian\OneDrive\Documentos\0-Tecnicatura Desarrollo de software\3-Tercer Año Desarrollo De Software\Practica Profesionalizante 3\software\sistema-riego-goteo-react\src\components\layout\ProfileMenu.tsx">
        <metrics statements="23" coveredstatements="22" conditionals="19" coveredconditionals="17" methods="8" coveredmethods="7"/>
        <line num="11" count="2" type="cond" truecount="1" falsecount="0"/>
        <line num="12" count="10" type="cond" truecount="2" falsecount="0"/>
        <line num="13" count="9" type="stmt"/>
        <line num="14" count="9" type="cond" truecount="1" falsecount="1"/>
        <line num="15" count="10" type="cond" truecount="1" falsecount="1"/>
        <line num="16" count="10" type="stmt"/>
        <line num="19" count="2" type="stmt"/>
        <line num="20" count="10" type="stmt"/>
        <line num="21" count="10" type="stmt"/>
        <line num="22" count="10" type="stmt"/>
        <line num="23" count="10" type="stmt"/>
        <line num="25" count="10" type="stmt"/>
        <line num="26" count="1" type="stmt"/>
        <line num="27" count="1" type="stmt"/>
        <line num="30" count="10" type="stmt"/>
        <line num="31" count="6" type="stmt"/>
        <line num="32" count="5" type="cond" truecount="4" falsecount="0"/>
        <line num="33" count="2" type="stmt"/>
        <line num="36" count="6" type="stmt"/>
        <line num="37" count="6" type="stmt"/>
        <line num="40" count="10" type="stmt"/>
        <line num="42" count="2" type="stmt"/>
        <line num="55" count="0" type="stmt"/>
      </file>
    </package>
    <package name="components.precipitation">
      <metrics statements="18" coveredstatements="17" conditionals="11" coveredconditionals="9" methods="7" coveredmethods="6"/>
      <file name="PrecipitationList.css" path="C:\Users\elian\OneDrive\Documentos\0-Tecnicatura Desarrollo de software\3-Tercer Año Desarrollo De Software\Practica Profesionalizante 3\software\sistema-riego-goteo-react\src\components\precipitation\PrecipitationList.css">
        <metrics statements="0" coveredstatements="0" conditionals="0" coveredconditionals="0" methods="0" coveredmethods="0"/>
      </file>
      <file name="PrecipitationList.tsx" path="C:\Users\elian\OneDrive\Documentos\0-Tecnicatura Desarrollo de software\3-Tercer Año Desarrollo De Software\Practica Profesionalizante 3\software\sistema-riego-goteo-react\src\components\precipitation\PrecipitationList.tsx">
        <metrics statements="18" coveredstatements="17" conditionals="11" coveredconditionals="9" methods="7" coveredmethods="6"/>
        <line num="14" count="1" type="stmt"/>
        <line num="15" count="10" type="stmt"/>
        <line num="17" count="10" type="cond" truecount="1" falsecount="0"/>
        <line num="19" count="6" type="stmt"/>
        <line num="22" count="10" type="stmt"/>
        <line num="23" count="1" type="stmt"/>
        <line num="25" count="1" type="stmt"/>
        <line num="26" count="1" type="stmt"/>
        <line num="27" count="1" type="stmt"/>
        <line num="30" count="0" type="stmt"/>
        <line num="34" count="10" type="cond" truecount="2" falsecount="0"/>
        <line num="35" count="5" type="stmt"/>
        <line num="42" count="5" type="cond" truecount="2" falsecount="0"/>
        <line num="43" count="1" type="stmt"/>
        <line num="50" count="4" type="stmt"/>
        <line num="66" count="4" type="stmt"/>
        <line num="73" count="1" type="cond" truecount="1" falsecount="1"/>
        <line num="74" count="1" type="stmt"/>
      </file>
    </package>
    <package name="components.ui">
      <metrics statements="61" coveredstatements="61" conditionals="78" coveredconditionals="75" methods="27" coveredmethods="27"/>
      <file name="ActionsMenu.css" path="C:\Users\elian\OneDrive\Documentos\0-Tecnicatura Desarrollo de software\3-Tercer Año Desarrollo De Software\Practica Profesionalizante 3\software\sistema-riego-goteo-react\src\components\ui\ActionsMenu.css">
        <metrics statements="0" coveredstatements="0" conditionals="0" coveredconditionals="0" methods="0" coveredmethods="0"/>
      </file>
      <file name="ActionsMenu.tsx" path="C:\Users\elian\OneDrive\Documentos\0-Tecnicatura Desarrollo de software\3-Tercer Año Desarrollo De Software\Practica Profesionalizante 3\software\sistema-riego-goteo-react\src\components\ui\ActionsMenu.tsx">
        <metrics statements="16" coveredstatements="16" conditionals="6" coveredconditionals="6" methods="8" coveredmethods="8"/>
        <line num="18" count="2" type="stmt"/>
        <line num="19" count="12" type="stmt"/>
        <line num="20" count="12" type="stmt"/>
        <line num="23" count="12" type="stmt"/>
        <line num="24" count="7" type="stmt"/>
        <line num="25" count="5" type="cond" truecount="4" falsecount="0"/>
        <line num="26" count="1" type="stmt"/>
        <line num="29" count="7" type="stmt"/>
        <line num="30" count="7" type="stmt"/>
        <line num="33" count="12" type="stmt"/>
        <line num="34" count="1" type="stmt"/>
        <line num="35" count="1" type="stmt"/>
        <line num="38" count="12" type="stmt"/>
        <line num="40" count="3" type="stmt"/>
        <line num="45" count="6" type="stmt"/>
        <line num="48" count="1" type="stmt"/>
      </file>
      <file name="Badge.css" path="C:\Users\elian\OneDrive\Documentos\0-Tecnicatura Desarrollo de software\3-Tercer Año Desarrollo De Software\Practica Profesionalizante 3\software\sistema-riego-goteo-react\src\components\ui\Badge.css">
        <metrics statements="0" coveredstatements="0" conditionals="0" coveredconditionals="0" methods="0" coveredmethods="0"/>
      </file>
      <file name="Badge.tsx" path="C:\Users\elian\OneDrive\Documentos\0-Tecnicatura Desarrollo de software\3-Tercer Año Desarrollo De Software\Practica Profesionalizante 3\software\sistema-riego-goteo-react\src\components\ui\Badge.tsx">
        <metrics statements="2" coveredstatements="2" conditionals="4" coveredconditionals="4" methods="1" coveredmethods="1"/>
        <line num="27" count="1" type="stmt"/>
        <line num="32" count="5" type="stmt"/>
      </file>
      <file name="ConfirmationModal.css" path="C:\Users\elian\OneDrive\Documentos\0-Tecnicatura Desarrollo de software\3-Tercer Año Desarrollo De Software\Practica Profesionalizante 3\software\sistema-riego-goteo-react\src\components\ui\ConfirmationModal.css">
        <metrics statements="0" coveredstatements="0" conditionals="0" coveredconditionals="0" methods="0" coveredmethods="0"/>
      </file>
      <file name="ConfirmationModal.tsx" path="C:\Users\elian\OneDrive\Documentos\0-Tecnicatura Desarrollo de software\3-Tercer Año Desarrollo De Software\Practica Profesionalizante 3\software\sistema-riego-goteo-react\src\components\ui\ConfirmationModal.tsx">
        <metrics statements="2" coveredstatements="2" conditionals="5" coveredconditionals="5" methods="1" coveredmethods="1"/>
        <line num="16" count="1" type="stmt"/>
        <line num="24" count="4" type="stmt"/>
      </file>
      <file name="EmptyState.css" path="C:\Users\elian\OneDrive\Documentos\0-Tecnicatura Desarrollo de software\3-Tercer Año Desarrollo De Software\Practica Profesionalizante 3\software\sistema-riego-goteo-react\src\components\ui\EmptyState.css">
        <metrics statements="0" coveredstatements="0" conditionals="0" coveredconditionals="0" methods="0" coveredmethods="0"/>
      </file>
      <file name="EmptyState.tsx" path="C:\Users\elian\OneDrive\Documentos\0-Tecnicatura Desarrollo de software\3-Tercer Año Desarrollo De Software\Practica Profesionalizante 3\software\sistema-riego-goteo-react\src\components\ui\EmptyState.tsx">
        <metrics statements="2" coveredstatements="2" conditionals="6" coveredconditionals="6" methods="1" coveredmethods="1"/>
        <line num="19" count="1" type="stmt"/>
        <line num="25" count="5" type="stmt"/>
      </file>
      <file name="ErrorState.css" path="C:\Users\elian\OneDrive\Documentos\0-Tecnicatura Desarrollo de software\3-Tercer Año Desarrollo De Software\Practica Profesionalizante 3\software\sistema-riego-goteo-react\src\components\ui\ErrorState.css">
        <metrics statements="0" coveredstatements="0" conditionals="0" coveredconditionals="0" methods="0" coveredmethods="0"/>
      </file>
      <file name="ErrorState.tsx" path="C:\Users\elian\OneDrive\Documentos\0-Tecnicatura Desarrollo de software\3-Tercer Año Desarrollo De Software\Practica Profesionalizante 3\software\sistema-riego-goteo-react\src\components\ui\ErrorState.tsx">
        <metrics statements="2" coveredstatements="2" conditionals="4" coveredconditionals="4" methods="1" coveredmethods="1"/>
        <line num="19" count="3" type="stmt"/>
        <line num="25" count="5" type="stmt"/>
      </file>
      <file name="LoadingState.css" path="C:\Users\elian\OneDrive\Documentos\0-Tecnicatura Desarrollo de software\3-Tercer Año Desarrollo De Software\Practica Profesionalizante 3\software\sistema-riego-goteo-react\src\components\ui\LoadingState.css">
        <metrics statements="0" coveredstatements="0" conditionals="0" coveredconditionals="0" methods="0" coveredmethods="0"/>
      </file>
      <file name="LoadingState.tsx" path="C:\Users\elian\OneDrive\Documentos\0-Tecnicatura Desarrollo de software\3-Tercer Año Desarrollo De Software\Practica Profesionalizante 3\software\sistema-riego-goteo-react\src\components\ui\LoadingState.tsx">
        <metrics statements="2" coveredstatements="2" conditionals="6" coveredconditionals="6" methods="1" coveredmethods="1"/>
        <line num="14" count="3" type="stmt"/>
        <line num="18" count="16" type="stmt"/>
      </file>
      <file name="Modal.css" path="C:\Users\elian\OneDrive\Documentos\0-Tecnicatura Desarrollo de software\3-Tercer Año Desarrollo De Software\Practica Profesionalizante 3\software\sistema-riego-goteo-react\src\components\ui\Modal.css">
        <metrics statements="0" coveredstatements="0" conditionals="0" coveredconditionals="0" methods="0" coveredmethods="0"/>
      </file>
      <file name="Modal.tsx" path="C:\Users\elian\OneDrive\Documentos\0-Tecnicatura Desarrollo de software\3-Tercer Año Desarrollo De Software\Practica Profesionalizante 3\software\sistema-riego-goteo-react\src\components\ui\Modal.tsx">
        <metrics statements="19" coveredstatements="19" conditionals="15" coveredconditionals="14" methods="7" coveredmethods="7"/>
        <line num="21" count="3" type="cond" truecount="1" falsecount="0"/>
        <line num="22" count="23" type="stmt"/>
        <line num="25" count="23" type="stmt"/>
        <line num="26" count="18" type="cond" truecount="4" falsecount="0"/>
        <line num="27" count="13" type="stmt"/>
        <line num="28" count="1" type="cond" truecount="1" falsecount="1"/>
        <line num="30" count="13" type="stmt"/>
        <line num="31" count="13" type="stmt"/>
        <line num="35" count="23" type="stmt"/>
        <line num="36" count="18" type="cond" truecount="2" falsecount="0"/>
        <line num="37" count="17" type="stmt"/>
        <line num="38" count="17" type="stmt"/>
        <line num="39" count="17" type="stmt"/>
        <line num="40" count="18" type="stmt"/>
        <line num="41" count="17" type="stmt"/>
        <line num="45" count="23" type="cond" truecount="2" falsecount="0"/>
        <line num="47" count="22" type="stmt"/>
        <line num="48" count="6" type="cond" truecount="4" falsecount="0"/>
        <line num="51" count="22" type="stmt"/>
      </file>
      <file name="PageHeader.css" path="C:\Users\elian\OneDrive\Documentos\0-Tecnicatura Desarrollo de software\3-Tercer Año Desarrollo De Software\Practica Profesionalizante 3\software\sistema-riego-goteo-react\src\components\ui\PageHeader.css">
        <metrics statements="0" coveredstatements="0" conditionals="0" coveredconditionals="0" methods="0" coveredmethods="0"/>
      </file>
      <file name="PageHeader.tsx" path="C:\Users\elian\OneDrive\Documentos\0-Tecnicatura Desarrollo de software\3-Tercer Año Desarrollo De Software\Practica Profesionalizante 3\software\sistema-riego-goteo-react\src\components\ui\PageHeader.tsx">
        <metrics statements="1" coveredstatements="1" conditionals="4" coveredconditionals="4" methods="1" coveredmethods="1"/>
        <line num="19" count="11" type="stmt"/>
      </file>
      <file name="StatCard.css" path="C:\Users\elian\OneDrive\Documentos\0-Tecnicatura Desarrollo de software\3-Tercer Año Desarrollo De Software\Practica Profesionalizante 3\software\sistema-riego-goteo-react\src\components\ui\StatCard.css">
        <metrics statements="0" coveredstatements="0" conditionals="0" coveredconditionals="0" methods="0" coveredmethods="0"/>
      </file>
      <file name="StatCard.tsx" path="C:\Users\elian\OneDrive\Documentos\0-Tecnicatura Desarrollo de software\3-Tercer Año Desarrollo De Software\Practica Profesionalizante 3\software\sistema-riego-goteo-react\src\components\ui\StatCard.tsx">
        <metrics statements="7" coveredstatements="7" conditionals="23" coveredconditionals="21" methods="2" coveredmethods="2"/>
        <line num="39" count="2" type="stmt"/>
        <line num="51" count="34" type="stmt"/>
        <line num="53" count="34" type="stmt"/>
        <line num="54" count="1" type="cond" truecount="3" falsecount="2"/>
        <line num="55" count="1" type="stmt"/>
        <line num="56" count="1" type="stmt"/>
        <line num="60" count="34" type="stmt"/>
      </file>
      <file name="StatusToggle.css" path="C:\Users\elian\OneDrive\Documentos\0-Tecnicatura Desarrollo de software\3-Tercer Año Desarrollo De Software\Practica Profesionalizante 3\software\sistema-riego-goteo-react\src\components\ui\StatusToggle.css">
        <metrics statements="0" coveredstatements="0" conditionals="0" coveredconditionals="0" methods="0" coveredmethods="0"/>
      </file>
      <file name="StatusToggle.tsx" path="C:\Users\elian\OneDrive\Documentos\0-Tecnicatura Desarrollo de software\3-Tercer Año Desarrollo De Software\Practica Profesionalizante 3\software\sistema-riego-goteo-react\src\components\ui\StatusToggle.tsx">
        <metrics statements="5" coveredstatements="5" conditionals="2" coveredconditionals="2" methods="2" coveredmethods="2"/>
        <line num="9" count="2" type="stmt"/>
        <line num="10" count="8" type="stmt"/>
        <line num="11" count="2" type="cond" truecount="2" falsecount="0"/>
        <line num="12" count="1" type="stmt"/>
        <line num="16" count="8" type="stmt"/>
      </file>
      <file name="TableToolbar.css" path="C:\Users\elian\OneDrive\Documentos\0-Tecnicatura Desarrollo de software\3-Tercer Año Desarrollo De Software\Practica Profesionalizante 3\software\sistema-riego-goteo-react\src\components\ui\TableToolbar.css">
        <metrics statements="0" coveredstatements="0" conditionals="0" coveredconditionals="0" methods="0" coveredmethods="0"/>
      </file>
      <file name="TableToolbar.tsx" path="C:\Users\elian\OneDrive\Documentos\0-Tecnicatura Desarrollo de software\3-Tercer Año Desarrollo De Software\Practica Profesionalizante 3\software\sistema-riego-goteo-react\src\components\ui\TableToolbar.tsx">
        <metrics statements="3" coveredstatements="3" conditionals="3" coveredconditionals="3" methods="2" coveredmethods="2"/>
        <line num="24" count="1" type="stmt"/>
        <line num="30" count="4" type="stmt"/>
        <line num="43" count="1" type="stmt"/>
      </file>
    </package>
    <package name="components.users">
      <metrics statements="0" coveredstatements="0" conditionals="0" coveredconditionals="0" methods="0" coveredmethods="0"/>
      <file name="UserForm.css" path="C:\Users\elian\OneDrive\Documentos\0-Tecnicatura Desarrollo de software\3-Tercer Año Desarrollo De Software\Practica Profesionalizante 3\software\sistema-riego-goteo-react\src\components\users\UserForm.css">
        <metrics statements="0" coveredstatements="0" conditionals="0" coveredconditionals="0" methods="0" coveredmethods="0"/>
      </file>
    </package>
    <package name="config">
      <metrics statements="3" coveredstatements="3" conditionals="4" coveredconditionals="2" methods="1" coveredmethods="1"/>
      <file name="navigationConfig.ts" path="C:\Users\elian\OneDrive\Documentos\0-Tecnicatura Desarrollo de software\3-Tercer Año Desarrollo De Software\Practica Profesionalizante 3\software\sistema-riego-goteo-react\src\config\navigationConfig.ts">
        <metrics statements="3" coveredstatements="3" conditionals="4" coveredconditionals="2" methods="1" coveredmethods="1"/>
        <line num="53" count="1" type="stmt"/>
        <line num="91" count="4" type="cond" truecount="1" falsecount="1"/>
        <line num="92" count="4" type="cond" truecount="1" falsecount="1"/>
      </file>
    </package>
    <package name="pages">
      <metrics statements="215" coveredstatements="124" conditionals="153" coveredconditionals="78" methods="100" coveredmethods="40"/>
      <file name="Configuration.css" path="C:\Users\elian\OneDrive\Documentos\0-Tecnicatura Desarrollo de software\3-Tercer Año Desarrollo De Software\Practica Profesionalizante 3\software\sistema-riego-goteo-react\src\pages\Configuration.css">
        <metrics statements="0" coveredstatements="0" conditionals="0" coveredconditionals="0" methods="0" coveredmethods="0"/>
      </file>
      <file name="Configuration.tsx" path="C:\Users\elian\OneDrive\Documentos\0-Tecnicatura Desarrollo de software\3-Tercer Año Desarrollo De Software\Practica Profesionalizante 3\software\sistema-riego-goteo-react\src\pages\Configuration.tsx">
        <metrics statements="152" coveredstatements="73" conditionals="104" coveredconditionals="46" methods="73" coveredmethods="21"/>
        <line num="23" count="1" type="stmt"/>
        <line num="35" count="11" type="stmt"/>
        <line num="36" count="11" type="stmt"/>
        <line num="41" count="11" type="stmt"/>
        <line num="43" count="11" type="stmt"/>
        <line num="44" count="8" type="cond" truecount="2" falsecount="0"/>
        <line num="47" count="11" type="stmt"/>
        <line num="48" count="0" type="stmt"/>
        <line num="50" count="0" type="stmt"/>
        <line num="51" count="0" type="stmt"/>
        <line num="53" count="0" type="cond" truecount="0" falsecount="2"/>
        <line num="56" count="11" type="cond" truecount="2" falsecount="0"/>
        <line num="57" count="7" type="cond" truecount="1" falsecount="1"/>
        <line num="58" count="7" type="cond" truecount="2" falsecount="0"/>
        <line num="60" count="3" type="stmt"/>
        <line num="61" count="0" type="stmt"/>
        <line num="62" count="0" type="stmt"/>
        <line num="65" count="3" type="stmt"/>
        <line num="81" count="0" type="stmt"/>
        <line num="92" count="0" type="stmt"/>
        <line num="102" count="0" type="stmt"/>
        <line num="113" count="0" type="stmt"/>
        <line num="124" count="0" type="stmt"/>
        <line num="136" count="5" type="stmt"/>
        <line num="137" count="5" type="stmt"/>
        <line num="142" count="5" type="stmt"/>
        <line num="144" count="5" type="stmt"/>
        <line num="145" count="3" type="cond" truecount="2" falsecount="0"/>
        <line num="148" count="5" type="stmt"/>
        <line num="149" count="1" type="stmt"/>
        <line num="151" count="1" type="stmt"/>
        <line num="152" count="1" type="stmt"/>
        <line num="154" count="0" type="cond" truecount="0" falsecount="2"/>
        <line num="157" count="5" type="cond" truecount="2" falsecount="0"/>
        <line num="158" count="4" type="cond" truecount="1" falsecount="1"/>
        <line num="159" count="4" type="cond" truecount="2" falsecount="0"/>
        <line num="161" count="3" type="stmt"/>
        <line num="162" count="1" type="stmt"/>
        <line num="163" count="1" type="stmt"/>
        <line num="166" count="3" type="stmt"/>
        <line num="180" count="0" type="stmt"/>
        <line num="188" count="0" type="stmt"/>
        <line num="196" count="0" type="stmt"/>
        <line num="204" count="0" type="stmt"/>
        <line num="216" count="5" type="stmt"/>
        <line num="217" count="5" type="stmt"/>
        <line num="222" count="5" type="stmt"/>
        <line num="224" count="5" type="stmt"/>
        <line num="225" count="3" type="cond" truecount="2" falsecount="0"/>
        <line num="228" count="5" type="stmt"/>
        <line num="229" count="1" type="stmt"/>
        <line num="231" count="1" type="stmt"/>
        <line num="232" count="1" type="stmt"/>
        <line num="234" count="0" type="cond" truecount="0" falsecount="2"/>
        <line num="237" count="5" type="cond" truecount="2" falsecount="0"/>
        <line num="238" count="4" type="cond" truecount="1" falsecount="1"/>
        <line num="239" count="4" type="cond" truecount="2" falsecount="0"/>
        <line num="241" count="3" type="stmt"/>
        <line num="242" count="1" type="stmt"/>
        <line num="243" count="1" type="stmt"/>
        <line num="246" count="3" type="stmt"/>
        <line num="261" count="0" type="stmt"/>
        <line num="272" count="0" type="stmt"/>
        <line num="283" count="0" type="stmt"/>
        <line num="296" count="0" type="stmt"/>
        <line num="311" count="5" type="stmt"/>
        <line num="312" count="5" type="stmt"/>
        <line num="317" count="5" type="stmt"/>
        <line num="319" count="5" type="stmt"/>
        <line num="321" count="3" type="cond" truecount="2" falsecount="0"/>
        <line num="322" count="2" type="stmt"/>
        <line num="334" count="5" type="stmt"/>
        <line num="335" count="1" type="stmt"/>
        <line num="337" count="1" type="stmt"/>
        <line num="338" count="1" type="stmt"/>
        <line num="340" count="0" type="cond" truecount="0" falsecount="2"/>
        <line num="343" count="5" type="cond" truecount="2" falsecount="0"/>
        <line num="344" count="4" type="cond" truecount="1" falsecount="1"/>
        <line num="345" count="4" type="cond" truecount="2" falsecount="0"/>
        <line num="347" count="3" type="stmt"/>
        <line num="348" count="1" type="stmt"/>
        <line num="349" count="1" type="stmt"/>
        <line num="352" count="3" type="stmt"/>
        <line num="353" count="0" type="stmt"/>
        <line num="362" count="3" type="stmt"/>
        <line num="364" count="3" type="stmt"/>
        <line num="381" count="0" type="stmt"/>
        <line num="400" count="0" type="stmt"/>
        <line num="416" count="0" type="stmt"/>
        <line num="432" count="0" type="stmt"/>
        <line num="448" count="0" type="stmt"/>
        <line num="449" count="0" type="stmt"/>
        <line num="454" count="0" type="stmt"/>
        <line num="456" count="0" type="stmt"/>
        <line num="457" count="0" type="cond" truecount="0" falsecount="2"/>
        <line num="460" count="0" type="stmt"/>
        <line num="461" count="0" type="stmt"/>
        <line num="463" count="0" type="stmt"/>
        <line num="464" count="0" type="stmt"/>
        <line num="466" count="0" type="cond" truecount="0" falsecount="2"/>
        <line num="469" count="0" type="cond" truecount="0" falsecount="2"/>
        <line num="470" count="0" type="cond" truecount="0" falsecount="2"/>
        <line num="471" count="0" type="cond" truecount="0" falsecount="2"/>
        <line num="473" count="0" type="stmt"/>
        <line num="474" count="0" type="stmt"/>
        <line num="475" count="0" type="stmt"/>
        <line num="478" count="0" type="stmt"/>
        <line num="493" count="0" type="stmt"/>
        <line num="505" count="0" type="stmt"/>
        <line num="518" count="0" type="stmt"/>
        <line num="528" count="0" type="stmt"/>
        <line num="544" count="0" type="stmt"/>
        <line num="545" count="0" type="stmt"/>
        <line num="550" count="0" type="stmt"/>
        <line num="551" count="0" type="stmt"/>
        <line num="553" count="0" type="stmt"/>
        <line num="555" count="0" type="stmt"/>
        <line num="556" count="0" type="cond" truecount="0" falsecount="2"/>
        <line num="559" count="0" type="stmt"/>
        <line num="560" count="0" type="stmt"/>
        <line num="562" count="0" type="stmt"/>
        <line num="563" count="0" type="stmt"/>
        <line num="565" count="0" type="cond" truecount="0" falsecount="2"/>
        <line num="568" count="0" type="cond" truecount="0" falsecount="2"/>
        <line num="569" count="0" type="cond" truecount="0" falsecount="2"/>
        <line num="570" count="0" type="cond" truecount="0" falsecount="2"/>
        <line num="572" count="0" type="stmt"/>
        <line num="573" count="0" type="stmt"/>
        <line num="576" count="0" type="stmt"/>
        <line num="577" count="0" type="cond" truecount="0" falsecount="5"/>
        <line num="578" count="0" type="stmt"/>
        <line num="581" count="0" type="stmt"/>
        <line num="584" count="0" type="stmt"/>
        <line num="586" count="0" type="stmt"/>
        <line num="603" count="0" type="stmt"/>
        <line num="617" count="0" type="stmt"/>
        <line num="629" count="0" type="stmt"/>
        <line num="635" count="0" type="stmt"/>
        <line num="656" count="0" type="stmt"/>
        <line num="672" count="7" type="stmt"/>
        <line num="674" count="7" type="stmt"/>
        <line num="675" count="7" type="cond" truecount="4" falsecount="3"/>
        <line num="676" count="4" type="stmt"/>
        <line num="677" count="1" type="stmt"/>
        <line num="678" count="1" type="stmt"/>
        <line num="679" count="1" type="stmt"/>
        <line num="680" count="0" type="stmt"/>
        <line num="681" count="0" type="stmt"/>
        <line num="682" count="0" type="stmt"/>
        <line num="686" count="7" type="stmt"/>
        <line num="695" count="42" type="stmt"/>
        <line num="699" count="3" type="stmt"/>
      </file>
      <file name="Dashboard.css" path="C:\Users\elian\OneDrive\Documentos\0-Tecnicatura Desarrollo de software\3-Tercer Año Desarrollo De Software\Practica Profesionalizante 3\software\sistema-riego-goteo-react\src\pages\Dashboard.css">
        <metrics statements="0" coveredstatements="0" conditionals="0" coveredconditionals="0" methods="0" coveredmethods="0"/>
      </file>
      <file name="Dashboard.tsx" path="C:\Users\elian\OneDrive\Documentos\0-Tecnicatura Desarrollo de software\3-Tercer Año Desarrollo De Software\Practica Profesionalizante 3\software\sistema-riego-goteo-react\src\pages\Dashboard.tsx">
        <metrics statements="63" coveredstatements="51" conditionals="49" coveredconditionals="32" methods="27" coveredmethods="19"/>
        <line num="19" count="7" type="cond" truecount="1" falsecount="0"/>
        <line num="24" count="30" type="stmt"/>
        <line num="28" count="34" type="stmt"/>
        <line num="30" count="148" type="stmt"/>
        <line num="39" count="1" type="stmt"/>
        <line num="40" count="8" type="stmt"/>
        <line num="42" count="8" type="stmt"/>
        <line num="44" count="4" type="stmt"/>
        <line num="47" count="8" type="cond" truecount="2" falsecount="0"/>
        <line num="49" count="8" type="stmt"/>
        <line num="50" count="8" type="cond" truecount="1" falsecount="1"/>
        <line num="51" count="0" type="stmt"/>
        <line num="52" count="0" type="cond" truecount="0" falsecount="3"/>
        <line num="58" count="8" type="cond" truecount="2" falsecount="0"/>
        <line num="59" count="4" type="cond" truecount="1" falsecount="1"/>
        <line num="61" count="4" type="stmt"/>
        <line num="72" count="0" type="stmt"/>
        <line num="87" count="4" type="stmt"/>
        <line num="103" count="1" type="stmt"/>
        <line num="104" count="2" type="stmt"/>
        <line num="105" count="2" type="cond" truecount="1" falsecount="0"/>
        <line num="110" count="2" type="cond" truecount="2" falsecount="0"/>
        <line num="111" count="1" type="cond" truecount="1" falsecount="1"/>
        <line num="113" count="1" type="stmt"/>
        <line num="129" count="1" type="stmt"/>
        <line num="135" count="0" type="stmt"/>
        <line num="148" count="1" type="stmt"/>
        <line num="149" count="2" type="stmt"/>
        <line num="150" count="2" type="cond" truecount="1" falsecount="0"/>
        <line num="155" count="2" type="cond" truecount="2" falsecount="0"/>
        <line num="156" count="1" type="cond" truecount="1" falsecount="1"/>
        <line num="158" count="1" type="stmt"/>
        <line num="162" count="0" type="stmt"/>
        <line num="175" count="1" type="stmt"/>
        <line num="176" count="0" type="stmt"/>
        <line num="189" count="1" type="stmt"/>
        <line num="190" count="2" type="stmt"/>
        <line num="194" count="0" type="cond" truecount="0" falsecount="2"/>
        <line num="195" count="0" type="stmt"/>
        <line num="197" count="0" type="stmt"/>
        <line num="201" count="2" type="cond" truecount="2" falsecount="0"/>
        <line num="202" count="1" type="stmt"/>
        <line num="205" count="1" type="cond" truecount="1" falsecount="1"/>
        <line num="206" count="0" type="stmt"/>
        <line num="216" count="1" type="stmt"/>
        <line num="237" count="2" type="cond" truecount="2" falsecount="0"/>
        <line num="256" count="1" type="stmt"/>
        <line num="257" count="11" type="stmt"/>
        <line num="259" count="11" type="stmt"/>
        <line num="264" count="11" type="cond" truecount="2" falsecount="0"/>
        <line num="265" count="7" type="cond" truecount="1" falsecount="1"/>
        <line num="267" count="7" type="stmt"/>
        <line num="268" count="7" type="cond" truecount="4" falsecount="1"/>
        <line num="270" count="4" type="stmt"/>
        <line num="272" count="1" type="stmt"/>
        <line num="274" count="1" type="stmt"/>
        <line num="276" count="1" type="stmt"/>
        <line num="278" count="0" type="stmt"/>
        <line num="282" count="7" type="stmt"/>
        <line num="285" count="0" type="cond" truecount="1" falsecount="1"/>
        <line num="286" count="1" type="cond" truecount="1" falsecount="1"/>
        <line num="287" count="1" type="cond" truecount="1" falsecount="1"/>
        <line num="288" count="1" type="stmt"/>
      </file>
    </package>
    <package name="services">
      <metrics statements="602" coveredstatements="552" conditionals="295" coveredconditionals="252" methods="132" coveredmethods="125"/>
      <file name="adminService.ts" path="C:\Users\elian\OneDrive\Documentos\0-Tecnicatura Desarrollo de software\3-Tercer Año Desarrollo De Software\Practica Profesionalizante 3\software\sistema-riego-goteo-react\src\services\adminService.ts">
        <metrics statements="34" coveredstatements="34" conditionals="21" coveredconditionals="20" methods="7" coveredmethods="7"/>
        <line num="7" count="1" type="stmt"/>
        <line num="8" count="1" type="stmt"/>
        <line num="10" count="1" type="stmt"/>
        <line num="11" count="13" type="stmt"/>
        <line num="12" count="13" type="stmt"/>
        <line num="13" count="13" type="cond" truecount="1" falsecount="1"/>
        <line num="14" count="13" type="stmt"/>
        <line num="16" count="13" type="stmt"/>
        <line num="24" count="1" type="cond" truecount="1" falsecount="0"/>
        <line num="26" count="3" type="stmt"/>
        <line num="32" count="3" type="stmt"/>
        <line num="37" count="3" type="cond" truecount="2" falsecount="0"/>
        <line num="38" count="1" type="stmt"/>
        <line num="41" count="2" type="stmt"/>
        <line num="47" count="1" type="stmt"/>
        <line num="48" count="2" type="stmt"/>
        <line num="53" count="2" type="cond" truecount="2" falsecount="0"/>
        <line num="54" count="1" type="stmt"/>
        <line num="60" count="1" type="stmt"/>
        <line num="61" count="2" type="stmt"/>
        <line num="66" count="2" type="cond" truecount="2" falsecount="0"/>
        <line num="67" count="1" type="stmt"/>
        <line num="73" count="1" type="stmt"/>
        <line num="74" count="2" type="stmt"/>
        <line num="78" count="2" type="cond" truecount="2" falsecount="0"/>
        <line num="83" count="1" type="stmt"/>
        <line num="84" count="2" type="stmt"/>
        <line num="89" count="2" type="cond" truecount="2" falsecount="0"/>
        <line num="90" count="1" type="stmt"/>
        <line num="95" count="1" type="stmt"/>
        <line num="96" count="2" type="stmt"/>
        <line num="101" count="2" type="cond" truecount="2" falsecount="0"/>
        <line num="102" count="1" type="stmt"/>
        <line num="106" count="1" type="stmt"/>
      </file>
      <file name="analyticsService.ts" path="C:\Users\elian\OneDrive\Documentos\0-Tecnicatura Desarrollo de software\3-Tercer Año Desarrollo De Software\Practica Profesionalizante 3\software\sistema-riego-goteo-react\src\services\analyticsService.ts">
        <metrics statements="26" coveredstatements="26" conditionals="16" coveredconditionals="15" methods="4" coveredmethods="4"/>
        <line num="3" count="1" type="stmt"/>
        <line num="5" count="1" type="stmt"/>
        <line num="6" count="6" type="stmt"/>
        <line num="7" count="6" type="stmt"/>
        <line num="16" count="1" type="stmt"/>
        <line num="17" count="2" type="stmt"/>
        <line num="22" count="2" type="cond" truecount="2" falsecount="0"/>
        <line num="23" count="1" type="stmt"/>
        <line num="25" count="2" type="stmt"/>
        <line num="28" count="2" type="cond" truecount="2" falsecount="0"/>
        <line num="29" count="1" type="stmt"/>
        <line num="35" count="1" type="stmt"/>
        <line num="36" count="2" type="stmt"/>
        <line num="41" count="2" type="stmt"/>
        <line num="44" count="2" type="cond" truecount="2" falsecount="0"/>
        <line num="45" count="1" type="stmt"/>
        <line num="51" count="1" type="stmt"/>
        <line num="60" count="2" type="stmt"/>
        <line num="65" count="2" type="cond" truecount="2" falsecount="0"/>
        <line num="66" count="2" type="cond" truecount="1" falsecount="1"/>
        <line num="67" count="2" type="cond" truecount="2" falsecount="0"/>
        <line num="68" count="2" type="cond" truecount="2" falsecount="0"/>
        <line num="70" count="2" type="stmt"/>
        <line num="73" count="2" type="cond" truecount="2" falsecount="0"/>
        <line num="74" count="1" type="stmt"/>
        <line num="78" count="1" type="stmt"/>
      </file>
      <file name="apiUsers.ts" path="C:\Users\elian\OneDrive\Documentos\0-Tecnicatura Desarrollo de software\3-Tercer Año Desarrollo De Software\Practica Profesionalizante 3\software\sistema-riego-goteo-react\src\services\apiUsers.ts">
        <metrics statements="36" coveredstatements="36" conditionals="16" coveredconditionals="16" methods="6" coveredmethods="6"/>
        <line num="15" count="1" type="stmt"/>
        <line num="20" count="1" type="stmt"/>
        <line num="21" count="2" type="stmt"/>
        <line num="22" count="2" type="stmt"/>
        <line num="28" count="2" type="cond" truecount="2" falsecount="0"/>
        <line num="29" count="1" type="stmt"/>
        <line num="31" count="1" type="stmt"/>
        <line num="35" count="1" type="stmt"/>
        <line num="36" count="3" type="stmt"/>
        <line num="37" count="3" type="stmt"/>
        <line num="46" count="3" type="cond" truecount="2" falsecount="0"/>
        <line num="47" count="2" type="stmt"/>
        <line num="48" count="2" type="cond" truecount="2" falsecount="0"/>
        <line num="50" count="1" type="stmt"/>
        <line num="54" count="1" type="stmt"/>
        <line num="55" count="2" type="stmt"/>
        <line num="56" count="2" type="stmt"/>
        <line num="65" count="2" type="cond" truecount="2" falsecount="0"/>
        <line num="66" count="1" type="stmt"/>
        <line num="67" count="1" type="cond" truecount="2" falsecount="0"/>
        <line num="69" count="1" type="stmt"/>
        <line num="73" count="1" type="stmt"/>
        <line num="74" count="2" type="stmt"/>
        <line num="75" count="2" type="stmt"/>
        <line num="82" count="2" type="cond" truecount="2" falsecount="0"/>
        <line num="83" count="1" type="stmt"/>
        <line num="88" count="1" type="stmt"/>
        <line num="89" count="2" type="stmt"/>
        <line num="90" count="2" type="stmt"/>
        <line num="99" count="2" type="cond" truecount="2" falsecount="0"/>
        <line num="100" count="1" type="stmt"/>
        <line num="105" count="1" type="stmt"/>
        <line num="106" count="2" type="stmt"/>
        <line num="107" count="2" type="stmt"/>
        <line num="116" count="2" type="cond" truecount="2" falsecount="0"/>
        <line num="117" count="1" type="stmt"/>
      </file>
      <file name="auditService.ts" path="C:\Users\elian\OneDrive\Documentos\0-Tecnicatura Desarrollo de software\3-Tercer Año Desarrollo De Software\Practica Profesionalizante 3\software\sistema-riego-goteo-react\src\services\auditService.ts">
        <metrics statements="19" coveredstatements="19" conditionals="11" coveredconditionals="10" methods="3" coveredmethods="3"/>
        <line num="6" count="1" type="stmt"/>
        <line num="8" count="1" type="stmt"/>
        <line num="9" count="4" type="stmt"/>
        <line num="10" count="4" type="stmt"/>
        <line num="11" count="4" type="cond" truecount="1" falsecount="1"/>
        <line num="12" count="4" type="stmt"/>
        <line num="14" count="4" type="stmt"/>
        <line num="22" count="1" type="stmt"/>
        <line num="24" count="4" type="stmt"/>
        <line num="26" count="4" type="stmt"/>
        <line num="27" count="6" type="cond" truecount="5" falsecount="0"/>
        <line num="28" count="4" type="stmt"/>
        <line num="32" count="4" type="stmt"/>
        <line num="37" count="4" type="cond" truecount="2" falsecount="0"/>
        <line num="38" count="2" type="cond" truecount="2" falsecount="0"/>
        <line num="39" count="1" type="stmt"/>
        <line num="41" count="1" type="stmt"/>
        <line num="44" count="2" type="stmt"/>
        <line num="47" count="1" type="stmt"/>
      </file>
      <file name="authService.ts" path="C:\Users\elian\OneDrive\Documentos\0-Tecnicatura Desarrollo de software\3-Tercer Año Desarrollo De Software\Practica Profesionalizante 3\software\sistema-riego-goteo-react\src\services\authService.ts">
        <metrics statements="17" coveredstatements="17" conditionals="6" coveredconditionals="5" methods="4" coveredmethods="3"/>
        <line num="3" count="5" type="stmt"/>
        <line num="8" count="5" type="stmt"/>
        <line num="9" count="3" type="stmt"/>
        <line num="17" count="3" type="cond" truecount="2" falsecount="0"/>
        <line num="19" count="2" type="stmt"/>
        <line num="20" count="2" type="cond" truecount="2" falsecount="0"/>
        <line num="21" count="1" type="stmt"/>
        <line num="23" count="1" type="stmt"/>
        <line num="27" count="1" type="stmt"/>
        <line num="29" count="1" type="cond" truecount="1" falsecount="1"/>
        <line num="30" count="1" type="stmt"/>
        <line num="32" count="1" type="stmt"/>
        <line num="35" count="5" type="stmt"/>
        <line num="36" count="1" type="stmt"/>
        <line num="39" count="5" type="stmt"/>
        <line num="40" count="3" type="stmt"/>
        <line num="43" count="5" type="stmt"/>
      </file>
      <file name="configService.ts" path="C:\Users\elian\OneDrive\Documentos\0-Tecnicatura Desarrollo de software\3-Tercer Año Desarrollo De Software\Practica Profesionalizante 3\software\sistema-riego-goteo-react\src\services\configService.ts">
        <metrics statements="25" coveredstatements="25" conditionals="6" coveredconditionals="4" methods="27" coveredmethods="26"/>
        <line num="11" count="1" type="stmt"/>
        <line num="13" count="1" type="stmt"/>
        <line num="14" count="13" type="stmt"/>
        <line num="15" count="13" type="stmt"/>
        <line num="16" count="13" type="cond" truecount="1" falsecount="1"/>
        <line num="17" count="13" type="stmt"/>
        <line num="19" count="13" type="stmt"/>
        <line num="22" count="1" type="stmt"/>
        <line num="23" count="13" type="cond" truecount="2" falsecount="0"/>
        <line num="24" count="1" type="stmt"/>
        <line num="25" count="1" type="cond" truecount="1" falsecount="1"/>
        <line num="27" count="12" type="stmt"/>
        <line num="30" count="1" type="stmt"/>
        <line num="31" count="1" type="stmt"/>
        <line num="32" count="2" type="stmt"/>
        <line num="34" count="1" type="stmt"/>
        <line num="35" count="1" type="stmt"/>
        <line num="37" count="1" type="stmt"/>
        <line num="38" count="1" type="stmt"/>
        <line num="40" count="1" type="stmt"/>
        <line num="41" count="1" type="stmt"/>
        <line num="43" count="1" type="stmt"/>
        <line num="44" count="1" type="stmt"/>
        <line num="46" count="1" type="stmt"/>
        <line num="47" count="1" type="stmt"/>
      </file>
      <file name="dashboardService.ts" path="C:\Users\elian\OneDrive\Documentos\0-Tecnicatura Desarrollo de software\3-Tercer Año Desarrollo De Software\Practica Profesionalizante 3\software\sistema-riego-goteo-react\src\services\dashboardService.ts">
        <metrics statements="32" coveredstatements="32" conditionals="14" coveredconditionals="13" methods="6" coveredmethods="6"/>
        <line num="8" count="1" type="stmt"/>
        <line num="9" count="1" type="stmt"/>
        <line num="11" count="1" type="stmt"/>
        <line num="12" count="11" type="stmt"/>
        <line num="13" count="11" type="stmt"/>
        <line num="14" count="11" type="cond" truecount="1" falsecount="1"/>
        <line num="15" count="11" type="stmt"/>
        <line num="17" count="11" type="stmt"/>
        <line num="22" count="1" type="stmt"/>
        <line num="23" count="2" type="stmt"/>
        <line num="24" count="2" type="cond" truecount="2" falsecount="0"/>
        <line num="25" count="1" type="stmt"/>
        <line num="28" count="1" type="stmt"/>
        <line num="29" count="3" type="stmt"/>
        <line num="30" count="3" type="cond" truecount="2" falsecount="0"/>
        <line num="31" count="2" type="cond" truecount="2" falsecount="0"/>
        <line num="32" count="1" type="stmt"/>
        <line num="34" count="1" type="stmt"/>
        <line num="44" count="1" type="stmt"/>
        <line num="45" count="2" type="stmt"/>
        <line num="46" count="2" type="cond" truecount="2" falsecount="0"/>
        <line num="47" count="1" type="stmt"/>
        <line num="54" count="1" type="stmt"/>
        <line num="55" count="2" type="stmt"/>
        <line num="56" count="2" type="stmt"/>
        <line num="57" count="2" type="cond" truecount="2" falsecount="0"/>
        <line num="58" count="1" type="stmt"/>
        <line num="65" count="1" type="stmt"/>
        <line num="66" count="2" type="stmt"/>
        <line num="67" count="2" type="cond" truecount="2" falsecount="0"/>
        <line num="68" count="1" type="stmt"/>
        <line num="71" count="1" type="stmt"/>
      </file>
      <file name="farmService.ts" path="C:\Users\elian\OneDrive\Documentos\0-Tecnicatura Desarrollo de software\3-Tercer Año Desarrollo De Software\Practica Profesionalizante 3\software\sistema-riego-goteo-react\src\services\farmService.ts">
        <metrics statements="90" coveredstatements="90" conditionals="46" coveredconditionals="45" methods="22" coveredmethods="22"/>
        <line num="7" count="1" type="stmt"/>
        <line num="9" count="1" type="stmt"/>
        <line num="10" count="43" type="stmt"/>
        <line num="11" count="43" type="stmt"/>
        <line num="12" count="43" type="cond" truecount="1" falsecount="1"/>
        <line num="13" count="43" type="stmt"/>
        <line num="15" count="43" type="stmt"/>
        <line num="19" count="1" type="stmt"/>
        <line num="20" count="2" type="stmt"/>
        <line num="24" count="2" type="cond" truecount="2" falsecount="0"/>
        <line num="25" count="1" type="stmt"/>
        <line num="28" count="1" type="stmt"/>
        <line num="29" count="2" type="stmt"/>
        <line num="34" count="2" type="cond" truecount="2" falsecount="0"/>
        <line num="35" count="1" type="stmt"/>
        <line num="38" count="1" type="stmt"/>
        <line num="39" count="2" type="stmt"/>
        <line num="44" count="2" type="cond" truecount="2" falsecount="0"/>
        <line num="45" count="1" type="stmt"/>
        <line num="48" count="1" type="stmt"/>
        <line num="49" count="2" type="stmt"/>
        <line num="53" count="2" type="cond" truecount="2" falsecount="0"/>
        <line num="56" count="1" type="stmt"/>
        <line num="57" count="2" type="stmt"/>
        <line num="61" count="2" type="cond" truecount="2" falsecount="0"/>
        <line num="64" count="1" type="stmt"/>
        <line num="65" count="2" type="stmt"/>
        <line num="69" count="2" type="cond" truecount="2" falsecount="0"/>
        <line num="72" count="1" type="stmt"/>
        <line num="73" count="2" type="stmt"/>
        <line num="77" count="2" type="cond" truecount="2" falsecount="0"/>
        <line num="78" count="1" type="stmt"/>
        <line num="82" count="1" type="stmt"/>
        <line num="83" count="2" type="stmt"/>
        <line num="87" count="2" type="cond" truecount="2" falsecount="0"/>
        <line num="88" count="1" type="stmt"/>
        <line num="91" count="1" type="stmt"/>
        <line num="92" count="2" type="stmt"/>
        <line num="97" count="2" type="cond" truecount="2" falsecount="0"/>
        <line num="98" count="1" type="stmt"/>
        <line num="101" count="1" type="stmt"/>
        <line num="102" count="2" type="stmt"/>
        <line num="107" count="2" type="cond" truecount="2" falsecount="0"/>
        <line num="108" count="1" type="stmt"/>
        <line num="111" count="1" type="stmt"/>
        <line num="112" count="2" type="stmt"/>
        <line num="116" count="2" type="cond" truecount="2" falsecount="0"/>
        <line num="119" count="1" type="stmt"/>
        <line num="120" count="2" type="stmt"/>
        <line num="124" count="2" type="cond" truecount="2" falsecount="0"/>
        <line num="125" count="1" type="stmt"/>
        <line num="128" count="1" type="stmt"/>
        <line num="129" count="2" type="stmt"/>
        <line num="134" count="2" type="cond" truecount="2" falsecount="0"/>
        <line num="135" count="1" type="stmt"/>
        <line num="138" count="1" type="stmt"/>
        <line num="139" count="2" type="stmt"/>
        <line num="144" count="2" type="cond" truecount="2" falsecount="0"/>
        <line num="145" count="1" type="stmt"/>
        <line num="148" count="1" type="stmt"/>
        <line num="149" count="2" type="stmt"/>
        <line num="153" count="2" type="cond" truecount="2" falsecount="0"/>
        <line num="156" count="1" type="stmt"/>
        <line num="157" count="2" type="stmt"/>
        <line num="161" count="2" type="cond" truecount="2" falsecount="0"/>
        <line num="162" count="1" type="stmt"/>
        <line num="165" count="1" type="stmt"/>
        <line num="166" count="2" type="stmt"/>
        <line num="171" count="2" type="cond" truecount="2" falsecount="0"/>
        <line num="172" count="1" type="stmt"/>
        <line num="175" count="1" type="stmt"/>
        <line num="176" count="2" type="stmt"/>
        <line num="181" count="2" type="cond" truecount="2" falsecount="0"/>
        <line num="182" count="1" type="stmt"/>
        <line num="185" count="1" type="stmt"/>
        <line num="186" count="2" type="stmt"/>
        <line num="190" count="2" type="cond" truecount="2" falsecount="0"/>
        <line num="193" count="1" type="stmt"/>
        <line num="194" count="3" type="stmt"/>
        <line num="198" count="3" type="cond" truecount="2" falsecount="0"/>
        <line num="199" count="2" type="cond" truecount="2" falsecount="0"/>
        <line num="200" count="1" type="stmt"/>
        <line num="202" count="1" type="stmt"/>
        <line num="204" count="1" type="stmt"/>
        <line num="211" count="1" type="stmt"/>
        <line num="212" count="2" type="stmt"/>
        <line num="216" count="2" type="cond" truecount="2" falsecount="0"/>
        <line num="217" count="1" type="stmt"/>
        <line num="219" count="1" type="stmt"/>
        <line num="223" count="1" type="stmt"/>
      </file>
      <file name="fertilizationService.ts" path="C:\Users\elian\OneDrive\Documentos\0-Tecnicatura Desarrollo de software\3-Tercer Año Desarrollo De Software\Practica Profesionalizante 3\software\sistema-riego-goteo-react\src\services\fertilizationService.ts">
        <metrics statements="29" coveredstatements="29" conditionals="14" coveredconditionals="13" methods="7" coveredmethods="7"/>
        <line num="7" count="1" type="stmt"/>
        <line num="10" count="1" type="stmt"/>
        <line num="11" count="10" type="stmt"/>
        <line num="12" count="10" type="stmt"/>
        <line num="13" count="10" type="cond" truecount="1" falsecount="1"/>
        <line num="14" count="10" type="stmt"/>
        <line num="16" count="10" type="stmt"/>
        <line num="23" count="1" type="stmt"/>
        <line num="24" count="3" type="stmt"/>
        <line num="30" count="3" type="cond" truecount="2" falsecount="0"/>
        <line num="32" count="2" type="stmt"/>
        <line num="33" count="2" type="cond" truecount="2" falsecount="0"/>
        <line num="35" count="1" type="stmt"/>
        <line num="42" count="1" type="stmt"/>
        <line num="43" count="2" type="stmt"/>
        <line num="47" count="2" type="cond" truecount="2" falsecount="0"/>
        <line num="48" count="1" type="stmt"/>
        <line num="50" count="1" type="stmt"/>
        <line num="57" count="1" type="stmt"/>
        <line num="58" count="3" type="stmt"/>
        <line num="63" count="3" type="cond" truecount="2" falsecount="0"/>
        <line num="64" count="2" type="stmt"/>
        <line num="65" count="2" type="cond" truecount="2" falsecount="0"/>
        <line num="67" count="1" type="stmt"/>
        <line num="74" count="1" type="stmt"/>
        <line num="75" count="2" type="stmt"/>
        <line num="80" count="2" type="cond" truecount="2" falsecount="0"/>
        <line num="82" count="1" type="stmt"/>
        <line num="87" count="1" type="stmt"/>
      </file>
      <file name="irrigationService.ts" path="C:\Users\elian\OneDrive\Documentos\0-Tecnicatura Desarrollo de software\3-Tercer Año Desarrollo De Software\Practica Profesionalizante 3\software\sistema-riego-goteo-react\src\services\irrigationService.ts">
        <metrics statements="16" coveredstatements="16" conditionals="6" coveredconditionals="5" methods="4" coveredmethods="3"/>
        <line num="6" count="1" type="stmt"/>
        <line num="8" count="1" type="stmt"/>
        <line num="9" count="4" type="stmt"/>
        <line num="10" count="4" type="stmt"/>
        <line num="20" count="1" type="stmt"/>
        <line num="21" count="2" type="stmt"/>
        <line num="24" count="2" type="cond" truecount="2" falsecount="0"/>
        <line num="25" count="1" type="stmt"/>
        <line num="27" count="1" type="stmt"/>
        <line num="35" count="1" type="stmt"/>
        <line num="36" count="2" type="stmt"/>
        <line num="42" count="2" type="cond" truecount="2" falsecount="0"/>
        <line num="44" count="1" type="stmt"/>
        <line num="45" count="1" type="cond" truecount="1" falsecount="1"/>
        <line num="47" count="1" type="stmt"/>
        <line num="51" count="1" type="stmt"/>
      </file>
      <file name="maintenanceService.ts" path="C:\Users\elian\OneDrive\Documentos\0-Tecnicatura Desarrollo de software\3-Tercer Año Desarrollo De Software\Practica Profesionalizante 3\software\sistema-riego-goteo-react\src\services\maintenanceService.ts">
        <metrics statements="16" coveredstatements="16" conditionals="6" coveredconditionals="6" methods="4" coveredmethods="4"/>
        <line num="6" count="1" type="stmt"/>
        <line num="8" count="1" type="stmt"/>
        <line num="9" count="5" type="stmt"/>
        <line num="10" count="5" type="stmt"/>
        <line num="20" count="1" type="stmt"/>
        <line num="21" count="3" type="stmt"/>
        <line num="26" count="3" type="cond" truecount="2" falsecount="0"/>
        <line num="27" count="2" type="stmt"/>
        <line num="28" count="2" type="cond" truecount="2" falsecount="0"/>
        <line num="30" count="1" type="stmt"/>
        <line num="37" count="1" type="stmt"/>
        <line num="38" count="2" type="stmt"/>
        <line num="41" count="2" type="cond" truecount="2" falsecount="0"/>
        <line num="42" count="1" type="stmt"/>
        <line num="44" count="1" type="stmt"/>
        <line num="47" count="1" type="stmt"/>
      </file>
      <file name="notificationService.ts" path="C:\Users\elian\OneDrive\Documentos\0-Tecnicatura Desarrollo de software\3-Tercer Año Desarrollo De Software\Practica Profesionalizante 3\software\sistema-riego-goteo-react\src\services\notificationService.ts">
        <metrics statements="19" coveredstatements="19" conditionals="8" coveredconditionals="8" methods="4" coveredmethods="4"/>
        <line num="6" count="2" type="stmt"/>
        <line num="9" count="2" type="stmt"/>
        <line num="10" count="10" type="stmt"/>
        <line num="11" count="10" type="stmt"/>
        <line num="18" count="2" type="cond" truecount="2" falsecount="0"/>
        <line num="19" count="4" type="stmt"/>
        <line num="22" count="4" type="cond" truecount="2" falsecount="0"/>
        <line num="23" count="2" type="stmt"/>
        <line num="25" count="2" type="stmt"/>
        <line num="33" count="2" type="stmt"/>
        <line num="34" count="3" type="stmt"/>
        <line num="37" count="3" type="cond" truecount="2" falsecount="0"/>
        <line num="38" count="2" type="stmt"/>
        <line num="40" count="1" type="stmt"/>
        <line num="44" count="2" type="stmt"/>
        <line num="45" count="3" type="stmt"/>
        <line num="49" count="3" type="cond" truecount="2" falsecount="0"/>
        <line num="50" count="2" type="stmt"/>
        <line num="54" count="2" type="stmt"/>
      </file>
      <file name="operationLogService.ts" path="C:\Users\elian\OneDrive\Documentos\0-Tecnicatura Desarrollo de software\3-Tercer Año Desarrollo De Software\Practica Profesionalizante 3\software\sistema-riego-goteo-react\src\services\operationLogService.ts">
        <metrics statements="31" coveredstatements="31" conditionals="16" coveredconditionals="16" methods="7" coveredmethods="7"/>
        <line num="6" count="1" type="stmt"/>
        <line num="8" count="1" type="stmt"/>
        <line num="9" count="11" type="stmt"/>
        <line num="10" count="11" type="stmt"/>
        <line num="20" count="1" type="stmt"/>
        <line num="21" count="3" type="stmt"/>
        <line num="22" count="3" type="cond" truecount="2" falsecount="0"/>
        <line num="23" count="1" type="stmt"/>
        <line num="26" count="3" type="stmt"/>
        <line num="30" count="3" type="cond" truecount="2" falsecount="0"/>
        <line num="31" count="1" type="stmt"/>
        <line num="33" count="2" type="stmt"/>
        <line num="40" count="1" type="stmt"/>
        <line num="41" count="4" type="stmt"/>
        <line num="47" count="4" type="cond" truecount="2" falsecount="0"/>
        <line num="48" count="3" type="cond" truecount="2" falsecount="0"/>
        <line num="49" count="2" type="stmt"/>
        <line num="50" count="2" type="cond" truecount="2" falsecount="0"/>
        <line num="52" count="1" type="stmt"/>
        <line num="59" count="1" type="stmt"/>
        <line num="60" count="2" type="stmt"/>
        <line num="65" count="2" type="cond" truecount="2" falsecount="0"/>
        <line num="66" count="1" type="stmt"/>
        <line num="67" count="1" type="cond" truecount="2" falsecount="0"/>
        <line num="69" count="1" type="stmt"/>
        <line num="77" count="1" type="stmt"/>
        <line num="78" count="2" type="stmt"/>
        <line num="81" count="2" type="cond" truecount="2" falsecount="0"/>
        <line num="82" count="1" type="stmt"/>
        <line num="84" count="1" type="stmt"/>
        <line num="87" count="1" type="stmt"/>
      </file>
      <file name="precipitationService.ts" path="C:\Users\elian\OneDrive\Documentos\0-Tecnicatura Desarrollo de software\3-Tercer Año Desarrollo De Software\Practica Profesionalizante 3\software\sistema-riego-goteo-react\src\services\precipitationService.ts">
        <metrics statements="31" coveredstatements="31" conditionals="14" coveredconditionals="14" methods="8" coveredmethods="8"/>
        <line num="6" count="1" type="stmt"/>
        <line num="8" count="1" type="stmt"/>
        <line num="9" count="13" type="stmt"/>
        <line num="10" count="13" type="stmt"/>
        <line num="22" count="1" type="stmt"/>
        <line num="23" count="3" type="stmt"/>
        <line num="28" count="3" type="cond" truecount="2" falsecount="0"/>
        <line num="29" count="2" type="stmt"/>
        <line num="30" count="2" type="cond" truecount="2" falsecount="0"/>
        <line num="32" count="1" type="stmt"/>
        <line num="39" count="1" type="stmt"/>
        <line num="40" count="2" type="stmt"/>
        <line num="43" count="2" type="cond" truecount="2" falsecount="0"/>
        <line num="44" count="1" type="stmt"/>
        <line num="46" count="1" type="stmt"/>
        <line num="53" count="1" type="stmt"/>
        <line num="54" count="2" type="stmt"/>
        <line num="59" count="2" type="cond" truecount="2" falsecount="0"/>
        <line num="60" count="1" type="stmt"/>
        <line num="67" count="1" type="stmt"/>
        <line num="68" count="2" type="stmt"/>
        <line num="72" count="2" type="cond" truecount="2" falsecount="0"/>
        <line num="82" count="1" type="stmt"/>
        <line num="83" count="2" type="stmt"/>
        <line num="86" count="2" type="cond" truecount="2" falsecount="0"/>
        <line num="87" count="1" type="stmt"/>
        <line num="94" count="1" type="stmt"/>
        <line num="95" count="2" type="stmt"/>
        <line num="98" count="2" type="cond" truecount="2" falsecount="0"/>
        <line num="99" count="1" type="stmt"/>
        <line num="103" count="1" type="stmt"/>
      </file>
      <file name="reportService.ts" path="C:\Users\elian\OneDrive\Documentos\0-Tecnicatura Desarrollo de software\3-Tercer Año Desarrollo De Software\Practica Profesionalizante 3\software\sistema-riego-goteo-react\src\services\reportService.ts">
        <metrics statements="109" coveredstatements="59" conditionals="46" coveredconditionals="15" methods="8" coveredmethods="4"/>
        <line num="6" count="1" type="stmt"/>
        <line num="21" count="1" type="stmt"/>
        <line num="22" count="2" type="stmt"/>
        <line num="23" count="2" type="stmt"/>
        <line num="27" count="2" type="cond" truecount="2" falsecount="0"/>
        <line num="28" count="1" type="stmt"/>
        <line num="29" count="1" type="cond" truecount="1" falsecount="1"/>
        <line num="31" count="1" type="stmt"/>
        <line num="32" count="1" type="stmt"/>
        <line num="38" count="1" type="stmt"/>
        <line num="39" count="2" type="stmt"/>
        <line num="40" count="2" type="stmt"/>
        <line num="44" count="2" type="cond" truecount="2" falsecount="0"/>
        <line num="45" count="1" type="stmt"/>
        <line num="47" count="1" type="stmt"/>
        <line num="53" count="1" type="stmt"/>
        <line num="54" count="3" type="stmt"/>
        <line num="55" count="3" type="stmt"/>
        <line num="57" count="3" type="stmt"/>
        <line num="61" count="3" type="cond" truecount="2" falsecount="0"/>
        <line num="63" count="2" type="stmt"/>
        <line num="64" count="2" type="stmt"/>
        <line num="65" count="2" type="cond" truecount="2" falsecount="0"/>
        <line num="66" count="1" type="cond" truecount="1" falsecount="1"/>
        <line num="67" count="1" type="cond" truecount="1" falsecount="1"/>
        <line num="70" count="2" type="stmt"/>
        <line num="71" count="2" type="stmt"/>
        <line num="72" count="2" type="stmt"/>
        <line num="73" count="2" type="stmt"/>
        <line num="74" count="2" type="stmt"/>
        <line num="75" count="2" type="stmt"/>
        <line num="76" count="2" type="stmt"/>
        <line num="77" count="2" type="stmt"/>
        <line num="78" count="2" type="stmt"/>
        <line num="86" count="1" type="stmt"/>
        <line num="87" count="0" type="stmt"/>
        <line num="88" count="0" type="stmt"/>
        <line num="90" count="0" type="stmt"/>
        <line num="92" count="0" type="stmt"/>
        <line num="99" count="0" type="cond" truecount="0" falsecount="2"/>
        <line num="100" count="0" type="stmt"/>
        <line num="101" count="0" type="cond" truecount="0" falsecount="2"/>
        <line num="104" count="0" type="stmt"/>
        <line num="105" count="0" type="cond" truecount="0" falsecount="2"/>
        <line num="107" count="0" type="stmt"/>
        <line num="110" count="0" type="stmt"/>
        <line num="111" count="0" type="stmt"/>
        <line num="113" count="0" type="stmt"/>
        <line num="115" count="0" type="stmt"/>
        <line num="117" count="0" type="stmt"/>
        <line num="124" count="0" type="cond" truecount="0" falsecount="2"/>
        <line num="125" count="0" type="stmt"/>
        <line num="128" count="0" type="stmt"/>
        <line num="130" count="0" type="cond" truecount="0" falsecount="2"/>
        <line num="131" count="0" type="stmt"/>
        <line num="132" count="0" type="stmt"/>
        <line num="136" count="0" type="cond" truecount="0" falsecount="2"/>
        <line num="137" count="0" type="stmt"/>
        <line num="139" count="0" type="stmt"/>
        <line num="142" count="0" type="cond" truecount="0" falsecount="2"/>
        <line num="143" count="0" type="cond" truecount="0" falsecount="2"/>
        <line num="149" count="0" type="stmt"/>
        <line num="150" count="0" type="stmt"/>
        <line num="151" count="0" type="stmt"/>
        <line num="152" count="0" type="stmt"/>
        <line num="159" count="1" type="stmt"/>
        <line num="160" count="0" type="stmt"/>
        <line num="166" count="0" type="cond" truecount="0" falsecount="2"/>
        <line num="168" count="0" type="stmt"/>
        <line num="169" count="0" type="stmt"/>
        <line num="171" count="0" type="cond" truecount="0" falsecount="2"/>
        <line num="172" count="0" type="stmt"/>
        <line num="173" count="0" type="cond" truecount="0" falsecount="4"/>
        <line num="174" count="0" type="stmt"/>
        <line num="178" count="0" type="stmt"/>
        <line num="179" count="0" type="stmt"/>
        <line num="180" count="0" type="stmt"/>
        <line num="181" count="0" type="stmt"/>
        <line num="182" count="0" type="stmt"/>
        <line num="183" count="0" type="stmt"/>
        <line num="184" count="0" type="stmt"/>
        <line num="185" count="0" type="stmt"/>
        <line num="186" count="0" type="stmt"/>
        <line num="188" count="0" type="stmt"/>
        <line num="196" count="1" type="stmt"/>
        <line num="197" count="2" type="stmt"/>
        <line num="198" count="2" type="stmt"/>
        <line num="200" count="2" type="stmt"/>
        <line num="202" count="2" type="stmt"/>
        <line num="209" count="2" type="cond" truecount="2" falsecount="0"/>
        <line num="210" count="1" type="stmt"/>
        <line num="211" count="1" type="cond" truecount="1" falsecount="1"/>
        <line num="216" count="1" type="stmt"/>
        <line num="219" count="1" type="stmt"/>
        <line num="220" count="1" type="stmt"/>
        <line num="221" count="1" type="cond" truecount="1" falsecount="1"/>
        <line num="222" count="0" type="stmt"/>
        <line num="223" count="0" type="cond" truecount="0" falsecount="2"/>
        <line num="227" count="1" type="stmt"/>
        <line num="228" count="1" type="stmt"/>
        <line num="229" count="1" type="stmt"/>
        <line num="230" count="1" type="stmt"/>
        <line num="231" count="1" type="stmt"/>
        <line num="232" count="1" type="stmt"/>
        <line num="233" count="1" type="stmt"/>
        <line num="234" count="1" type="stmt"/>
        <line num="235" count="1" type="stmt"/>
        <line num="237" count="1" type="stmt"/>
        <line num="240" count="1" type="stmt"/>
      </file>
      <file name="taskService.ts" path="C:\Users\elian\OneDrive\Documentos\0-Tecnicatura Desarrollo de software\3-Tercer Año Desarrollo De Software\Practica Profesionalizante 3\software\sistema-riego-goteo-react\src\services\taskService.ts">
        <metrics statements="35" coveredstatements="35" conditionals="33" coveredconditionals="32" methods="5" coveredmethods="5"/>
        <line num="6" count="1" type="stmt"/>
        <line num="15" count="1" type="stmt"/>
        <line num="16" count="13" type="stmt"/>
        <line num="17" count="13" type="stmt"/>
        <line num="26" count="1" type="stmt"/>
        <line num="27" count="4" type="stmt"/>
        <line num="28" count="4" type="cond" truecount="2" falsecount="0"/>
        <line num="30" count="3" type="stmt"/>
        <line num="31" count="3" type="cond" truecount="4" falsecount="0"/>
        <line num="32" count="2" type="cond" truecount="4" falsecount="0"/>
        <line num="33" count="1" type="stmt"/>
        <line num="39" count="1" type="stmt"/>
        <line num="40" count="2" type="stmt"/>
        <line num="45" count="2" type="cond" truecount="2" falsecount="0"/>
        <line num="46" count="1" type="stmt"/>
        <line num="52" count="1" type="cond" truecount="1" falsecount="0"/>
        <line num="53" count="4" type="stmt"/>
        <line num="54" count="4" type="cond" truecount="4" falsecount="0"/>
        <line num="55" count="4" type="cond" truecount="4" falsecount="0"/>
        <line num="56" count="4" type="cond" truecount="4" falsecount="0"/>
        <line num="58" count="4" type="stmt"/>
        <line num="61" count="4" type="cond" truecount="2" falsecount="0"/>
        <line num="62" count="3" type="stmt"/>
        <line num="63" count="3" type="cond" truecount="2" falsecount="0"/>
        <line num="69" count="1" type="stmt"/>
        <line num="70" count="3" type="stmt"/>
        <line num="76" count="3" type="stmt"/>
        <line num="82" count="3" type="cond" truecount="2" falsecount="0"/>
        <line num="83" count="2" type="stmt"/>
        <line num="85" count="2" type="stmt"/>
        <line num="86" count="2" type="stmt"/>
        <line num="88" count="1" type="stmt"/>
        <line num="90" count="1" type="cond" truecount="1" falsecount="1"/>
        <line num="92" count="1" type="stmt"/>
        <line num="96" count="1" type="stmt"/>
      </file>
      <file name="userService.ts" path="C:\Users\elian\OneDrive\Documentos\0-Tecnicatura Desarrollo de software\3-Tercer Año Desarrollo De Software\Practica Profesionalizante 3\software\sistema-riego-goteo-react\src\services\userService.ts">
        <metrics statements="24" coveredstatements="24" conditionals="10" coveredconditionals="9" methods="4" coveredmethods="4"/>
        <line num="5" count="1" type="stmt"/>
        <line num="7" count="1" type="stmt"/>
        <line num="8" count="7" type="stmt"/>
        <line num="9" count="7" type="stmt"/>
        <line num="10" count="7" type="cond" truecount="1" falsecount="1"/>
        <line num="11" count="7" type="stmt"/>
        <line num="13" count="7" type="stmt"/>
        <line num="20" count="1" type="stmt"/>
        <line num="21" count="2" type="stmt"/>
        <line num="26" count="2" type="cond" truecount="2" falsecount="0"/>
        <line num="27" count="1" type="stmt"/>
        <line num="29" count="1" type="stmt"/>
        <line num="36" count="1" type="stmt"/>
        <line num="37" count="2" type="stmt"/>
        <line num="42" count="2" type="cond" truecount="2" falsecount="0"/>
        <line num="43" count="1" type="stmt"/>
        <line num="45" count="1" type="stmt"/>
        <line num="52" count="1" type="stmt"/>
        <line num="53" count="3" type="stmt"/>
        <line num="58" count="3" type="cond" truecount="2" falsecount="0"/>
        <line num="59" count="2" type="stmt"/>
        <line num="60" count="2" type="cond" truecount="2" falsecount="0"/>
        <line num="62" count="1" type="stmt"/>
        <line num="66" count="1" type="stmt"/>
      </file>
      <file name="weatherService.ts" path="C:\Users\elian\OneDrive\Documentos\0-Tecnicatura Desarrollo de software\3-Tercer Año Desarrollo De Software\Practica Profesionalizante 3\software\sistema-riego-goteo-react\src\services\weatherService.ts">
        <metrics statements="13" coveredstatements="13" conditionals="6" coveredconditionals="6" methods="2" coveredmethods="2"/>
        <line num="6" count="1" type="stmt"/>
        <line num="8" count="1" type="stmt"/>
        <line num="9" count="4" type="stmt"/>
        <line num="10" count="4" type="stmt"/>
        <line num="20" count="1" type="stmt"/>
        <line num="21" count="4" type="stmt"/>
        <line num="25" count="4" type="cond" truecount="2" falsecount="0"/>
        <line num="26" count="3" type="cond" truecount="2" falsecount="0"/>
        <line num="27" count="2" type="stmt"/>
        <line num="28" count="2" type="cond" truecount="2" falsecount="0"/>
        <line num="30" count="1" type="stmt"/>
        <line num="32" count="1" type="stmt"/>
        <line num="35" count="1" type="stmt"/>
      </file>
    </package>
    <package name="utils">
      <metrics statements="21" coveredstatements="13" conditionals="28" coveredconditionals="14" methods="3" coveredmethods="3"/>
      <file name="cn.ts" path="C:\Users\elian\OneDrive\Documentos\0-Tecnicatura Desarrollo de software\3-Tercer Año Desarrollo De Software\Practica Profesionalizante 3\software\sistema-riego-goteo-react\src\utils\cn.ts">
        <metrics statements="8" coveredstatements="4" conditionals="12" coveredconditionals="7" methods="2" coveredmethods="2"/>
        <line num="22" count="456" type="cond" truecount="6" falsecount="0"/>
        <line num="23" count="172" type="stmt"/>
        <line num="25" count="284" type="cond" truecount="1" falsecount="1"/>
        <line num="26" count="0" type="cond" truecount="0" falsecount="2"/>
        <line num="27" count="0" type="cond" truecount="0" falsecount="2"/>
        <line num="28" count="0" type="stmt"/>
        <line num="30" count="0" type="stmt"/>
        <line num="34" count="136" type="stmt"/>
      </file>
      <file name="notificationNavigation.ts" path="C:\Users\elian\OneDrive\Documentos\0-Tecnicatura Desarrollo de software\3-Tercer Año Desarrollo De Software\Practica Profesionalizante 3\software\sistema-riego-goteo-react\src\utils\notificationNavigation.ts">
        <metrics statements="13" coveredstatements="9" conditionals="16" coveredconditionals="7" methods="1" coveredmethods="1"/>
        <line num="3" count="2" type="stmt"/>
        <line num="11" count="2" type="stmt"/>
        <line num="15" count="3" type="stmt"/>
        <line num="16" count="3" type="cond" truecount="2" falsecount="2"/>
        <line num="17" count="0" type="stmt"/>
        <line num="20" count="3" type="stmt"/>
        <line num="21" count="3" type="cond" truecount="2" falsecount="2"/>
        <line num="22" count="0" type="stmt"/>
        <line num="25" count="3" type="cond" truecount="1" falsecount="1"/>
        <line num="26" count="0" type="cond" truecount="0" falsecount="2"/>
        <line num="29" count="3" type="cond" truecount="2" falsecount="2"/>
        <line num="30" count="0" type="stmt"/>
        <line num="33" count="3" type="stmt"/>
      </file>
    </package>
  </project>
</coverage>
