{"C:\\Users\\elian\\OneDrive\\Documentos\\0-Tecnicatura Desarrollo de software\\3-Tercer Año Desarrollo De Software\\Practica Profesionalizante 3\\software\\sistema-riego-goteo-react\\src\\components\\farms\\FarmCard.css": {"path":"C:\\Users\\elian\\OneDrive\\Documentos\\0-Tecnicatura Desarrollo de software\\3-Tercer Año Desarrollo De Software\\Practica Profesionalizante 3\\software\\sistema-riego-goteo-react\\src\\components\\farms\\FarmCard.css","statementMap":{},"fnMap":{},"branchMap":{},"s":{},"f":{},"b":{},"meta":{"lastBranch":0,"lastFunction":0,"lastStatement":0,"seen":{}}}
,"C:\\Users\\elian\\OneDrive\\Documentos\\0-Tecnicatura Desarrollo de software\\3-Tercer Año Desarrollo De Software\\Practica Profesionalizante 3\\software\\sistema-riego-goteo-react\\src\\components\\farms\\FarmCard.tsx": {"path":"C:\\Users\\elian\\OneDrive\\Documentos\\0-Tecnicatura Desarrollo de software\\3-Tercer Año Desarrollo De Software\\Practica Profesionalizante 3\\software\\sistema-riego-goteo-react\\src\\components\\farms\\FarmCard.tsx","statementMap":{"0":{"start":{"line":13,"column":42},"end":{"line":66,"column":null}},"1":{"start":{"line":14,"column":10},"end":{"line":14,"column":null}},"2":{"start":{"line":18,"column":36},"end":{"line":23,"column":null}},"3":{"start":{"line":21,"column":8},"end":{"line":21,"column":null}},"4":{"start":{"line":22,"column":8},"end":{"line":22,"column":null}},"5":{"start":{"line":25,"column":4},"end":{"line":60,"column":null}},"6":{"start":{"line":39,"column":67},"end":{"line":39,"column":null}}},"fnMap":{"0":{"name":"(anonymous_0)","decl":{"start":{"line":13,"column":42},"end":{"line":13,"column":43}},"loc":{"start":{"line":13,"column":60},"end":{"line":66,"column":null}},"line":13},"1":{"name":"(anonymous_1)","decl":{"start":{"line":18,"column":36},"end":{"line":18,"column":37}},"loc":{"start":{"line":18,"column":37},"end":{"line":23,"column":null}},"line":18},"2":{"name":"(anonymous_2)","decl":{"start":{"line":39,"column":60},"end":{"line":39,"column":61}},"loc":{"start":{"line":39,"column":67},"end":{"line":39,"column":null}},"line":39}},"branchMap":{},"s":{"0":1,"1":3,"2":3,"3":1,"4":1,"5":3,"6":0},"f":{"0":3,"1":1,"2":0},"b":{},"meta":{"lastBranch":0,"lastFunction":3,"lastStatement":7,"seen":{"s:13:42:66:Infinity":0,"f:13:42:13:43":0,"s:14:10:14:Infinity":1,"s:18:36:23:Infinity":2,"f:18:36:18:37":1,"s:21:8:21:Infinity":3,"s:22:8:22:Infinity":4,"s:25:4:60:Infinity":5,"f:39:60:39:61":2,"s:39:67:39:Infinity":6}}}
,"C:\\Users\\elian\\OneDrive\\Documentos\\0-Tecnicatura Desarrollo de software\\3-Tercer Año Desarrollo De Software\\Practica Profesionalizante 3\\software\\sistema-riego-goteo-react\\src\\components\\irrigation\\DailyIrrigationView.css": {"path":"C:\\Users\\elian\\OneDrive\\Documentos\\0-Tecnicatura Desarrollo de software\\3-Tercer Año Desarrollo De Software\\Practica Profesionalizante 3\\software\\sistema-riego-goteo-react\\src\\components\\irrigation\\DailyIrrigationView.css","statementMap":{},"fnMap":{},"branchMap":{},"s":{},"f":{},"b":{},"meta":{"lastBranch":0,"lastFunction":0,"lastStatement":0,"seen":{}}}
,"C:\\Users\\elian\\OneDrive\\Documentos\\0-Tecnicatura Desarrollo de software\\3-Tercer Año Desarrollo De Software\\Practica Profesionalizante 3\\software\\sistema-riego-goteo-react\\src\\components\\irrigation\\DailyIrrigationView.tsx": {"path":"C:\\Users\\elian\\OneDrive\\Documentos\\0-Tecnicatura Desarrollo de software\\3-Tercer Año Desarrollo De Software\\Practica Profesionalizante 3\\software\\sistema-riego-goteo-react\\src\\components\\irrigation\\DailyIrrigationView.tsx","statementMap":{"0":{"start":{"line":25,"column":23},"end":{"line":36,"column":null}},"1":{"start":{"line":26,"column":22},"end":{"line":26,"column":null}},"2":{"start":{"line":27,"column":4},"end":{"line":35,"column":null}},"3":{"start":{"line":28,"column":21},"end":{"line":28,"column":null}},"4":{"start":{"line":29,"column":23},"end":{"line":29,"column":null}},"5":{"start":{"line":30,"column":22},"end":{"line":30,"column":null}},"6":{"start":{"line":31,"column":21},"end":{"line":31,"column":null}},"7":{"start":{"line":32,"column":24},"end":{"line":32,"column":null}},"8":{"start":{"line":33,"column":29},"end":{"line":33,"column":null}},"9":{"start":{"line":34,"column":17},"end":{"line":34,"column":null}},"10":{"start":{"line":38,"column":27},"end":{"line":53,"column":null}},"11":{"start":{"line":39,"column":4},"end":{"line":39,"column":null}},"12":{"start":{"line":39,"column":19},"end":{"line":39,"column":null}},"13":{"start":{"line":40,"column":4},"end":{"line":40,"column":null}},"14":{"start":{"line":40,"column":15},"end":{"line":40,"column":null}},"15":{"start":{"line":41,"column":4},"end":{"line":51,"column":null}},"16":{"start":{"line":42,"column":28},"end":{"line":42,"column":43}},"17":{"start":{"line":43,"column":50},"end":{"line":43,"column":null}},"18":{"start":{"line":44,"column":8},"end":{"line":48,"column":null}},"19":{"start":{"line":52,"column":4},"end":{"line":52,"column":null}},"20":{"start":{"line":55,"column":28},"end":{"line":183,"column":null}},"21":{"start":{"line":57,"column":47},"end":{"line":57,"column":null}},"22":{"start":{"line":58,"column":61},"end":{"line":58,"column":null}},"23":{"start":{"line":59,"column":10},"end":{"line":59,"column":null}},"24":{"start":{"line":61,"column":4},"end":{"line":66,"column":23}},"25":{"start":{"line":63,"column":8},"end":{"line":65,"column":17}},"26":{"start":{"line":64,"column":12},"end":{"line":64,"column":null}},"27":{"start":{"line":68,"column":24},"end":{"line":68,"column":null}},"28":{"start":{"line":69,"column":22},"end":{"line":69,"column":null}},"29":{"start":{"line":69,"column":68},"end":{"line":69,"column":null}},"30":{"start":{"line":72,"column":26},"end":{"line":72,"column":null}},"31":{"start":{"line":73,"column":29},"end":{"line":73,"column":null}},"32":{"start":{"line":75,"column":4},"end":{"line":86,"column":null}},"33":{"start":{"line":77,"column":8},"end":{"line":79,"column":null}},"34":{"start":{"line":78,"column":12},"end":{"line":78,"column":null}},"35":{"start":{"line":81,"column":8},"end":{"line":85,"column":null}},"36":{"start":{"line":82,"column":12},"end":{"line":84,"column":null}},"37":{"start":{"line":83,"column":16},"end":{"line":83,"column":null}},"38":{"start":{"line":88,"column":16},"end":{"line":88,"column":null}},"39":{"start":{"line":90,"column":22},"end":{"line":90,"column":null}},"40":{"start":{"line":92,"column":4},"end":{"line":178,"column":null}},"41":{"start":{"line":96,"column":33},"end":{"line":96,"column":null}},"42":{"start":{"line":97,"column":39},"end":{"line":97,"column":114}},"43":{"start":{"line":98,"column":35},"end":{"line":98,"column":null}},"44":{"start":{"line":100,"column":38},"end":{"line":100,"column":null}},"45":{"start":{"line":102,"column":20},"end":{"line":103,"column":39}},"46":{"start":{"line":119,"column":93},"end":{"line":119,"column":132}},"47":{"start":{"line":127,"column":57},"end":{"line":127,"column":null}},"48":{"start":{"line":129,"column":57},"end":{"line":129,"column":null}},"49":{"start":{"line":129,"column":92},"end":{"line":129,"column":123}},"50":{"start":{"line":130,"column":57},"end":{"line":130,"column":76}},"51":{"start":{"line":131,"column":55},"end":{"line":131,"column":null}},"52":{"start":{"line":131,"column":90},"end":{"line":131,"column":125}},"53":{"start":{"line":133,"column":36},"end":{"line":135,"column":61}},"54":{"start":{"line":144,"column":96},"end":{"line":144,"column":146}},"55":{"start":{"line":150,"column":102},"end":{"line":150,"column":null}},"56":{"start":{"line":169,"column":35},"end":{"line":169,"column":null}},"57":{"start":{"line":178,"column":35},"end":{"line":178,"column":null}}},"fnMap":{"0":{"name":"(anonymous_0)","decl":{"start":{"line":25,"column":23},"end":{"line":25,"column":24}},"loc":{"start":{"line":25,"column":24},"end":{"line":36,"column":null}},"line":25},"1":{"name":"(anonymous_1)","decl":{"start":{"line":38,"column":27},"end":{"line":38,"column":28}},"loc":{"start":{"line":38,"column":133},"end":{"line":53,"column":null}},"line":38},"2":{"name":"(anonymous_2)","decl":{"start":{"line":55,"column":28},"end":{"line":55,"column":29}},"loc":{"start":{"line":55,"column":135},"end":{"line":183,"column":null}},"line":55},"3":{"name":"(anonymous_3)","decl":{"start":{"line":61,"column":14},"end":{"line":61,"column":null}},"loc":{"start":{"line":61,"column":14},"end":{"line":66,"column":7}},"line":61},"4":{"name":"(anonymous_4)","decl":{"start":{"line":63,"column":19},"end":{"line":63,"column":null}},"loc":{"start":{"line":63,"column":19},"end":{"line":65,"column":11}},"line":63},"5":{"name":"(anonymous_5)","decl":{"start":{"line":69,"column":58},"end":{"line":69,"column":59}},"loc":{"start":{"line":69,"column":68},"end":{"line":69,"column":null}},"line":69},"6":{"name":"(anonymous_6)","decl":{"start":{"line":75,"column":24},"end":{"line":75,"column":null}},"loc":{"start":{"line":75,"column":24},"end":{"line":86,"column":null}},"line":75},"7":{"name":"(anonymous_7)","decl":{"start":{"line":77,"column":60},"end":{"line":77,"column":61}},"loc":{"start":{"line":77,"column":75},"end":{"line":79,"column":null}},"line":77},"8":{"name":"(anonymous_8)","decl":{"start":{"line":82,"column":67},"end":{"line":82,"column":68}},"loc":{"start":{"line":82,"column":82},"end":{"line":84,"column":null}},"line":82},"9":{"name":"(anonymous_9)","decl":{"start":{"line":95,"column":31},"end":{"line":95,"column":null}},"loc":{"start":{"line":95,"column":31},"end":{"line":160,"column":null}},"line":95},"10":{"name":"(anonymous_10)","decl":{"start":{"line":119,"column":87},"end":{"line":119,"column":93}},"loc":{"start":{"line":119,"column":93},"end":{"line":119,"column":132}},"line":119},"11":{"name":"(anonymous_11)","decl":{"start":{"line":126,"column":45},"end":{"line":126,"column":null}},"loc":{"start":{"line":126,"column":45},"end":{"line":156,"column":null}},"line":126},"12":{"name":"(anonymous_12)","decl":{"start":{"line":129,"column":78},"end":{"line":129,"column":79}},"loc":{"start":{"line":129,"column":92},"end":{"line":129,"column":123}},"line":129},"13":{"name":"(anonymous_13)","decl":{"start":{"line":131,"column":76},"end":{"line":131,"column":77}},"loc":{"start":{"line":131,"column":90},"end":{"line":131,"column":125}},"line":131},"14":{"name":"(anonymous_14)","decl":{"start":{"line":144,"column":90},"end":{"line":144,"column":96}},"loc":{"start":{"line":144,"column":96},"end":{"line":144,"column":146}},"line":144},"15":{"name":"(anonymous_15)","decl":{"start":{"line":150,"column":96},"end":{"line":150,"column":102}},"loc":{"start":{"line":150,"column":102},"end":{"line":150,"column":null}},"line":150},"16":{"name":"(anonymous_16)","decl":{"start":{"line":169,"column":29},"end":{"line":169,"column":35}},"loc":{"start":{"line":169,"column":35},"end":{"line":169,"column":null}},"line":169},"17":{"name":"(anonymous_17)","decl":{"start":{"line":178,"column":29},"end":{"line":178,"column":35}},"loc":{"start":{"line":178,"column":35},"end":{"line":178,"column":null}},"line":178}},"branchMap":{"0":{"loc":{"start":{"line":27,"column":4},"end":{"line":35,"column":null}},"type":"switch","locations":[{"start":{"line":28,"column":8},"end":{"line":28,"column":null}},{"start":{"line":29,"column":8},"end":{"line":29,"column":null}},{"start":{"line":30,"column":8},"end":{"line":30,"column":null}},{"start":{"line":31,"column":8},"end":{"line":31,"column":null}},{"start":{"line":32,"column":8},"end":{"line":32,"column":null}},{"start":{"line":33,"column":8},"end":{"line":33,"column":null}},{"start":{"line":34,"column":8},"end":{"line":34,"column":null}}],"line":27},"1":{"loc":{"start":{"line":39,"column":4},"end":{"line":39,"column":null}},"type":"if","locations":[{"start":{"line":39,"column":4},"end":{"line":39,"column":null}},{"start":{},"end":{}}],"line":39},"2":{"loc":{"start":{"line":40,"column":4},"end":{"line":40,"column":null}},"type":"if","locations":[{"start":{"line":40,"column":4},"end":{"line":40,"column":null}},{"start":{},"end":{}}],"line":40},"3":{"loc":{"start":{"line":41,"column":4},"end":{"line":51,"column":null}},"type":"if","locations":[{"start":{"line":41,"column":4},"end":{"line":51,"column":null}},{"start":{},"end":{}}],"line":41},"4":{"loc":{"start":{"line":41,"column":8},"end":{"line":41,"column":39}},"type":"binary-expr","locations":[{"start":{"line":41,"column":8},"end":{"line":41,"column":22}},{"start":{"line":41,"column":22},"end":{"line":41,"column":39}}],"line":41},"5":{"loc":{"start":{"line":81,"column":8},"end":{"line":85,"column":null}},"type":"if","locations":[{"start":{"line":81,"column":8},"end":{"line":85,"column":null}},{"start":{},"end":{}}],"line":81},"6":{"loc":{"start":{"line":98,"column":35},"end":{"line":98,"column":null}},"type":"cond-expr","locations":[{"start":{"line":98,"column":54},"end":{"line":98,"column":64}},{"start":{"line":98,"column":64},"end":{"line":98,"column":null}}],"line":98},"7":{"loc":{"start":{"line":98,"column":64},"end":{"line":98,"column":null}},"type":"cond-expr","locations":[{"start":{"line":98,"column":105},"end":{"line":98,"column":115}},{"start":{"line":98,"column":115},"end":{"line":98,"column":null}}],"line":98},"8":{"loc":{"start":{"line":100,"column":38},"end":{"line":100,"column":null}},"type":"binary-expr","locations":[{"start":{"line":100,"column":38},"end":{"line":100,"column":75}},{"start":{"line":100,"column":75},"end":{"line":100,"column":null}}],"line":100},"9":{"loc":{"start":{"line":103,"column":79},"end":{"line":103,"column":null}},"type":"cond-expr","locations":[{"start":{"line":103,"column":102},"end":{"line":103,"column":113}},{"start":{"line":103,"column":113},"end":{"line":103,"column":null}}],"line":103},"10":{"loc":{"start":{"line":111,"column":37},"end":{"line":114,"column":null}},"type":"binary-expr","locations":[{"start":{"line":111,"column":37},"end":{"line":111,"column":null}},{"start":{"line":111,"column":49},"end":{"line":114,"column":null}}],"line":111},"11":{"loc":{"start":{"line":117,"column":37},"end":{"line":117,"column":null}},"type":"binary-expr","locations":[{"start":{"line":117,"column":37},"end":{"line":117,"column":61}},{"start":{"line":117,"column":50},"end":{"line":117,"column":null}}],"line":117},"12":{"loc":{"start":{"line":129,"column":57},"end":{"line":129,"column":null}},"type":"binary-expr","locations":[{"start":{"line":129,"column":57},"end":{"line":129,"column":129}},{"start":{"line":129,"column":129},"end":{"line":129,"column":null}}],"line":129},"13":{"loc":{"start":{"line":129,"column":99},"end":{"line":129,"column":123}},"type":"binary-expr","locations":[{"start":{"line":129,"column":99},"end":{"line":129,"column":119}},{"start":{"line":129,"column":119},"end":{"line":129,"column":123}}],"line":129},"14":{"loc":{"start":{"line":131,"column":55},"end":{"line":131,"column":null}},"type":"binary-expr","locations":[{"start":{"line":131,"column":55},"end":{"line":131,"column":131}},{"start":{"line":131,"column":131},"end":{"line":131,"column":null}}],"line":131},"15":{"loc":{"start":{"line":131,"column":97},"end":{"line":131,"column":125}},"type":"binary-expr","locations":[{"start":{"line":131,"column":97},"end":{"line":131,"column":121}},{"start":{"line":131,"column":121},"end":{"line":131,"column":125}}],"line":131},"16":{"loc":{"start":{"line":138,"column":45},"end":{"line":151,"column":null}},"type":"cond-expr","locations":[{"start":{"line":138,"column":60},"end":{"line":149,"column":75}},{"start":{"line":149,"column":75},"end":{"line":151,"column":null}}],"line":138},"17":{"loc":{"start":{"line":164,"column":13},"end":{"line":169,"column":null}},"type":"binary-expr","locations":[{"start":{"line":164,"column":13},"end":{"line":164,"column":null}},{"start":{"line":164,"column":13},"end":{"line":169,"column":null}}],"line":164},"18":{"loc":{"start":{"line":174,"column":13},"end":{"line":178,"column":null}},"type":"binary-expr","locations":[{"start":{"line":174,"column":13},"end":{"line":174,"column":null}},{"start":{"line":174,"column":13},"end":{"line":178,"column":null}}],"line":174}},"s":{"0":1,"1":0,"2":0,"3":0,"4":0,"5":0,"6":0,"7":0,"8":0,"9":0,"10":1,"11":0,"12":0,"13":0,"14":0,"15":0,"16":0,"17":0,"18":0,"19":0,"20":1,"21":7,"22":7,"23":7,"24":7,"25":5,"26":5,"27":7,"28":7,"29":217,"30":7,"31":7,"32":7,"33":6,"34":6,"35":6,"36":6,"37":6,"38":7,"39":7,"40":7,"41":217,"42":217,"43":217,"44":217,"45":217,"46":1,"47":217,"48":217,"49":6,"50":217,"51":217,"52":6,"53":217,"54":1,"55":0,"56":0,"57":0},"f":{"0":0,"1":0,"2":7,"3":5,"4":5,"5":217,"6":6,"7":6,"8":6,"9":217,"10":1,"11":217,"12":6,"13":6,"14":1,"15":0,"16":0,"17":0},"b":{"0":[0,0,0,0,0,0,0],"1":[0,0],"2":[0,0],"3":[0,0],"4":[0,0],"5":[6,0],"6":[217,0],"7":[0,0],"8":[217,211],"9":[0,217],"10":[217,6],"11":[217,0],"12":[217,211],"13":[6,0],"14":[217,211],"15":[6,0],"16":[6,211],"17":[7,1],"18":[7,1]},"meta":{"lastBranch":19,"lastFunction":18,"lastStatement":58,"seen":{"s:25:23:36:Infinity":0,"f:25:23:25:24":0,"s:26:22:26:Infinity":1,"b:28:8:28:Infinity:29:8:29:Infinity:30:8:30:Infinity:31:8:31:Infinity:32:8:32:Infinity:33:8:33:Infinity:34:8:34:Infinity":0,"s:27:4:35:Infinity":2,"s:28:21:28:Infinity":3,"s:29:23:29:Infinity":4,"s:30:22:30:Infinity":5,"s:31:21:31:Infinity":6,"s:32:24:32:Infinity":7,"s:33:29:33:Infinity":8,"s:34:17:34:Infinity":9,"s:38:27:53:Infinity":10,"f:38:27:38:28":1,"b:39:4:39:Infinity:undefined:undefined:undefined:undefined":1,"s:39:4:39:Infinity":11,"s:39:19:39:Infinity":12,"b:40:4:40:Infinity:undefined:undefined:undefined:undefined":2,"s:40:4:40:Infinity":13,"s:40:15:40:Infinity":14,"b:41:4:51:Infinity:undefined:undefined:undefined:undefined":3,"s:41:4:51:Infinity":15,"b:41:8:41:22:41:22:41:39":4,"s:42:28:42:43":16,"s:43:50:43:Infinity":17,"s:44:8:48:Infinity":18,"s:52:4:52:Infinity":19,"s:55:28:183:Infinity":20,"f:55:28:55:29":2,"s:57:47:57:Infinity":21,"s:58:61:58:Infinity":22,"s:59:10:59:Infinity":23,"s:61:4:66:23":24,"f:61:14:61:Infinity":3,"s:63:8:65:17":25,"f:63:19:63:Infinity":4,"s:64:12:64:Infinity":26,"s:68:24:68:Infinity":27,"s:69:22:69:Infinity":28,"f:69:58:69:59":5,"s:69:68:69:Infinity":29,"s:72:26:72:Infinity":30,"s:73:29:73:Infinity":31,"s:75:4:86:Infinity":32,"f:75:24:75:Infinity":6,"s:77:8:79:Infinity":33,"f:77:60:77:61":7,"s:78:12:78:Infinity":34,"b:81:8:85:Infinity:undefined:undefined:undefined:undefined":5,"s:81:8:85:Infinity":35,"s:82:12:84:Infinity":36,"f:82:67:82:68":8,"s:83:16:83:Infinity":37,"s:88:16:88:Infinity":38,"s:90:22:90:Infinity":39,"s:92:4:178:Infinity":40,"f:95:31:95:Infinity":9,"s:96:33:96:Infinity":41,"s:97:39:97:114":42,"s:98:35:98:Infinity":43,"b:98:54:98:64:98:64:98:Infinity":6,"b:98:105:98:115:98:115:98:Infinity":7,"s:100:38:100:Infinity":44,"b:100:38:100:75:100:75:100:Infinity":8,"s:102:20:103:39":45,"b:103:102:103:113:103:113:103:Infinity":9,"b:111:37:111:Infinity:111:49:114:Infinity":10,"b:117:37:117:61:117:50:117:Infinity":11,"f:119:87:119:93":10,"s:119:93:119:132":46,"f:126:45:126:Infinity":11,"s:127:57:127:Infinity":47,"s:129:57:129:Infinity":48,"b:129:57:129:129:129:129:129:Infinity":12,"f:129:78:129:79":12,"s:129:92:129:123":49,"b:129:99:129:119:129:119:129:123":13,"s:130:57:130:76":50,"s:131:55:131:Infinity":51,"b:131:55:131:131:131:131:131:Infinity":14,"f:131:76:131:77":13,"s:131:90:131:125":52,"b:131:97:131:121:131:121:131:125":15,"s:133:36:135:61":53,"b:138:60:149:75:149:75:151:Infinity":16,"f:144:90:144:96":14,"s:144:96:144:146":54,"f:150:96:150:102":15,"s:150:102:150:Infinity":55,"b:164:13:164:Infinity:164:13:169:Infinity":17,"f:169:29:169:35":16,"s:169:35:169:Infinity":56,"b:174:13:174:Infinity:174:13:178:Infinity":18,"f:178:29:178:35":17,"s:178:35:178:Infinity":57}}}
,"C:\\Users\\elian\\OneDrive\\Documentos\\0-Tecnicatura Desarrollo de software\\3-Tercer Año Desarrollo De Software\\Practica Profesionalizante 3\\software\\sistema-riego-goteo-react\\src\\components\\irrigation\\IrrigationForm.tsx": {"path":"C:\\Users\\elian\\OneDrive\\Documentos\\0-Tecnicatura Desarrollo de software\\3-Tercer Año Desarrollo De Software\\Practica Profesionalizante 3\\software\\sistema-riego-goteo-react\\src\\components\\irrigation\\IrrigationForm.tsx","statementMap":{"0":{"start":{"line":20,"column":23},"end":{"line":153,"column":null}},"1":{"start":{"line":21,"column":10},"end":{"line":21,"column":null}},"2":{"start":{"line":23,"column":68},"end":{"line":26,"column":null}},"3":{"start":{"line":25,"column":23},"end":{"line":25,"column":null}},"4":{"start":{"line":28,"column":35},"end":{"line":28,"column":null}},"5":{"start":{"line":29,"column":47},"end":{"line":29,"column":null}},"6":{"start":{"line":31,"column":39},"end":{"line":31,"column":57}},"7":{"start":{"line":32,"column":55},"end":{"line":32,"column":null}},"8":{"start":{"line":34,"column":4},"end":{"line":38,"column":null}},"9":{"start":{"line":35,"column":8},"end":{"line":37,"column":null}},"10":{"start":{"line":36,"column":12},"end":{"line":36,"column":null}},"11":{"start":{"line":40,"column":40},"end":{"line":62,"column":null}},"12":{"start":{"line":42,"column":22},"end":{"line":42,"column":null}},"13":{"start":{"line":43,"column":8},"end":{"line":45,"column":null}},"14":{"start":{"line":44,"column":12},"end":{"line":44,"column":null}},"15":{"start":{"line":47,"column":22},"end":{"line":47,"column":null}},"16":{"start":{"line":48,"column":35},"end":{"line":48,"column":60}},"17":{"start":{"line":50,"column":20},"end":{"line":50,"column":null}},"18":{"start":{"line":51,"column":33},"end":{"line":56,"column":null}},"19":{"start":{"line":58,"column":8},"end":{"line":61,"column":null}},"20":{"start":{"line":64,"column":10},"end":{"line":72,"column":null}},"21":{"start":{"line":67,"column":12},"end":{"line":67,"column":null}},"22":{"start":{"line":68,"column":12},"end":{"line":68,"column":null}},"23":{"start":{"line":69,"column":12},"end":{"line":69,"column":null}},"24":{"start":{"line":71,"column":33},"end":{"line":71,"column":null}},"25":{"start":{"line":74,"column":32},"end":{"line":85,"column":null}},"26":{"start":{"line":75,"column":32},"end":{"line":75,"column":40}},"27":{"start":{"line":76,"column":28},"end":{"line":76,"column":null}},"28":{"start":{"line":78,"column":8},"end":{"line":84,"column":null}},"29":{"start":{"line":79,"column":12},"end":{"line":83,"column":null}},"30":{"start":{"line":80,"column":16},"end":{"line":80,"column":null}},"31":{"start":{"line":81,"column":19},"end":{"line":83,"column":null}},"32":{"start":{"line":82,"column":16},"end":{"line":82,"column":null}},"33":{"start":{"line":87,"column":25},"end":{"line":104,"column":null}},"34":{"start":{"line":88,"column":8},"end":{"line":88,"column":null}},"35":{"start":{"line":89,"column":8},"end":{"line":92,"column":null}},"36":{"start":{"line":90,"column":12},"end":{"line":90,"column":null}},"37":{"start":{"line":91,"column":12},"end":{"line":91,"column":null}},"38":{"start":{"line":94,"column":47},"end":{"line":102,"column":null}},"39":{"start":{"line":103,"column":8},"end":{"line":103,"column":null}},"40":{"start":{"line":106,"column":4},"end":{"line":147,"column":null}},"41":{"start":{"line":114,"column":114},"end":{"line":114,"column":144}},"42":{"start":{"line":125,"column":121},"end":{"line":125,"column":161}},"43":{"start":{"line":127,"column":54},"end":{"line":128,"column":60}}},"fnMap":{"0":{"name":"(anonymous_0)","decl":{"start":{"line":20,"column":23},"end":{"line":20,"column":24}},"loc":{"start":{"line":20,"column":78},"end":{"line":153,"column":null}},"line":20},"1":{"name":"(anonymous_1)","decl":{"start":{"line":25,"column":17},"end":{"line":25,"column":23}},"loc":{"start":{"line":25,"column":23},"end":{"line":25,"column":null}},"line":25},"2":{"name":"(anonymous_2)","decl":{"start":{"line":34,"column":14},"end":{"line":34,"column":null}},"loc":{"start":{"line":34,"column":14},"end":{"line":38,"column":7}},"line":34},"3":{"name":"(anonymous_3)","decl":{"start":{"line":40,"column":51},"end":{"line":40,"column":null}},"loc":{"start":{"line":40,"column":51},"end":{"line":62,"column":7}},"line":40},"4":{"name":"(anonymous_4)","decl":{"start":{"line":66,"column":19},"end":{"line":66,"column":null}},"loc":{"start":{"line":66,"column":19},"end":{"line":70,"column":null}},"line":66},"5":{"name":"(anonymous_5)","decl":{"start":{"line":71,"column":17},"end":{"line":71,"column":18}},"loc":{"start":{"line":71,"column":33},"end":{"line":71,"column":null}},"line":71},"6":{"name":"(anonymous_6)","decl":{"start":{"line":74,"column":32},"end":{"line":74,"column":33}},"loc":{"start":{"line":74,"column":33},"end":{"line":85,"column":null}},"line":74},"7":{"name":"(anonymous_7)","decl":{"start":{"line":87,"column":25},"end":{"line":87,"column":26}},"loc":{"start":{"line":87,"column":26},"end":{"line":104,"column":null}},"line":87},"8":{"name":"(anonymous_8)","decl":{"start":{"line":114,"column":107},"end":{"line":114,"column":108}},"loc":{"start":{"line":114,"column":114},"end":{"line":114,"column":144}},"line":114},"9":{"name":"(anonymous_9)","decl":{"start":{"line":125,"column":114},"end":{"line":125,"column":115}},"loc":{"start":{"line":125,"column":121},"end":{"line":125,"column":161}},"line":125},"10":{"name":"(anonymous_10)","decl":{"start":{"line":127,"column":54},"end":{"line":127,"column":null}},"loc":{"start":{"line":127,"column":54},"end":{"line":128,"column":60}},"line":127}},"branchMap":{"0":{"loc":{"start":{"line":23,"column":18},"end":{"line":23,"column":35}},"type":"default-arg","locations":[{"start":{"line":23,"column":33},"end":{"line":23,"column":35}}],"line":23},"1":{"loc":{"start":{"line":32,"column":75},"end":{"line":32,"column":null}},"type":"binary-expr","locations":[{"start":{"line":32,"column":75},"end":{"line":32,"column":109}},{"start":{"line":32,"column":109},"end":{"line":32,"column":null}}],"line":32},"2":{"loc":{"start":{"line":35,"column":8},"end":{"line":37,"column":null}},"type":"if","locations":[{"start":{"line":35,"column":8},"end":{"line":37,"column":null}},{"start":{},"end":{}}],"line":35},"3":{"loc":{"start":{"line":43,"column":8},"end":{"line":45,"column":null}},"type":"if","locations":[{"start":{"line":43,"column":8},"end":{"line":45,"column":null}},{"start":{},"end":{}}],"line":43},"4":{"loc":{"start":{"line":43,"column":12},"end":{"line":43,"column":57}},"type":"binary-expr","locations":[{"start":{"line":43,"column":12},"end":{"line":43,"column":21}},{"start":{"line":43,"column":21},"end":{"line":43,"column":35}},{"start":{"line":43,"column":35},"end":{"line":43,"column":45}},{"start":{"line":43,"column":45},"end":{"line":43,"column":57}}],"line":43},"5":{"loc":{"start":{"line":78,"column":8},"end":{"line":84,"column":null}},"type":"if","locations":[{"start":{"line":78,"column":8},"end":{"line":84,"column":null}},{"start":{},"end":{}}],"line":78},"6":{"loc":{"start":{"line":79,"column":12},"end":{"line":83,"column":null}},"type":"if","locations":[{"start":{"line":79,"column":12},"end":{"line":83,"column":null}},{"start":{"line":81,"column":19},"end":{"line":83,"column":null}}],"line":79},"7":{"loc":{"start":{"line":81,"column":19},"end":{"line":83,"column":null}},"type":"if","locations":[{"start":{"line":81,"column":19},"end":{"line":83,"column":null}},{"start":{},"end":{}}],"line":81},"8":{"loc":{"start":{"line":89,"column":8},"end":{"line":92,"column":null}},"type":"if","locations":[{"start":{"line":89,"column":8},"end":{"line":92,"column":null}},{"start":{},"end":{}}],"line":89},"9":{"loc":{"start":{"line":89,"column":12},"end":{"line":89,"column":68}},"type":"binary-expr","locations":[{"start":{"line":89,"column":12},"end":{"line":89,"column":30}},{"start":{"line":89,"column":30},"end":{"line":89,"column":46}},{"start":{"line":89,"column":46},"end":{"line":89,"column":68}}],"line":89},"10":{"loc":{"start":{"line":98,"column":25},"end":{"line":98,"column":null}},"type":"binary-expr","locations":[{"start":{"line":98,"column":25},"end":{"line":98,"column":52}},{"start":{"line":98,"column":52},"end":{"line":98,"column":null}}],"line":98},"11":{"loc":{"start":{"line":99,"column":29},"end":{"line":99,"column":null}},"type":"binary-expr","locations":[{"start":{"line":99,"column":29},"end":{"line":99,"column":60}},{"start":{"line":99,"column":60},"end":{"line":99,"column":null}}],"line":99},"12":{"loc":{"start":{"line":122,"column":29},"end":{"line":128,"column":60}},"type":"cond-expr","locations":[{"start":{"line":122,"column":47},"end":{"line":125,"column":33}},{"start":{"line":125,"column":32},"end":{"line":128,"column":60}}],"line":122},"13":{"loc":{"start":{"line":123,"column":58},"end":{"line":123,"column":116}},"type":"binary-expr","locations":[{"start":{"line":123,"column":58},"end":{"line":123,"column":78}},{"start":{"line":123,"column":82},"end":{"line":123,"column":116}}],"line":123},"14":{"loc":{"start":{"line":126,"column":54},"end":{"line":126,"column":null}},"type":"cond-expr","locations":[{"start":{"line":126,"column":75},"end":{"line":126,"column":91}},{"start":{"line":126,"column":91},"end":{"line":126,"column":null}}],"line":126},"15":{"loc":{"start":{"line":142,"column":50},"end":{"line":142,"column":116}},"type":"cond-expr","locations":[{"start":{"line":142,"column":64},"end":{"line":142,"column":112}},{"start":{"line":142,"column":112},"end":{"line":142,"column":116}}],"line":142},"16":{"loc":{"start":{"line":146,"column":77},"end":{"line":146,"column":null}},"type":"binary-expr","locations":[{"start":{"line":146,"column":77},"end":{"line":146,"column":95}},{"start":{"line":146,"column":99},"end":{"line":146,"column":115}},{"start":{"line":146,"column":115},"end":{"line":146,"column":null}}],"line":146},"17":{"loc":{"start":{"line":147,"column":29},"end":{"line":147,"column":null}},"type":"cond-expr","locations":[{"start":{"line":147,"column":50},"end":{"line":147,"column":67}},{"start":{"line":147,"column":67},"end":{"line":147,"column":null}}],"line":147}},"s":{"0":1,"1":14,"2":14,"3":6,"4":14,"5":14,"6":14,"7":14,"8":14,"9":6,"10":5,"11":14,"12":7,"13":7,"14":1,"15":6,"16":6,"17":6,"18":6,"19":6,"20":14,"21":1,"22":1,"23":1,"24":1,"25":14,"26":1,"27":1,"28":1,"29":1,"30":1,"31":0,"32":0,"33":14,"34":2,"35":2,"36":0,"37":0,"38":2,"39":2,"40":14,"41":0,"42":1,"43":2},"f":{"0":14,"1":6,"2":6,"3":7,"4":1,"5":1,"6":1,"7":2,"8":0,"9":1,"10":2},"b":{"0":[14],"1":[14,3],"2":[5,1],"3":[1,6],"4":[7,6,6,6],"5":[1,0],"6":[1,0],"7":[0,0],"8":[0,2],"9":[2,2,2],"10":[2,0],"11":[2,0],"12":[11,3],"13":[11,0],"14":[0,3],"15":[13,1],"16":[14,14,13],"17":[0,14]},"meta":{"lastBranch":18,"lastFunction":11,"lastStatement":44,"seen":{"s:20:23:153:Infinity":0,"f:20:23:20:24":0,"s:21:10:21:Infinity":1,"s:23:68:26:Infinity":2,"b:23:33:23:35":0,"f:25:17:25:23":1,"s:25:23:25:Infinity":3,"s:28:35:28:Infinity":4,"s:29:47:29:Infinity":5,"s:31:39:31:57":6,"s:32:55:32:Infinity":7,"b:32:75:32:109:32:109:32:Infinity":1,"s:34:4:38:Infinity":8,"f:34:14:34:Infinity":2,"b:35:8:37:Infinity:undefined:undefined:undefined:undefined":2,"s:35:8:37:Infinity":9,"s:36:12:36:Infinity":10,"s:40:40:62:Infinity":11,"f:40:51:40:Infinity":3,"s:42:22:42:Infinity":12,"b:43:8:45:Infinity:undefined:undefined:undefined:undefined":3,"s:43:8:45:Infinity":13,"b:43:12:43:21:43:21:43:35:43:35:43:45:43:45:43:57":4,"s:44:12:44:Infinity":14,"s:47:22:47:Infinity":15,"s:48:35:48:60":16,"s:50:20:50:Infinity":17,"s:51:33:56:Infinity":18,"s:58:8:61:Infinity":19,"s:64:10:72:Infinity":20,"f:66:19:66:Infinity":4,"s:67:12:67:Infinity":21,"s:68:12:68:Infinity":22,"s:69:12:69:Infinity":23,"f:71:17:71:18":5,"s:71:33:71:Infinity":24,"s:74:32:85:Infinity":25,"f:74:32:74:33":6,"s:75:32:75:40":26,"s:76:28:76:Infinity":27,"b:78:8:84:Infinity:undefined:undefined:undefined:undefined":5,"s:78:8:84:Infinity":28,"b:79:12:83:Infinity:81:19:83:Infinity":6,"s:79:12:83:Infinity":29,"s:80:16:80:Infinity":30,"b:81:19:83:Infinity:undefined:undefined:undefined:undefined":7,"s:81:19:83:Infinity":31,"s:82:16:82:Infinity":32,"s:87:25:104:Infinity":33,"f:87:25:87:26":7,"s:88:8:88:Infinity":34,"b:89:8:92:Infinity:undefined:undefined:undefined:undefined":8,"s:89:8:92:Infinity":35,"b:89:12:89:30:89:30:89:46:89:46:89:68":9,"s:90:12:90:Infinity":36,"s:91:12:91:Infinity":37,"s:94:47:102:Infinity":38,"b:98:25:98:52:98:52:98:Infinity":10,"b:99:29:99:60:99:60:99:Infinity":11,"s:103:8:103:Infinity":39,"s:106:4:147:Infinity":40,"f:114:107:114:108":8,"s:114:114:114:144":41,"b:122:47:125:33:125:32:128:60":12,"b:123:58:123:78:123:82:123:116":13,"f:125:114:125:115":9,"s:125:121:125:161":42,"b:126:75:126:91:126:91:126:Infinity":14,"f:127:54:127:Infinity":10,"s:127:54:128:60":43,"b:142:64:142:112:142:112:142:116":15,"b:146:77:146:95:146:99:146:115:146:115:146:Infinity":16,"b:147:50:147:67:147:67:147:Infinity":17}}}
,"C:\\Users\\elian\\OneDrive\\Documentos\\0-Tecnicatura Desarrollo de software\\3-Tercer Año Desarrollo De Software\\Practica Profesionalizante 3\\software\\sistema-riego-goteo-react\\src\\components\\layout\\AdminLayout.css": {"path":"C:\\Users\\elian\\OneDrive\\Documentos\\0-Tecnicatura Desarrollo de software\\3-Tercer Año Desarrollo De Software\\Practica Profesionalizante 3\\software\\sistema-riego-goteo-react\\src\\components\\layout\\AdminLayout.css","statementMap":{},"fnMap":{},"branchMap":{},"s":{},"f":{},"b":{},"meta":{"lastBranch":0,"lastFunction":0,"lastStatement":0,"seen":{}}}
,"C:\\Users\\elian\\OneDrive\\Documentos\\0-Tecnicatura Desarrollo de software\\3-Tercer Año Desarrollo De Software\\Practica Profesionalizante 3\\software\\sistema-riego-goteo-react\\src\\components\\layout\\AdminLayout.tsx": {"path":"C:\\Users\\elian\\OneDrive\\Documentos\\0-Tecnicatura Desarrollo de software\\3-Tercer Año Desarrollo De Software\\Practica Profesionalizante 3\\software\\sistema-riego-goteo-react\\src\\components\\layout\\AdminLayout.tsx","statementMap":{"0":{"start":{"line":13,"column":20},"end":{"line":67,"column":null}},"1":{"start":{"line":14,"column":10},"end":{"line":14,"column":null}},"2":{"start":{"line":15,"column":49},"end":{"line":15,"column":null}},"3":{"start":{"line":16,"column":10},"end":{"line":16,"column":null}},"4":{"start":{"line":18,"column":26},"end":{"line":20,"column":null}},"5":{"start":{"line":19,"column":8},"end":{"line":19,"column":null}},"6":{"start":{"line":22,"column":21},"end":{"line":22,"column":null}},"7":{"start":{"line":23,"column":10},"end":{"line":23,"column":null}},"8":{"start":{"line":25,"column":4},"end":{"line":62,"column":null}},"9":{"start":{"line":35,"column":41},"end":{"line":37,"column":59}},"10":{"start":{"line":38,"column":37},"end":{"line":38,"column":46}},"11":{"start":{"line":39,"column":24},"end":{"line":40,"column":48}}},"fnMap":{"0":{"name":"(anonymous_0)","decl":{"start":{"line":13,"column":20},"end":{"line":13,"column":null}},"loc":{"start":{"line":13,"column":20},"end":{"line":67,"column":null}},"line":13},"1":{"name":"(anonymous_1)","decl":{"start":{"line":18,"column":26},"end":{"line":18,"column":null}},"loc":{"start":{"line":18,"column":26},"end":{"line":20,"column":null}},"line":18},"2":{"name":"(anonymous_2)","decl":{"start":{"line":34,"column":34},"end":{"line":34,"column":null}},"loc":{"start":{"line":34,"column":34},"end":{"line":44,"column":null}},"line":34}},"branchMap":{"0":{"loc":{"start":{"line":26,"column":40},"end":{"line":26,"column":83}},"type":"cond-expr","locations":[{"start":{"line":26,"column":59},"end":{"line":26,"column":79}},{"start":{"line":26,"column":79},"end":{"line":26,"column":83}}],"line":26},"1":{"loc":{"start":{"line":27,"column":13},"end":{"line":27,"column":null}},"type":"binary-expr","locations":[{"start":{"line":27,"column":13},"end":{"line":27,"column":33}},{"start":{"line":27,"column":13},"end":{"line":27,"column":null}}],"line":27},"2":{"loc":{"start":{"line":35,"column":41},"end":{"line":37,"column":59}},"type":"cond-expr","locations":[{"start":{"line":36,"column":30},"end":{"line":36,"column":null}},{"start":{"line":37,"column":30},"end":{"line":37,"column":59}}],"line":35},"3":{"loc":{"start":{"line":40,"column":72},"end":{"line":40,"column":null}},"type":"cond-expr","locations":[{"start":{"line":40,"column":83},"end":{"line":40,"column":94}},{"start":{"line":40,"column":94},"end":{"line":40,"column":null}}],"line":40}},"s":{"0":1,"1":4,"2":4,"3":4,"4":4,"5":2,"6":4,"7":4,"8":4,"9":24,"10":24,"11":24},"f":{"0":4,"1":2,"2":24},"b":{"0":[1,3],"1":[4,1],"2":[4,20],"3":[0,24]},"meta":{"lastBranch":4,"lastFunction":3,"lastStatement":12,"seen":{"s:13:20:67:Infinity":0,"f:13:20:13:Infinity":0,"s:14:10:14:Infinity":1,"s:15:49:15:Infinity":2,"s:16:10:16:Infinity":3,"s:18:26:20:Infinity":4,"f:18:26:18:Infinity":1,"s:19:8:19:Infinity":5,"s:22:21:22:Infinity":6,"s:23:10:23:Infinity":7,"s:25:4:62:Infinity":8,"b:26:59:26:79:26:79:26:83":0,"b:27:13:27:33:27:13:27:Infinity":1,"f:34:34:34:Infinity":2,"s:35:41:37:59":9,"b:36:30:36:Infinity:37:30:37:59":2,"s:38:37:38:46":10,"s:39:24:40:48":11,"b:40:83:40:94:40:94:40:Infinity":3}}}
,"C:\\Users\\elian\\OneDrive\\Documentos\\0-Tecnicatura Desarrollo de software\\3-Tercer Año Desarrollo De Software\\Practica Profesionalizante 3\\software\\sistema-riego-goteo-react\\src\\components\\layout\\NotificationBell.css": {"path":"C:\\Users\\elian\\OneDrive\\Documentos\\0-Tecnicatura Desarrollo de software\\3-Tercer Año Desarrollo De Software\\Practica Profesionalizante 3\\software\\sistema-riego-goteo-react\\src\\components\\layout\\NotificationBell.css","statementMap":{},"fnMap":{},"branchMap":{},"s":{},"f":{},"b":{},"meta":{"lastBranch":0,"lastFunction":0,"lastStatement":0,"seen":{}}}
,"C:\\Users\\elian\\OneDrive\\Documentos\\0-Tecnicatura Desarrollo de software\\3-Tercer Año Desarrollo De Software\\Practica Profesionalizante 3\\software\\sistema-riego-goteo-react\\src\\components\\layout\\NotificationBell.tsx": {"path":"C:\\Users\\elian\\OneDrive\\Documentos\\0-Tecnicatura Desarrollo de software\\3-Tercer Año Desarrollo De Software\\Practica Profesionalizante 3\\software\\sistema-riego-goteo-react\\src\\components\\layout\\NotificationBell.tsx","statementMap":{"0":{"start":{"line":13,"column":16},"end":{"line":27,"column":null}},"1":{"start":{"line":14,"column":17},"end":{"line":14,"column":null}},"2":{"start":{"line":15,"column":20},"end":{"line":15,"column":null}},"3":{"start":{"line":16,"column":19},"end":{"line":16,"column":null}},"4":{"start":{"line":17,"column":4},"end":{"line":17,"column":null}},"5":{"start":{"line":17,"column":22},"end":{"line":17,"column":null}},"6":{"start":{"line":18,"column":4},"end":{"line":18,"column":null}},"7":{"start":{"line":19,"column":4},"end":{"line":19,"column":null}},"8":{"start":{"line":19,"column":22},"end":{"line":19,"column":null}},"9":{"start":{"line":20,"column":4},"end":{"line":20,"column":null}},"10":{"start":{"line":21,"column":4},"end":{"line":21,"column":null}},"11":{"start":{"line":21,"column":22},"end":{"line":21,"column":null}},"12":{"start":{"line":22,"column":4},"end":{"line":22,"column":null}},"13":{"start":{"line":23,"column":4},"end":{"line":23,"column":null}},"14":{"start":{"line":23,"column":22},"end":{"line":23,"column":null}},"15":{"start":{"line":24,"column":4},"end":{"line":24,"column":null}},"16":{"start":{"line":25,"column":4},"end":{"line":25,"column":null}},"17":{"start":{"line":25,"column":22},"end":{"line":25,"column":null}},"18":{"start":{"line":26,"column":4},"end":{"line":26,"column":null}},"19":{"start":{"line":29,"column":25},"end":{"line":131,"column":null}},"20":{"start":{"line":30,"column":10},"end":{"line":30,"column":null}},"21":{"start":{"line":31,"column":10},"end":{"line":31,"column":36}},"22":{"start":{"line":32,"column":10},"end":{"line":32,"column":null}},"23":{"start":{"line":33,"column":29},"end":{"line":33,"column":null}},"24":{"start":{"line":34,"column":10},"end":{"line":34,"column":null}},"25":{"start":{"line":36,"column":36},"end":{"line":40,"column":null}},"26":{"start":{"line":38,"column":23},"end":{"line":38,"column":null}},"27":{"start":{"line":42,"column":29},"end":{"line":46,"column":null}},"28":{"start":{"line":48,"column":10},"end":{"line":53,"column":null}},"29":{"start":{"line":51,"column":12},"end":{"line":51,"column":null}},"30":{"start":{"line":55,"column":36},"end":{"line":72,"column":null}},"31":{"start":{"line":56,"column":14},"end":{"line":56,"column":null}},"32":{"start":{"line":59,"column":8},"end":{"line":59,"column":null}},"33":{"start":{"line":61,"column":8},"end":{"line":67,"column":null}},"34":{"start":{"line":62,"column":12},"end":{"line":66,"column":null}},"35":{"start":{"line":63,"column":16},"end":{"line":63,"column":null}},"36":{"start":{"line":69,"column":8},"end":{"line":71,"column":null}},"37":{"start":{"line":70,"column":12},"end":{"line":70,"column":null}},"38":{"start":{"line":74,"column":4},"end":{"line":82,"column":null}},"39":{"start":{"line":75,"column":35},"end":{"line":79,"column":null}},"40":{"start":{"line":76,"column":12},"end":{"line":78,"column":null}},"41":{"start":{"line":77,"column":16},"end":{"line":77,"column":null}},"42":{"start":{"line":80,"column":8},"end":{"line":80,"column":null}},"43":{"start":{"line":81,"column":8},"end":{"line":81,"column":null}},"44":{"start":{"line":81,"column":21},"end":{"line":81,"column":null}},"45":{"start":{"line":84,"column":26},"end":{"line":84,"column":57}},"46":{"start":{"line":85,"column":24},"end":{"line":85,"column":null}},"47":{"start":{"line":87,"column":4},"end":{"line":123,"column":null}},"48":{"start":{"line":89,"column":60},"end":{"line":89,"column":null}},"49":{"start":{"line":102,"column":52},"end":{"line":102,"column":null}},"50":{"start":{"line":104,"column":32},"end":{"line":106,"column":null}},"51":{"start":{"line":108,"column":55},"end":{"line":108,"column":null}},"52":{"start":{"line":123,"column":65},"end":{"line":123,"column":83}}},"fnMap":{"0":{"name":"(anonymous_0)","decl":{"start":{"line":13,"column":16},"end":{"line":13,"column":17}},"loc":{"start":{"line":13,"column":17},"end":{"line":27,"column":null}},"line":13},"1":{"name":"(anonymous_1)","decl":{"start":{"line":29,"column":25},"end":{"line":29,"column":null}},"loc":{"start":{"line":29,"column":25},"end":{"line":131,"column":null}},"line":29},"2":{"name":"(anonymous_2)","decl":{"start":{"line":38,"column":17},"end":{"line":38,"column":23}},"loc":{"start":{"line":38,"column":23},"end":{"line":38,"column":null}},"line":38},"3":{"name":"(anonymous_3)","decl":{"start":{"line":50,"column":19},"end":{"line":50,"column":null}},"loc":{"start":{"line":50,"column":19},"end":{"line":52,"column":null}},"line":50},"4":{"name":"(anonymous_4)","decl":{"start":{"line":55,"column":36},"end":{"line":55,"column":43}},"loc":{"start":{"line":55,"column":43},"end":{"line":72,"column":null}},"line":55},"5":{"name":"(anonymous_5)","decl":{"start":{"line":74,"column":14},"end":{"line":74,"column":null}},"loc":{"start":{"line":74,"column":14},"end":{"line":82,"column":7}},"line":74},"6":{"name":"(anonymous_6)","decl":{"start":{"line":75,"column":35},"end":{"line":75,"column":36}},"loc":{"start":{"line":75,"column":36},"end":{"line":79,"column":null}},"line":75},"7":{"name":"(anonymous_7)","decl":{"start":{"line":81,"column":15},"end":{"line":81,"column":21}},"loc":{"start":{"line":81,"column":21},"end":{"line":81,"column":null}},"line":81},"8":{"name":"(anonymous_8)","decl":{"start":{"line":89,"column":54},"end":{"line":89,"column":60}},"loc":{"start":{"line":89,"column":60},"end":{"line":89,"column":null}},"line":89},"9":{"name":"(anonymous_9)","decl":{"start":{"line":101,"column":46},"end":{"line":101,"column":null}},"loc":{"start":{"line":101,"column":46},"end":{"line":115,"column":null}},"line":101},"10":{"name":"(anonymous_10)","decl":{"start":{"line":108,"column":49},"end":{"line":108,"column":55}},"loc":{"start":{"line":108,"column":55},"end":{"line":108,"column":null}},"line":108},"11":{"name":"(anonymous_11)","decl":{"start":{"line":123,"column":59},"end":{"line":123,"column":65}},"loc":{"start":{"line":123,"column":65},"end":{"line":123,"column":83}},"line":123}},"branchMap":{"0":{"loc":{"start":{"line":17,"column":4},"end":{"line":17,"column":null}},"type":"if","locations":[{"start":{"line":17,"column":4},"end":{"line":17,"column":null}},{"start":{},"end":{}}],"line":17},"1":{"loc":{"start":{"line":19,"column":4},"end":{"line":19,"column":null}},"type":"if","locations":[{"start":{"line":19,"column":4},"end":{"line":19,"column":null}},{"start":{},"end":{}}],"line":19},"2":{"loc":{"start":{"line":21,"column":4},"end":{"line":21,"column":null}},"type":"if","locations":[{"start":{"line":21,"column":4},"end":{"line":21,"column":null}},{"start":{},"end":{}}],"line":21},"3":{"loc":{"start":{"line":23,"column":4},"end":{"line":23,"column":null}},"type":"if","locations":[{"start":{"line":23,"column":4},"end":{"line":23,"column":null}},{"start":{},"end":{}}],"line":23},"4":{"loc":{"start":{"line":25,"column":4},"end":{"line":25,"column":null}},"type":"if","locations":[{"start":{"line":25,"column":4},"end":{"line":25,"column":null}},{"start":{},"end":{}}],"line":25},"5":{"loc":{"start":{"line":61,"column":8},"end":{"line":67,"column":null}},"type":"if","locations":[{"start":{"line":61,"column":8},"end":{"line":67,"column":null}},{"start":{},"end":{}}],"line":61},"6":{"loc":{"start":{"line":69,"column":8},"end":{"line":71,"column":null}},"type":"if","locations":[{"start":{"line":69,"column":8},"end":{"line":71,"column":null}},{"start":{},"end":{}}],"line":69},"7":{"loc":{"start":{"line":76,"column":12},"end":{"line":78,"column":null}},"type":"if","locations":[{"start":{"line":76,"column":12},"end":{"line":78,"column":null}},{"start":{},"end":{}}],"line":76},"8":{"loc":{"start":{"line":76,"column":16},"end":{"line":76,"column":84}},"type":"binary-expr","locations":[{"start":{"line":76,"column":16},"end":{"line":76,"column":31}},{"start":{"line":76,"column":35},"end":{"line":76,"column":84}}],"line":76},"9":{"loc":{"start":{"line":84,"column":26},"end":{"line":84,"column":57}},"type":"binary-expr","locations":[{"start":{"line":84,"column":26},"end":{"line":84,"column":55}},{"start":{"line":84,"column":55},"end":{"line":84,"column":57}}],"line":84},"10":{"loc":{"start":{"line":85,"column":24},"end":{"line":85,"column":null}},"type":"binary-expr","locations":[{"start":{"line":85,"column":24},"end":{"line":85,"column":50}},{"start":{"line":85,"column":50},"end":{"line":85,"column":null}}],"line":85},"11":{"loc":{"start":{"line":91,"column":17},"end":{"line":91,"column":null}},"type":"binary-expr","locations":[{"start":{"line":91,"column":17},"end":{"line":91,"column":36}},{"start":{"line":91,"column":31},"end":{"line":91,"column":null}}],"line":91},"12":{"loc":{"start":{"line":94,"column":13},"end":{"line":123,"column":null}},"type":"binary-expr","locations":[{"start":{"line":94,"column":13},"end":{"line":94,"column":null}},{"start":{"line":94,"column":13},"end":{"line":123,"column":null}}],"line":94},"13":{"loc":{"start":{"line":100,"column":25},"end":{"line":117,"column":null}},"type":"cond-expr","locations":[{"start":{"line":101,"column":28},"end":{"line":115,"column":null}},{"start":{"line":115,"column":28},"end":{"line":117,"column":null}}],"line":100},"14":{"loc":{"start":{"line":107,"column":72},"end":{"line":107,"column":96}},"type":"cond-expr","locations":[{"start":{"line":107,"column":83},"end":{"line":107,"column":92}},{"start":{"line":107,"column":92},"end":{"line":107,"column":96}}],"line":107},"15":{"loc":{"start":{"line":109,"column":57},"end":{"line":109,"column":106}},"type":"cond-expr","locations":[{"start":{"line":109,"column":84},"end":{"line":109,"column":96}},{"start":{"line":109,"column":96},"end":{"line":109,"column":106}}],"line":109},"16":{"loc":{"start":{"line":109,"column":57},"end":{"line":109,"column":81}},"type":"binary-expr","locations":[{"start":{"line":109,"column":57},"end":{"line":109,"column":72}},{"start":{"line":109,"column":72},"end":{"line":109,"column":81}}],"line":109}},"s":{"0":2,"1":2,"2":2,"3":2,"4":2,"5":0,"6":2,"7":2,"8":0,"9":2,"10":2,"11":0,"12":2,"13":2,"14":0,"15":2,"16":2,"17":0,"18":2,"19":2,"20":18,"21":18,"22":18,"23":18,"24":18,"25":18,"26":7,"27":18,"28":18,"29":1,"30":18,"31":1,"32":1,"33":1,"34":1,"35":1,"36":1,"37":0,"38":18,"39":7,"40":6,"41":2,"42":7,"43":7,"44":7,"45":18,"46":18,"47":18,"48":3,"49":2,"50":2,"51":1,"52":0},"f":{"0":2,"1":18,"2":7,"3":1,"4":1,"5":7,"6":6,"7":7,"8":3,"9":2,"10":1,"11":0},"b":{"0":[0,2],"1":[0,2],"2":[0,2],"3":[0,2],"4":[0,2],"5":[1,0],"6":[0,1],"7":[2,4],"8":[6,6],"9":[18,9],"10":[18,9],"11":[18,1],"12":[18,3],"13":[2,1],"14":[0,2],"15":[2,0],"16":[2,2]},"meta":{"lastBranch":17,"lastFunction":12,"lastStatement":53,"seen":{"s:13:16:27:Infinity":0,"f:13:16:13:17":0,"s:14:17:14:Infinity":1,"s:15:20:15:Infinity":2,"s:16:19:16:Infinity":3,"b:17:4:17:Infinity:undefined:undefined:undefined:undefined":0,"s:17:4:17:Infinity":4,"s:17:22:17:Infinity":5,"s:18:4:18:Infinity":6,"b:19:4:19:Infinity:undefined:undefined:undefined:undefined":1,"s:19:4:19:Infinity":7,"s:19:22:19:Infinity":8,"s:20:4:20:Infinity":9,"b:21:4:21:Infinity:undefined:undefined:undefined:undefined":2,"s:21:4:21:Infinity":10,"s:21:22:21:Infinity":11,"s:22:4:22:Infinity":12,"b:23:4:23:Infinity:undefined:undefined:undefined:undefined":3,"s:23:4:23:Infinity":13,"s:23:22:23:Infinity":14,"s:24:4:24:Infinity":15,"b:25:4:25:Infinity:undefined:undefined:undefined:undefined":4,"s:25:4:25:Infinity":16,"s:25:22:25:Infinity":17,"s:26:4:26:Infinity":18,"s:29:25:131:Infinity":19,"f:29:25:29:Infinity":1,"s:30:10:30:Infinity":20,"s:31:10:31:36":21,"s:32:10:32:Infinity":22,"s:33:29:33:Infinity":23,"s:34:10:34:Infinity":24,"s:36:36:40:Infinity":25,"f:38:17:38:23":2,"s:38:23:38:Infinity":26,"s:42:29:46:Infinity":27,"s:48:10:53:Infinity":28,"f:50:19:50:Infinity":3,"s:51:12:51:Infinity":29,"s:55:36:72:Infinity":30,"f:55:36:55:43":4,"s:56:14:56:Infinity":31,"s:59:8:59:Infinity":32,"b:61:8:67:Infinity:undefined:undefined:undefined:undefined":5,"s:61:8:67:Infinity":33,"s:62:12:66:Infinity":34,"s:63:16:63:Infinity":35,"b:69:8:71:Infinity:undefined:undefined:undefined:undefined":6,"s:69:8:71:Infinity":36,"s:70:12:70:Infinity":37,"s:74:4:82:Infinity":38,"f:74:14:74:Infinity":5,"s:75:35:79:Infinity":39,"f:75:35:75:36":6,"b:76:12:78:Infinity:undefined:undefined:undefined:undefined":7,"s:76:12:78:Infinity":40,"b:76:16:76:31:76:35:76:84":8,"s:77:16:77:Infinity":41,"s:80:8:80:Infinity":42,"s:81:8:81:Infinity":43,"f:81:15:81:21":7,"s:81:21:81:Infinity":44,"s:84:26:84:57":45,"b:84:26:84:55:84:55:84:57":9,"s:85:24:85:Infinity":46,"b:85:24:85:50:85:50:85:Infinity":10,"s:87:4:123:Infinity":47,"f:89:54:89:60":8,"s:89:60:89:Infinity":48,"b:91:17:91:36:91:31:91:Infinity":11,"b:94:13:94:Infinity:94:13:123:Infinity":12,"b:101:28:115:Infinity:115:28:117:Infinity":13,"f:101:46:101:Infinity":9,"s:102:52:102:Infinity":49,"s:104:32:106:Infinity":50,"b:107:83:107:92:107:92:107:96":14,"f:108:49:108:55":10,"s:108:55:108:Infinity":51,"b:109:84:109:96:109:96:109:106":15,"b:109:57:109:72:109:72:109:81":16,"f:123:59:123:65":11,"s:123:65:123:83":52}}}
,"C:\\Users\\elian\\OneDrive\\Documentos\\0-Tecnicatura Desarrollo de software\\3-Tercer Año Desarrollo De Software\\Practica Profesionalizante 3\\software\\sistema-riego-goteo-react\\src\\components\\layout\\ProfileMenu.css": {"path":"C:\\Users\\elian\\OneDrive\\Documentos\\0-Tecnicatura Desarrollo de software\\3-Tercer Año Desarrollo De Software\\Practica Profesionalizante 3\\software\\sistema-riego-goteo-react\\src\\components\\layout\\ProfileMenu.css","statementMap":{},"fnMap":{},"branchMap":{},"s":{},"f":{},"b":{},"meta":{"lastBranch":0,"lastFunction":0,"lastStatement":0,"seen":{}}}
,"C:\\Users\\elian\\OneDrive\\Documentos\\0-Tecnicatura Desarrollo de software\\3-Tercer Año Desarrollo De Software\\Practica Profesionalizante 3\\software\\sistema-riego-goteo-react\\src\\components\\layout\\ProfileMenu.tsx": {"path":"C:\\Users\\elian\\OneDrive\\Documentos\\0-Tecnicatura Desarrollo de software\\3-Tercer Año Desarrollo De Software\\Practica Profesionalizante 3\\software\\sistema-riego-goteo-react\\src\\components\\layout\\ProfileMenu.tsx","statementMap":{"0":{"start":{"line":11,"column":20},"end":{"line":17,"column":null}},"1":{"start":{"line":12,"column":2},"end":{"line":12,"column":null}},"2":{"start":{"line":12,"column":13},"end":{"line":12,"column":null}},"3":{"start":{"line":13,"column":20},"end":{"line":13,"column":null}},"4":{"start":{"line":14,"column":27},"end":{"line":14,"column":null}},"5":{"start":{"line":15,"column":26},"end":{"line":15,"column":null}},"6":{"start":{"line":16,"column":2},"end":{"line":16,"column":null}},"7":{"start":{"line":19,"column":20},"end":{"line":67,"column":null}},"8":{"start":{"line":20,"column":27},"end":{"line":20,"column":null}},"9":{"start":{"line":21,"column":8},"end":{"line":21,"column":null}},"10":{"start":{"line":22,"column":8},"end":{"line":22,"column":null}},"11":{"start":{"line":23,"column":8},"end":{"line":23,"column":null}},"12":{"start":{"line":25,"column":23},"end":{"line":28,"column":null}},"13":{"start":{"line":26,"column":4},"end":{"line":26,"column":null}},"14":{"start":{"line":27,"column":4},"end":{"line":27,"column":null}},"15":{"start":{"line":30,"column":2},"end":{"line":38,"column":null}},"16":{"start":{"line":31,"column":31},"end":{"line":35,"column":null}},"17":{"start":{"line":32,"column":6},"end":{"line":34,"column":null}},"18":{"start":{"line":33,"column":8},"end":{"line":33,"column":null}},"19":{"start":{"line":36,"column":4},"end":{"line":36,"column":null}},"20":{"start":{"line":37,"column":4},"end":{"line":37,"column":null}},"21":{"start":{"line":37,"column":17},"end":{"line":37,"column":null}},"22":{"start":{"line":40,"column":2},"end":{"line":61,"column":null}},"23":{"start":{"line":42,"column":62},"end":{"line":42,"column":null}},"24":{"start":{"line":55,"column":71},"end":{"line":55,"column":null}}},"fnMap":{"0":{"name":"(anonymous_0)","decl":{"start":{"line":11,"column":20},"end":{"line":11,"column":21}},"loc":{"start":{"line":11,"column":38},"end":{"line":17,"column":null}},"line":11},"1":{"name":"(anonymous_1)","decl":{"start":{"line":19,"column":20},"end":{"line":19,"column":null}},"loc":{"start":{"line":19,"column":20},"end":{"line":67,"column":null}},"line":19},"2":{"name":"(anonymous_2)","decl":{"start":{"line":25,"column":23},"end":{"line":25,"column":null}},"loc":{"start":{"line":25,"column":23},"end":{"line":28,"column":null}},"line":25},"3":{"name":"(anonymous_3)","decl":{"start":{"line":30,"column":12},"end":{"line":30,"column":null}},"loc":{"start":{"line":30,"column":12},"end":{"line":38,"column":5}},"line":30},"4":{"name":"(anonymous_4)","decl":{"start":{"line":31,"column":31},"end":{"line":31,"column":32}},"loc":{"start":{"line":31,"column":32},"end":{"line":35,"column":null}},"line":31},"5":{"name":"(anonymous_5)","decl":{"start":{"line":37,"column":11},"end":{"line":37,"column":17}},"loc":{"start":{"line":37,"column":17},"end":{"line":37,"column":null}},"line":37},"6":{"name":"(anonymous_6)","decl":{"start":{"line":42,"column":56},"end":{"line":42,"column":62}},"loc":{"start":{"line":42,"column":62},"end":{"line":42,"column":null}},"line":42},"7":{"name":"(anonymous_7)","decl":{"start":{"line":55,"column":65},"end":{"line":55,"column":71}},"loc":{"start":{"line":55,"column":71},"end":{"line":55,"column":null}},"line":55}},"branchMap":{"0":{"loc":{"start":{"line":11,"column":21},"end":{"line":11,"column":38}},"type":"default-arg","locations":[{"start":{"line":11,"column":36},"end":{"line":11,"column":38}}],"line":11},"1":{"loc":{"start":{"line":12,"column":2},"end":{"line":12,"column":null}},"type":"if","locations":[{"start":{"line":12,"column":2},"end":{"line":12,"column":null}},{"start":{},"end":{}}],"line":12},"2":{"loc":{"start":{"line":14,"column":27},"end":{"line":14,"column":null}},"type":"cond-expr","locations":[{"start":{"line":14,"column":42},"end":{"line":14,"column":57}},{"start":{"line":14,"column":60},"end":{"line":14,"column":null}}],"line":14},"3":{"loc":{"start":{"line":15,"column":26},"end":{"line":15,"column":null}},"type":"cond-expr","locations":[{"start":{"line":15,"column":49},"end":{"line":15,"column":83}},{"start":{"line":15,"column":86},"end":{"line":15,"column":null}}],"line":15},"4":{"loc":{"start":{"line":32,"column":6},"end":{"line":34,"column":null}},"type":"if","locations":[{"start":{"line":32,"column":6},"end":{"line":34,"column":null}},{"start":{},"end":{}}],"line":32},"5":{"loc":{"start":{"line":32,"column":10},"end":{"line":32,"column":78}},"type":"binary-expr","locations":[{"start":{"line":32,"column":10},"end":{"line":32,"column":25}},{"start":{"line":32,"column":29},"end":{"line":32,"column":78}}],"line":32},"6":{"loc":{"start":{"line":47,"column":41},"end":{"line":47,"column":null}},"type":"binary-expr","locations":[{"start":{"line":47,"column":41},"end":{"line":47,"column":59}},{"start":{"line":47,"column":59},"end":{"line":47,"column":null}}],"line":47},"7":{"loc":{"start":{"line":48,"column":41},"end":{"line":48,"column":null}},"type":"binary-expr","locations":[{"start":{"line":48,"column":41},"end":{"line":48,"column":59}},{"start":{"line":48,"column":59},"end":{"line":48,"column":null}}],"line":48},"8":{"loc":{"start":{"line":50,"column":56},"end":{"line":50,"column":null}},"type":"cond-expr","locations":[{"start":{"line":50,"column":65},"end":{"line":50,"column":74}},{"start":{"line":50,"column":74},"end":{"line":50,"column":null}}],"line":50},"9":{"loc":{"start":{"line":53,"column":7},"end":{"line":61,"column":null}},"type":"binary-expr","locations":[{"start":{"line":53,"column":7},"end":{"line":53,"column":null}},{"start":{"line":53,"column":7},"end":{"line":61,"column":null}}],"line":53}},"s":{"0":2,"1":10,"2":1,"3":9,"4":9,"5":10,"6":10,"7":2,"8":10,"9":10,"10":10,"11":10,"12":10,"13":1,"14":1,"15":10,"16":6,"17":5,"18":2,"19":6,"20":6,"21":6,"22":10,"23":2,"24":0},"f":{"0":10,"1":10,"2":1,"3":6,"4":5,"5":6,"6":2,"7":0},"b":{"0":[10],"1":[1,9],"2":[9,0],"3":[9,0],"4":[2,3],"5":[5,5],"6":[10,1],"7":[10,1],"8":[2,8],"9":[10,2]},"meta":{"lastBranch":10,"lastFunction":8,"lastStatement":25,"seen":{"s:11:20:17:Infinity":0,"f:11:20:11:21":0,"b:11:36:11:38":0,"b:12:2:12:Infinity:undefined:undefined:undefined:undefined":1,"s:12:2:12:Infinity":1,"s:12:13:12:Infinity":2,"s:13:20:13:Infinity":3,"s:14:27:14:Infinity":4,"b:14:42:14:57:14:60:14:Infinity":2,"s:15:26:15:Infinity":5,"b:15:49:15:83:15:86:15:Infinity":3,"s:16:2:16:Infinity":6,"s:19:20:67:Infinity":7,"f:19:20:19:Infinity":1,"s:20:27:20:Infinity":8,"s:21:8:21:Infinity":9,"s:22:8:22:Infinity":10,"s:23:8:23:Infinity":11,"s:25:23:28:Infinity":12,"f:25:23:25:Infinity":2,"s:26:4:26:Infinity":13,"s:27:4:27:Infinity":14,"s:30:2:38:Infinity":15,"f:30:12:30:Infinity":3,"s:31:31:35:Infinity":16,"f:31:31:31:32":4,"b:32:6:34:Infinity:undefined:undefined:undefined:undefined":4,"s:32:6:34:Infinity":17,"b:32:10:32:25:32:29:32:78":5,"s:33:8:33:Infinity":18,"s:36:4:36:Infinity":19,"s:37:4:37:Infinity":20,"f:37:11:37:17":5,"s:37:17:37:Infinity":21,"s:40:2:61:Infinity":22,"f:42:56:42:62":6,"s:42:62:42:Infinity":23,"b:47:41:47:59:47:59:47:Infinity":6,"b:48:41:48:59:48:59:48:Infinity":7,"b:50:65:50:74:50:74:50:Infinity":8,"b:53:7:53:Infinity:53:7:61:Infinity":9,"f:55:65:55:71":7,"s:55:71:55:Infinity":24}}}
,"C:\\Users\\elian\\OneDrive\\Documentos\\0-Tecnicatura Desarrollo de software\\3-Tercer Año Desarrollo De Software\\Practica Profesionalizante 3\\software\\sistema-riego-goteo-react\\src\\components\\precipitation\\PrecipitationList.css": {"path":"C:\\Users\\elian\\OneDrive\\Documentos\\0-Tecnicatura Desarrollo de software\\3-Tercer Año Desarrollo De Software\\Practica Profesionalizante 3\\software\\sistema-riego-goteo-react\\src\\components\\precipitation\\PrecipitationList.css","statementMap":{},"fnMap":{},"branchMap":{},"s":{},"f":{},"b":{},"meta":{"lastBranch":0,"lastFunction":0,"lastStatement":0,"seen":{}}}
,"C:\\Users\\elian\\OneDrive\\Documentos\\0-Tecnicatura Desarrollo de software\\3-Tercer Año Desarrollo De Software\\Practica Profesionalizante 3\\software\\sistema-riego-goteo-react\\src\\components\\precipitation\\PrecipitationList.tsx": {"path":"C:\\Users\\elian\\OneDrive\\Documentos\\0-Tecnicatura Desarrollo de software\\3-Tercer Año Desarrollo De Software\\Practica Profesionalizante 3\\software\\sistema-riego-goteo-react\\src\\components\\precipitation\\PrecipitationList.tsx","statementMap":{"0":{"start":{"line":14,"column":26},"end":{"line":92,"column":null}},"1":{"start":{"line":15,"column":10},"end":{"line":15,"column":null}},"2":{"start":{"line":17,"column":59},"end":{"line":20,"column":null}},"3":{"start":{"line":19,"column":23},"end":{"line":19,"column":null}},"4":{"start":{"line":22,"column":10},"end":{"line":32,"column":null}},"5":{"start":{"line":23,"column":36},"end":{"line":23,"column":null}},"6":{"start":{"line":25,"column":12},"end":{"line":25,"column":null}},"7":{"start":{"line":26,"column":12},"end":{"line":26,"column":null}},"8":{"start":{"line":27,"column":12},"end":{"line":27,"column":null}},"9":{"start":{"line":30,"column":12},"end":{"line":30,"column":null}},"10":{"start":{"line":34,"column":4},"end":{"line":40,"column":null}},"11":{"start":{"line":35,"column":8},"end":{"line":37,"column":null}},"12":{"start":{"line":42,"column":4},"end":{"line":48,"column":null}},"13":{"start":{"line":43,"column":8},"end":{"line":44,"column":null}},"14":{"start":{"line":50,"column":4},"end":{"line":67,"column":null}},"15":{"start":{"line":66,"column":49},"end":{"line":67,"column":null}},"16":{"start":{"line":73,"column":48},"end":{"line":75,"column":null}},"17":{"start":{"line":74,"column":52},"end":{"line":74,"column":null}}},"fnMap":{"0":{"name":"(anonymous_0)","decl":{"start":{"line":14,"column":26},"end":{"line":14,"column":27}},"loc":{"start":{"line":14,"column":44},"end":{"line":92,"column":null}},"line":14},"1":{"name":"(anonymous_1)","decl":{"start":{"line":19,"column":17},"end":{"line":19,"column":23}},"loc":{"start":{"line":19,"column":23},"end":{"line":19,"column":null}},"line":19},"2":{"name":"(anonymous_2)","decl":{"start":{"line":23,"column":20},"end":{"line":23,"column":21}},"loc":{"start":{"line":23,"column":36},"end":{"line":23,"column":null}},"line":23},"3":{"name":"(anonymous_3)","decl":{"start":{"line":24,"column":19},"end":{"line":24,"column":null}},"loc":{"start":{"line":24,"column":19},"end":{"line":28,"column":null}},"line":24},"4":{"name":"(anonymous_4)","decl":{"start":{"line":29,"column":17},"end":{"line":29,"column":18}},"loc":{"start":{"line":29,"column":18},"end":{"line":31,"column":null}},"line":29},"5":{"name":"(anonymous_5)","decl":{"start":{"line":66,"column":48},"end":{"line":66,"column":49}},"loc":{"start":{"line":66,"column":49},"end":{"line":67,"column":null}},"line":66},"6":{"name":"(anonymous_6)","decl":{"start":{"line":72,"column":53},"end":{"line":72,"column":null}},"loc":{"start":{"line":72,"column":53},"end":{"line":76,"column":null}},"line":72}},"branchMap":{"0":{"loc":{"start":{"line":17,"column":18},"end":{"line":17,"column":37}},"type":"default-arg","locations":[{"start":{"line":17,"column":35},"end":{"line":17,"column":37}}],"line":17},"1":{"loc":{"start":{"line":34,"column":4},"end":{"line":40,"column":null}},"type":"if","locations":[{"start":{"line":34,"column":4},"end":{"line":40,"column":null}},{"start":{},"end":{}}],"line":34},"2":{"loc":{"start":{"line":42,"column":4},"end":{"line":48,"column":null}},"type":"if","locations":[{"start":{"line":42,"column":4},"end":{"line":48,"column":null}},{"start":{},"end":{}}],"line":42},"3":{"loc":{"start":{"line":53,"column":13},"end":{"line":67,"column":null}},"type":"cond-expr","locations":[{"start":{"line":53,"column":39},"end":{"line":56,"column":17}},{"start":{"line":56,"column":16},"end":{"line":67,"column":null}}],"line":53},"4":{"loc":{"start":{"line":73,"column":48},"end":{"line":75,"column":null}},"type":"if","locations":[{"start":{"line":73,"column":48},"end":{"line":75,"column":null}},{"start":{},"end":{}}],"line":73},"5":{"loc":{"start":{"line":81,"column":45},"end":{"line":81,"column":null}},"type":"cond-expr","locations":[{"start":{"line":81,"column":69},"end":{"line":81,"column":122}},{"start":{"line":81,"column":121},"end":{"line":81,"column":null}}],"line":81}},"s":{"0":1,"1":10,"2":10,"3":6,"4":10,"5":1,"6":1,"7":1,"8":1,"9":0,"10":10,"11":5,"12":5,"13":1,"14":4,"15":4,"16":1,"17":1},"f":{"0":10,"1":6,"2":1,"3":1,"4":0,"5":4,"6":1},"b":{"0":[10],"1":[5,5],"2":[1,4],"3":[1,3],"4":[1,0],"5":[0,4]},"meta":{"lastBranch":6,"lastFunction":7,"lastStatement":18,"seen":{"s:14:26:92:Infinity":0,"f:14:26:14:27":0,"s:15:10:15:Infinity":1,"s:17:59:20:Infinity":2,"b:17:35:17:37":0,"f:19:17:19:23":1,"s:19:23:19:Infinity":3,"s:22:10:32:Infinity":4,"f:23:20:23:21":2,"s:23:36:23:Infinity":5,"f:24:19:24:Infinity":3,"s:25:12:25:Infinity":6,"s:26:12:26:Infinity":7,"s:27:12:27:Infinity":8,"f:29:17:29:18":4,"s:30:12:30:Infinity":9,"b:34:4:40:Infinity:undefined:undefined:undefined:undefined":1,"s:34:4:40:Infinity":10,"s:35:8:37:Infinity":11,"b:42:4:48:Infinity:undefined:undefined:undefined:undefined":2,"s:42:4:48:Infinity":12,"s:43:8:44:Infinity":13,"s:50:4:67:Infinity":14,"b:53:39:56:17:56:16:67:Infinity":3,"f:66:48:66:49":5,"s:66:49:67:Infinity":15,"f:72:53:72:Infinity":6,"b:73:48:75:Infinity:undefined:undefined:undefined:undefined":4,"s:73:48:75:Infinity":16,"s:74:52:74:Infinity":17,"b:81:69:81:122:81:121:81:Infinity":5}}}
,"C:\\Users\\elian\\OneDrive\\Documentos\\0-Tecnicatura Desarrollo de software\\3-Tercer Año Desarrollo De Software\\Practica Profesionalizante 3\\software\\sistema-riego-goteo-react\\src\\components\\ui\\ActionsMenu.css": {"path":"C:\\Users\\elian\\OneDrive\\Documentos\\0-Tecnicatura Desarrollo de software\\3-Tercer Año Desarrollo De Software\\Practica Profesionalizante 3\\software\\sistema-riego-goteo-react\\src\\components\\ui\\ActionsMenu.css","statementMap":{},"fnMap":{},"branchMap":{},"s":{},"f":{},"b":{},"meta":{"lastBranch":0,"lastFunction":0,"lastStatement":0,"seen":{}}}
,"C:\\Users\\elian\\OneDrive\\Documentos\\0-Tecnicatura Desarrollo de software\\3-Tercer Año Desarrollo De Software\\Practica Profesionalizante 3\\software\\sistema-riego-goteo-react\\src\\components\\ui\\ActionsMenu.tsx": {"path":"C:\\Users\\elian\\OneDrive\\Documentos\\0-Tecnicatura Desarrollo de software\\3-Tercer Año Desarrollo De Software\\Practica Profesionalizante 3\\software\\sistema-riego-goteo-react\\src\\components\\ui\\ActionsMenu.tsx","statementMap":{"0":{"start":{"line":18,"column":20},"end":{"line":58,"column":null}},"1":{"start":{"line":19,"column":27},"end":{"line":19,"column":null}},"2":{"start":{"line":20,"column":8},"end":{"line":20,"column":null}},"3":{"start":{"line":23,"column":2},"end":{"line":31,"column":null}},"4":{"start":{"line":24,"column":31},"end":{"line":28,"column":null}},"5":{"start":{"line":25,"column":6},"end":{"line":27,"column":null}},"6":{"start":{"line":26,"column":8},"end":{"line":26,"column":null}},"7":{"start":{"line":29,"column":4},"end":{"line":29,"column":null}},"8":{"start":{"line":30,"column":4},"end":{"line":30,"column":null}},"9":{"start":{"line":30,"column":17},"end":{"line":30,"column":null}},"10":{"start":{"line":33,"column":26},"end":{"line":36,"column":null}},"11":{"start":{"line":34,"column":4},"end":{"line":34,"column":null}},"12":{"start":{"line":35,"column":4},"end":{"line":35,"column":null}},"13":{"start":{"line":38,"column":2},"end":{"line":47,"column":null}},"14":{"start":{"line":40,"column":61},"end":{"line":40,"column":81}},"15":{"start":{"line":45,"column":28},"end":{"line":47,"column":null}},"16":{"start":{"line":48,"column":29},"end":{"line":48,"column":null}}},"fnMap":{"0":{"name":"(anonymous_0)","decl":{"start":{"line":18,"column":20},"end":{"line":18,"column":21}},"loc":{"start":{"line":18,"column":48},"end":{"line":58,"column":null}},"line":18},"1":{"name":"(anonymous_1)","decl":{"start":{"line":23,"column":12},"end":{"line":23,"column":null}},"loc":{"start":{"line":23,"column":12},"end":{"line":31,"column":5}},"line":23},"2":{"name":"(anonymous_2)","decl":{"start":{"line":24,"column":31},"end":{"line":24,"column":32}},"loc":{"start":{"line":24,"column":32},"end":{"line":28,"column":null}},"line":24},"3":{"name":"(anonymous_3)","decl":{"start":{"line":30,"column":11},"end":{"line":30,"column":17}},"loc":{"start":{"line":30,"column":17},"end":{"line":30,"column":null}},"line":30},"4":{"name":"(anonymous_4)","decl":{"start":{"line":33,"column":26},"end":{"line":33,"column":27}},"loc":{"start":{"line":33,"column":27},"end":{"line":36,"column":null}},"line":33},"5":{"name":"(anonymous_5)","decl":{"start":{"line":40,"column":55},"end":{"line":40,"column":61}},"loc":{"start":{"line":40,"column":61},"end":{"line":40,"column":81}},"line":40},"6":{"name":"(anonymous_6)","decl":{"start":{"line":45,"column":21},"end":{"line":45,"column":22}},"loc":{"start":{"line":45,"column":28},"end":{"line":47,"column":null}},"line":45},"7":{"name":"(anonymous_7)","decl":{"start":{"line":48,"column":23},"end":{"line":48,"column":29}},"loc":{"start":{"line":48,"column":29},"end":{"line":48,"column":null}},"line":48}},"branchMap":{"0":{"loc":{"start":{"line":25,"column":6},"end":{"line":27,"column":null}},"type":"if","locations":[{"start":{"line":25,"column":6},"end":{"line":27,"column":null}},{"start":{},"end":{}}],"line":25},"1":{"loc":{"start":{"line":25,"column":10},"end":{"line":25,"column":78}},"type":"binary-expr","locations":[{"start":{"line":25,"column":10},"end":{"line":25,"column":25}},{"start":{"line":25,"column":29},"end":{"line":25,"column":78}}],"line":25},"2":{"loc":{"start":{"line":43,"column":7},"end":{"line":47,"column":null}},"type":"binary-expr","locations":[{"start":{"line":43,"column":7},"end":{"line":43,"column":null}},{"start":{"line":43,"column":7},"end":{"line":47,"column":null}}],"line":43}},"s":{"0":2,"1":12,"2":12,"3":12,"4":7,"5":5,"6":1,"7":7,"8":7,"9":7,"10":12,"11":1,"12":1,"13":12,"14":3,"15":6,"16":1},"f":{"0":12,"1":7,"2":5,"3":7,"4":1,"5":3,"6":6,"7":1},"b":{"0":[1,4],"1":[5,5],"2":[12,3]},"meta":{"lastBranch":3,"lastFunction":8,"lastStatement":17,"seen":{"s:18:20:58:Infinity":0,"f:18:20:18:21":0,"s:19:27:19:Infinity":1,"s:20:8:20:Infinity":2,"s:23:2:31:Infinity":3,"f:23:12:23:Infinity":1,"s:24:31:28:Infinity":4,"f:24:31:24:32":2,"b:25:6:27:Infinity:undefined:undefined:undefined:undefined":0,"s:25:6:27:Infinity":5,"b:25:10:25:25:25:29:25:78":1,"s:26:8:26:Infinity":6,"s:29:4:29:Infinity":7,"s:30:4:30:Infinity":8,"f:30:11:30:17":3,"s:30:17:30:Infinity":9,"s:33:26:36:Infinity":10,"f:33:26:33:27":4,"s:34:4:34:Infinity":11,"s:35:4:35:Infinity":12,"s:38:2:47:Infinity":13,"f:40:55:40:61":5,"s:40:61:40:81":14,"b:43:7:43:Infinity:43:7:47:Infinity":2,"f:45:21:45:22":6,"s:45:28:47:Infinity":15,"f:48:23:48:29":7,"s:48:29:48:Infinity":16}}}
,"C:\\Users\\elian\\OneDrive\\Documentos\\0-Tecnicatura Desarrollo de software\\3-Tercer Año Desarrollo De Software\\Practica Profesionalizante 3\\software\\sistema-riego-goteo-react\\src\\components\\ui\\Badge.css": {"path":"C:\\Users\\elian\\OneDrive\\Documentos\\0-Tecnicatura Desarrollo de software\\3-Tercer Año Desarrollo De Software\\Practica Profesionalizante 3\\software\\sistema-riego-goteo-react\\src\\components\\ui\\Badge.css","statementMap":{},"fnMap":{},"branchMap":{},"s":{},"f":{},"b":{},"meta":{"lastBranch":0,"lastFunction":0,"lastStatement":0,"seen":{}}}
,"C:\\Users\\elian\\OneDrive\\Documentos\\0-Tecnicatura Desarrollo de software\\3-Tercer Año Desarrollo De Software\\Practica Profesionalizante 3\\software\\sistema-riego-goteo-react\\src\\components\\ui\\Badge.tsx": {"path":"C:\\Users\\elian\\OneDrive\\Documentos\\0-Tecnicatura Desarrollo de software\\3-Tercer Año Desarrollo De Software\\Practica Profesionalizante 3\\software\\sistema-riego-goteo-react\\src\\components\\ui\\Badge.tsx","statementMap":{"0":{"start":{"line":27,"column":14},"end":{"line":41,"column":null}},"1":{"start":{"line":32,"column":13},"end":{"line":41,"column":null}}},"fnMap":{"0":{"name":"(anonymous_0)","decl":{"start":{"line":27,"column":14},"end":{"line":27,"column":15}},"loc":{"start":{"line":32,"column":13},"end":{"line":41,"column":null}},"line":32}},"branchMap":{"0":{"loc":{"start":{"line":28,"column":2},"end":{"line":28,"column":21}},"type":"default-arg","locations":[{"start":{"line":28,"column":12},"end":{"line":28,"column":21}}],"line":28},"1":{"loc":{"start":{"line":29,"column":2},"end":{"line":29,"column":13}},"type":"default-arg","locations":[{"start":{"line":29,"column":9},"end":{"line":29,"column":13}}],"line":29},"2":{"loc":{"start":{"line":37,"column":6},"end":{"line":37,"column":null}},"type":"binary-expr","locations":[{"start":{"line":37,"column":6},"end":{"line":37,"column":23}},{"start":{"line":37,"column":23},"end":{"line":37,"column":null}}],"line":37}},"s":{"0":1,"1":5},"f":{"0":5},"b":{"0":[5],"1":[5],"2":[5,1]},"meta":{"lastBranch":3,"lastFunction":1,"lastStatement":2,"seen":{"s:27:14:41:Infinity":0,"f:27:14:27:15":0,"s:32:13:41:Infinity":1,"b:28:12:28:21":0,"b:29:9:29:13":1,"b:37:6:37:23:37:23:37:Infinity":2}}}
,"C:\\Users\\elian\\OneDrive\\Documentos\\0-Tecnicatura Desarrollo de software\\3-Tercer Año Desarrollo De Software\\Practica Profesionalizante 3\\software\\sistema-riego-goteo-react\\src\\components\\ui\\ConfirmationModal.css": {"path":"C:\\Users\\elian\\OneDrive\\Documentos\\0-Tecnicatura Desarrollo de software\\3-Tercer Año Desarrollo De Software\\Practica Profesionalizante 3\\software\\sistema-riego-goteo-react\\src\\components\\ui\\ConfirmationModal.css","statementMap":{},"fnMap":{},"branchMap":{},"s":{},"f":{},"b":{},"meta":{"lastBranch":0,"lastFunction":0,"lastStatement":0,"seen":{}}}
,"C:\\Users\\elian\\OneDrive\\Documentos\\0-Tecnicatura Desarrollo de software\\3-Tercer Año Desarrollo De Software\\Practica Profesionalizante 3\\software\\sistema-riego-goteo-react\\src\\components\\ui\\ConfirmationModal.tsx": {"path":"C:\\Users\\elian\\OneDrive\\Documentos\\0-Tecnicatura Desarrollo de software\\3-Tercer Año Desarrollo De Software\\Practica Profesionalizante 3\\software\\sistema-riego-goteo-react\\src\\components\\ui\\ConfirmationModal.tsx","statementMap":{"0":{"start":{"line":16,"column":26},"end":{"line":33,"column":null}},"1":{"start":{"line":24,"column":8},"end":{"line":33,"column":null}}},"fnMap":{"0":{"name":"(anonymous_0)","decl":{"start":{"line":16,"column":26},"end":{"line":16,"column":27}},"loc":{"start":{"line":24,"column":8},"end":{"line":33,"column":null}},"line":24}},"branchMap":{"0":{"loc":{"start":{"line":21,"column":2},"end":{"line":21,"column":27}},"type":"default-arg","locations":[{"start":{"line":21,"column":16},"end":{"line":21,"column":27}}],"line":21},"1":{"loc":{"start":{"line":22,"column":2},"end":{"line":22,"column":25}},"type":"default-arg","locations":[{"start":{"line":22,"column":15},"end":{"line":22,"column":25}}],"line":22},"2":{"loc":{"start":{"line":23,"column":2},"end":{"line":23,"column":34}},"type":"default-arg","locations":[{"start":{"line":23,"column":10},"end":{"line":23,"column":34}}],"line":23},"3":{"loc":{"start":{"line":33,"column":17},"end":{"line":33,"column":null}},"type":"cond-expr","locations":[{"start":{"line":33,"column":29},"end":{"line":33,"column":47}},{"start":{"line":33,"column":47},"end":{"line":33,"column":null}}],"line":33}},"s":{"0":1,"1":4},"f":{"0":4},"b":{"0":[4],"1":[4],"2":[4],"3":[1,3]},"meta":{"lastBranch":4,"lastFunction":1,"lastStatement":2,"seen":{"s:16:26:33:Infinity":0,"f:16:26:16:27":0,"s:24:8:33:Infinity":1,"b:21:16:21:27":0,"b:22:15:22:25":1,"b:23:10:23:34":2,"b:33:29:33:47:33:47:33:Infinity":3}}}
,"C:\\Users\\elian\\OneDrive\\Documentos\\0-Tecnicatura Desarrollo de software\\3-Tercer Año Desarrollo De Software\\Practica Profesionalizante 3\\software\\sistema-riego-goteo-react\\src\\components\\ui\\EmptyState.css": {"path":"C:\\Users\\elian\\OneDrive\\Documentos\\0-Tecnicatura Desarrollo de software\\3-Tercer Año Desarrollo De Software\\Practica Profesionalizante 3\\software\\sistema-riego-goteo-react\\src\\components\\ui\\EmptyState.css","statementMap":{},"fnMap":{},"branchMap":{},"s":{},"f":{},"b":{},"meta":{"lastBranch":0,"lastFunction":0,"lastStatement":0,"seen":{}}}
,"C:\\Users\\elian\\OneDrive\\Documentos\\0-Tecnicatura Desarrollo de software\\3-Tercer Año Desarrollo De Software\\Practica Profesionalizante 3\\software\\sistema-riego-goteo-react\\src\\components\\ui\\EmptyState.tsx": {"path":"C:\\Users\\elian\\OneDrive\\Documentos\\0-Tecnicatura Desarrollo de software\\3-Tercer Año Desarrollo De Software\\Practica Profesionalizante 3\\software\\sistema-riego-goteo-react\\src\\components\\ui\\EmptyState.tsx","statementMap":{"0":{"start":{"line":19,"column":19},"end":{"line":34,"column":null}},"1":{"start":{"line":25,"column":18},"end":{"line":34,"column":null}}},"fnMap":{"0":{"name":"(anonymous_0)","decl":{"start":{"line":19,"column":19},"end":{"line":19,"column":20}},"loc":{"start":{"line":25,"column":18},"end":{"line":34,"column":null}},"line":25}},"branchMap":{"0":{"loc":{"start":{"line":27,"column":5},"end":{"line":29,"column":null}},"type":"binary-expr","locations":[{"start":{"line":27,"column":5},"end":{"line":27,"column":null}},{"start":{"line":27,"column":5},"end":{"line":29,"column":null}}],"line":27},"1":{"loc":{"start":{"line":33,"column":5},"end":{"line":33,"column":null}},"type":"binary-expr","locations":[{"start":{"line":33,"column":5},"end":{"line":33,"column":17}},{"start":{"line":33,"column":5},"end":{"line":33,"column":null}}],"line":33},"2":{"loc":{"start":{"line":34,"column":5},"end":{"line":34,"column":null}},"type":"binary-expr","locations":[{"start":{"line":34,"column":5},"end":{"line":34,"column":15}},{"start":{"line":34,"column":5},"end":{"line":34,"column":null}}],"line":34}},"s":{"0":1,"1":5},"f":{"0":5},"b":{"0":[5,1],"1":[5,1],"2":[5,1]},"meta":{"lastBranch":3,"lastFunction":1,"lastStatement":2,"seen":{"s:19:19:34:Infinity":0,"f:19:19:19:20":0,"s:25:18:34:Infinity":1,"b:27:5:27:Infinity:27:5:29:Infinity":0,"b:33:5:33:17:33:5:33:Infinity":1,"b:34:5:34:15:34:5:34:Infinity":2}}}
,"C:\\Users\\elian\\OneDrive\\Documentos\\0-Tecnicatura Desarrollo de software\\3-Tercer Año Desarrollo De Software\\Practica Profesionalizante 3\\software\\sistema-riego-goteo-react\\src\\components\\ui\\ErrorState.css": {"path":"C:\\Users\\elian\\OneDrive\\Documentos\\0-Tecnicatura Desarrollo de software\\3-Tercer Año Desarrollo De Software\\Practica Profesionalizante 3\\software\\sistema-riego-goteo-react\\src\\components\\ui\\ErrorState.css","statementMap":{},"fnMap":{},"branchMap":{},"s":{},"f":{},"b":{},"meta":{"lastBranch":0,"lastFunction":0,"lastStatement":0,"seen":{}}}
[...]
start":{"line":56,"column":4},"end":{"line":56,"column":null}},"type":"if","locations":[{"start":{"line":56,"column":4},"end":{"line":56,"column":null}},{"start":{},"end":{}}],"line":56},"12":{"loc":{"start":{"line":56,"column":8},"end":{"line":56,"column":74}},"type":"binary-expr","locations":[{"start":{"line":56,"column":8},"end":{"line":56,"column":32}},{"start":{"line":56,"column":36},"end":{"line":56,"column":74}}],"line":56},"13":{"loc":{"start":{"line":61,"column":4},"end":{"line":61,"column":null}},"type":"if","locations":[{"start":{"line":61,"column":4},"end":{"line":61,"column":null}},{"start":{},"end":{}}],"line":61},"14":{"loc":{"start":{"line":63,"column":11},"end":{"line":63,"column":null}},"type":"cond-expr","locations":[{"start":{"line":63,"column":31},"end":{"line":63,"column":43}},{"start":{"line":63,"column":46},"end":{"line":63,"column":null}}],"line":63},"15":{"loc":{"start":{"line":82,"column":4},"end":{"line":91,"column":null}},"type":"if","locations":[{"start":{"line":82,"column":4},"end":{"line":91,"column":null}},{"start":{},"end":{}}],"line":82},"16":{"loc":{"start":{"line":90,"column":24},"end":{"line":90,"column":null}},"type":"binary-expr","locations":[{"start":{"line":90,"column":24},"end":{"line":90,"column":41}},{"start":{"line":90,"column":45},"end":{"line":90,"column":null}}],"line":90}},"s":{"0":1,"1":1,"2":13,"3":13,"4":1,"5":4,"6":4,"7":1,"8":3,"9":3,"10":1,"11":2,"12":1,"13":1,"14":1,"15":2,"16":2,"17":1,"18":1,"19":1,"20":4,"21":4,"22":1,"23":4,"24":1,"25":4,"26":1,"27":4,"28":4,"29":1,"30":3,"31":3,"32":1,"33":3,"34":3,"35":3,"36":2,"37":2,"38":2,"39":1,"40":1,"41":1,"42":1},"f":{"0":13,"1":4,"2":2,"3":4,"4":3},"b":{"0":[1,3],"1":[1,2],"2":[3,3],"3":[1,1],"4":[2,2],"5":[1,1],"6":[4],"7":[1,3],"8":[4,1],"9":[1,3],"10":[4,1],"11":[1,3],"12":[4,1],"13":[1,3],"14":[1,2],"15":[2,1],"16":[1,0]},"meta":{"lastBranch":17,"lastFunction":5,"lastStatement":43,"seen":{"s:6:21:6:65":0,"s:15:22:21:Infinity":1,"f:15:22:15:Infinity":0,"s:16:18:16:Infinity":2,"s:17:4:20:Infinity":3,"s:26:19:34:Infinity":4,"f:26:19:26:Infinity":1,"s:27:21:27:Infinity":5,"b:28:4:28:Infinity:undefined:undefined:undefined:undefined":0,"s:28:4:28:Infinity":6,"s:28:22:28:Infinity":7,"s:30:17:30:Infinity":8,"b:31:4:31:Infinity:undefined:undefined:undefined:undefined":1,"s:31:4:31:Infinity":9,"b:31:8:31:16:31:16:31:45":2,"s:31:45:31:Infinity":10,"b:32:4:32:Infinity:undefined:undefined:undefined:undefined":3,"s:32:4:32:Infinity":11,"b:32:8:32:16:32:16:32:37":4,"s:32:37:32:Infinity":12,"s:33:4:33:Infinity":13,"s:39:25:47:Infinity":14,"f:39:25:39:32":2,"s:40:21:44:Infinity":15,"b:45:4:45:Infinity:undefined:undefined:undefined:undefined":5,"s:45:4:45:Infinity":16,"s:45:22:45:Infinity":17,"s:46:4:46:Infinity":18,"s:52:28:64:Infinity":19,"f:52:28:52:35":3,"b:52:58:52:60":6,"s:53:24:53:Infinity":20,"b:54:4:54:Infinity:undefined:undefined:undefined:undefined":7,"s:54:4:54:Infinity":21,"b:54:8:54:22:54:26:54:54":8,"s:54:54:54:Infinity":22,"b:55:4:55:Infinity:undefined:undefined:undefined:undefined":9,"s:55:4:55:Infinity":23,"b:55:8:55:22:55:26:55:54":10,"s:55:54:55:Infinity":24,"b:56:4:56:Infinity:undefined:undefined:undefined:undefined":11,"s:56:4:56:Infinity":25,"b:56:8:56:32:56:36:56:74":12,"s:56:74:56:Infinity":26,"s:58:21:60:Infinity":27,"b:61:4:61:Infinity:undefined:undefined:undefined:undefined":13,"s:61:4:61:Infinity":28,"s:61:22:61:Infinity":29,"s:62:36:62:Infinity":30,"s:63:4:63:Infinity":31,"b:63:31:63:43:63:46:63:Infinity":14,"s:69:19:93:Infinity":32,"f:69:19:69:26":4,"s:70:24:74:Infinity":33,"s:76:21:80:Infinity":34,"b:82:4:91:Infinity:undefined:undefined:undefined:undefined":15,"s:82:4:91:Infinity":35,"s:83:26:83:Infinity":36,"s:85:8:89:Infinity":37,"s:86:12:86:Infinity":38,"s:88:12:88:Infinity":39,"s:90:8:90:Infinity":40,"b:90:24:90:41:90:45:90:Infinity":16,"s:92:4:92:Infinity":41,"s:96:20:101:Infinity":42}}}
,"C:\\Users\\elian\\OneDrive\\Documentos\\0-Tecnicatura Desarrollo de software\\3-Tercer Año Desarrollo De Software\\Practica Profesionalizante 3\\software\\sistema-riego-goteo-react\\src\\services\\userService.ts": {"path":"C:\\Users\\elian\\OneDrive\\Documentos\\0-Tecnicatura Desarrollo de software\\3-Tercer Año Desarrollo De Software\\Practica Profesionalizante 3\\software\\sistema-riego-goteo-react\\src\\services\\userService.ts","statementMap":{"0":{"start":{"line":5,"column":16},"end":{"line":5,"column":57}},"1":{"start":{"line":7,"column":22},"end":{"line":14,"column":null}},"2":{"start":{"line":8,"column":18},"end":{"line":8,"column":null}},"3":{"start":{"line":9,"column":44},"end":{"line":9,"column":null}},"4":{"start":{"line":10,"column":4},"end":{"line":12,"column":null}},"5":{"start":{"line":11,"column":8},"end":{"line":11,"column":null}},"6":{"start":{"line":13,"column":4},"end":{"line":13,"column":null}},"7":{"start":{"line":20,"column":21},"end":{"line":30,"column":null}},"8":{"start":{"line":21,"column":21},"end":{"line":24,"column":null}},"9":{"start":{"line":26,"column":4},"end":{"line":28,"column":null}},"10":{"start":{"line":27,"column":8},"end":{"line":27,"column":null}},"11":{"start":{"line":29,"column":4},"end":{"line":29,"column":null}},"12":{"start":{"line":36,"column":24},"end":{"line":46,"column":null}},"13":{"start":{"line":37,"column":21},"end":{"line":41,"column":null}},"14":{"start":{"line":42,"column":4},"end":{"line":44,"column":null}},"15":{"start":{"line":43,"column":8},"end":{"line":43,"column":null}},"16":{"start":{"line":45,"column":4},"end":{"line":45,"column":null}},"17":{"start":{"line":52,"column":25},"end":{"line":63,"column":null}},"18":{"start":{"line":53,"column":21},"end":{"line":57,"column":null}},"19":{"start":{"line":58,"column":4},"end":{"line":61,"column":null}},"20":{"start":{"line":59,"column":26},"end":{"line":59,"column":null}},"21":{"start":{"line":60,"column":8},"end":{"line":60,"column":null}},"22":{"start":{"line":62,"column":4},"end":{"line":62,"column":null}},"23":{"start":{"line":66,"column":20},"end":{"line":70,"column":null}}},"fnMap":{"0":{"name":"(anonymous_0)","decl":{"start":{"line":7,"column":22},"end":{"line":7,"column":null}},"loc":{"start":{"line":7,"column":22},"end":{"line":14,"column":null}},"line":7},"1":{"name":"(anonymous_1)","decl":{"start":{"line":20,"column":21},"end":{"line":20,"column":null}},"loc":{"start":{"line":20,"column":21},"end":{"line":30,"column":null}},"line":20},"2":{"name":"(anonymous_2)","decl":{"start":{"line":36,"column":24},"end":{"line":36,"column":31}},"loc":{"start":{"line":36,"column":31},"end":{"line":46,"column":null}},"line":36},"3":{"name":"(anonymous_3)","decl":{"start":{"line":52,"column":25},"end":{"line":52,"column":32}},"loc":{"start":{"line":52,"column":32},"end":{"line":63,"column":null}},"line":52}},"branchMap":{"0":{"loc":{"start":{"line":10,"column":4},"end":{"line":12,"column":null}},"type":"if","locations":[{"start":{"line":10,"column":4},"end":{"line":12,"column":null}},{"start":{},"end":{}}],"line":10},"1":{"loc":{"start":{"line":26,"column":4},"end":{"line":28,"column":null}},"type":"if","locations":[{"start":{"line":26,"column":4},"end":{"line":28,"column":null}},{"start":{},"end":{}}],"line":26},"2":{"loc":{"start":{"line":42,"column":4},"end":{"line":44,"column":null}},"type":"if","locations":[{"start":{"line":42,"column":4},"end":{"line":44,"column":null}},{"start":{},"end":{}}],"line":42},"3":{"loc":{"start":{"line":58,"column":4},"end":{"line":61,"column":null}},"type":"if","locations":[{"start":{"line":58,"column":4},"end":{"line":61,"column":null}},{"start":{},"end":{}}],"line":58},"4":{"loc":{"start":{"line":60,"column":24},"end":{"line":60,"column":null}},"type":"binary-expr","locations":[{"start":{"line":60,"column":24},"end":{"line":60,"column":37}},{"start":{"line":60,"column":37},"end":{"line":60,"column":null}}],"line":60}},"s":{"0":1,"1":1,"2":7,"3":7,"4":7,"5":7,"6":7,"7":1,"8":2,"9":2,"10":1,"11":1,"12":1,"13":2,"14":2,"15":1,"16":1,"17":1,"18":3,"19":3,"20":2,"21":2,"22":1,"23":1},"f":{"0":7,"1":2,"2":2,"3":3},"b":{"0":[7,0],"1":[1,1],"2":[1,1],"3":[2,1],"4":[2,1]},"meta":{"lastBranch":5,"lastFunction":4,"lastStatement":24,"seen":{"s:5:16:5:57":0,"s:7:22:14:Infinity":1,"f:7:22:7:Infinity":0,"s:8:18:8:Infinity":2,"s:9:44:9:Infinity":3,"b:10:4:12:Infinity:undefined:undefined:undefined:undefined":0,"s:10:4:12:Infinity":4,"s:11:8:11:Infinity":5,"s:13:4:13:Infinity":6,"s:20:21:30:Infinity":7,"f:20:21:20:Infinity":1,"s:21:21:24:Infinity":8,"b:26:4:28:Infinity:undefined:undefined:undefined:undefined":1,"s:26:4:28:Infinity":9,"s:27:8:27:Infinity":10,"s:29:4:29:Infinity":11,"s:36:24:46:Infinity":12,"f:36:24:36:31":2,"s:37:21:41:Infinity":13,"b:42:4:44:Infinity:undefined:undefined:undefined:undefined":2,"s:42:4:44:Infinity":14,"s:43:8:43:Infinity":15,"s:45:4:45:Infinity":16,"s:52:25:63:Infinity":17,"f:52:25:52:32":3,"s:53:21:57:Infinity":18,"b:58:4:61:Infinity:undefined:undefined:undefined:undefined":3,"s:58:4:61:Infinity":19,"s:59:26:59:Infinity":20,"s:60:8:60:Infinity":21,"b:60:24:60:37:60:37:60:Infinity":4,"s:62:4:62:Infinity":22,"s:66:20:70:Infinity":23}}}
,"C:\\Users\\elian\\OneDrive\\Documentos\\0-Tecnicatura Desarrollo de software\\3-Tercer Año Desarrollo De Software\\Practica Profesionalizante 3\\software\\sistema-riego-goteo-react\\src\\services\\weatherService.ts": {"path":"C:\\Users\\elian\\OneDrive\\Documentos\\0-Tecnicatura Desarrollo de software\\3-Tercer Año Desarrollo De Software\\Practica Profesionalizante 3\\software\\sistema-riego-goteo-react\\src\\services\\weatherService.ts","statementMap":{"0":{"start":{"line":6,"column":21},"end":{"line":6,"column":54}},"1":{"start":{"line":8,"column":22},"end":{"line":14,"column":null}},"2":{"start":{"line":9,"column":18},"end":{"line":9,"column":null}},"3":{"start":{"line":10,"column":4},"end":{"line":13,"column":null}},"4":{"start":{"line":20,"column":26},"end":{"line":33,"column":null}},"5":{"start":{"line":21,"column":21},"end":{"line":23,"column":null}},"6":{"start":{"line":25,"column":4},"end":{"line":31,"column":null}},"7":{"start":{"line":26,"column":8},"end":{"line":29,"column":null}},"8":{"start":{"line":27,"column":30},"end":{"line":27,"column":null}},"9":{"start":{"line":28,"column":12},"end":{"line":28,"column":null}},"10":{"start":{"line":30,"column":8},"end":{"line":30,"column":null}},"11":{"start":{"line":32,"column":4},"end":{"line":32,"column":null}},"12":{"start":{"line":35,"column":23},"end":{"line":37,"column":null}}},"fnMap":{"0":{"name":"(anonymous_0)","decl":{"start":{"line":8,"column":22},"end":{"line":8,"column":null}},"loc":{"start":{"line":8,"column":22},"end":{"line":14,"column":null}},"line":8},"1":{"name":"(anonymous_1)","decl":{"start":{"line":20,"column":26},"end":{"line":20,"column":33}},"loc":{"start":{"line":20,"column":33},"end":{"line":33,"column":null}},"line":20}},"branchMap":{"0":{"loc":{"start":{"line":25,"column":4},"end":{"line":31,"column":null}},"type":"if","locations":[{"start":{"line":25,"column":4},"end":{"line":31,"column":null}},{"start":{},"end":{}}],"line":25},"1":{"loc":{"start":{"line":26,"column":8},"end":{"line":29,"column":null}},"type":"if","locations":[{"start":{"line":26,"column":8},"end":{"line":29,"column":null}},{"start":{},"end":{}}],"line":26},"2":{"loc":{"start":{"line":28,"column":28},"end":{"line":28,"column":null}},"type":"binary-expr","locations":[{"start":{"line":28,"column":28},"end":{"line":28,"column":45}},{"start":{"line":28,"column":49},"end":{"line":28,"column":null}}],"line":28}},"s":{"0":1,"1":1,"2":4,"3":4,"4":1,"5":4,"6":4,"7":3,"8":2,"9":2,"10":1,"11":1,"12":1},"f":{"0":4,"1":4},"b":{"0":[3,1],"1":[2,1],"2":[2,1]},"meta":{"lastBranch":3,"lastFunction":2,"lastStatement":13,"seen":{"s:6:21:6:54":0,"s:8:22:14:Infinity":1,"f:8:22:8:Infinity":0,"s:9:18:9:Infinity":2,"s:10:4:13:Infinity":3,"s:20:26:33:Infinity":4,"f:20:26:20:33":1,"s:21:21:23:Infinity":5,"b:25:4:31:Infinity:undefined:undefined:undefined:undefined":0,"s:25:4:31:Infinity":6,"b:26:8:29:Infinity:undefined:undefined:undefined:undefined":1,"s:26:8:29:Infinity":7,"s:27:30:27:Infinity":8,"s:28:12:28:Infinity":9,"b:28:28:28:45:28:49:28:Infinity":2,"s:30:8:30:Infinity":10,"s:32:4:32:Infinity":11,"s:35:23:37:Infinity":12}}}
,"C:\\Users\\elian\\OneDrive\\Documentos\\0-Tecnicatura Desarrollo de software\\3-Tercer Año Desarrollo De Software\\Practica Profesionalizante 3\\software\\sistema-riego-goteo-react\\src\\utils\\cn.ts": {"path":"C:\\Users\\elian\\OneDrive\\Documentos\\0-Tecnicatura Desarrollo de software\\3-Tercer Año Desarrollo De Software\\Practica Profesionalizante 3\\software\\sistema-riego-goteo-react\\src\\utils\\cn.ts","statementMap":{"0":{"start":{"line":22,"column":2},"end":{"line":24,"column":null}},"1":{"start":{"line":23,"column":4},"end":{"line":23,"column":null}},"2":{"start":{"line":25,"column":2},"end":{"line":25,"column":null}},"3":{"start":{"line":25,"column":33},"end":{"line":25,"column":null}},"4":{"start":{"line":26,"column":2},"end":{"line":26,"column":null}},"5":{"start":{"line":26,"column":33},"end":{"line":26,"column":null}},"6":{"start":{"line":27,"column":2},"end":{"line":29,"column":null}},"7":{"start":{"line":28,"column":4},"end":{"line":28,"column":null}},"8":{"start":{"line":30,"column":2},"end":{"line":30,"column":null}},"9":{"start":{"line":34,"column":2},"end":{"line":34,"column":null}}},"fnMap":{"0":{"name":"flatten","decl":{"start":{"line":21,"column":9},"end":{"line":21,"column":17}},"loc":{"start":{"line":21,"column":34},"end":{"line":31,"column":null}},"line":21},"1":{"name":"cn","decl":{"start":{"line":33,"column":16},"end":{"line":33,"column":19}},"loc":{"start":{"line":33,"column":42},"end":{"line":35,"column":null}},"line":33}},"branchMap":{"0":{"loc":{"start":{"line":22,"column":2},"end":{"line":24,"column":null}},"type":"if","locations":[{"start":{"line":22,"column":2},"end":{"line":24,"column":null}},{"start":{},"end":{}}],"line":22},"1":{"loc":{"start":{"line":22,"column":6},"end":{"line":22,"column":80}},"type":"binary-expr","locations":[{"start":{"line":22,"column":6},"end":{"line":22,"column":24}},{"start":{"line":22,"column":24},"end":{"line":22,"column":47}},{"start":{"line":22,"column":47},"end":{"line":22,"column":66}},{"start":{"line":22,"column":66},"end":{"line":22,"column":80}}],"line":22},"2":{"loc":{"start":{"line":25,"column":2},"end":{"line":25,"column":null}},"type":"if","locations":[{"start":{"line":25,"column":2},"end":{"line":25,"column":null}},{"start":{},"end":{}}],"line":25},"3":{"loc":{"start":{"line":26,"column":2},"end":{"line":26,"column":null}},"type":"if","locations":[{"start":{"line":26,"column":2},"end":{"line":26,"column":null}},{"start":{},"end":{}}],"line":26},"4":{"loc":{"start":{"line":27,"column":2},"end":{"line":29,"column":null}},"type":"if","locations":[{"start":{"line":27,"column":2},"end":{"line":29,"column":null}},{"start":{},"end":{}}],"line":27}},"s":{"0":456,"1":172,"2":284,"3":284,"4":0,"5":0,"6":0,"7":0,"8":0,"9":136},"f":{"0":456,"1":136},"b":{"0":[172,284],"1":[456,456,365,284],"2":[284,0],"3":[0,0],"4":[0,0]},"meta":{"lastBranch":5,"lastFunction":2,"lastStatement":10,"seen":{"f:21:9:21:17":0,"b:22:2:24:Infinity:undefined:undefined:undefined:undefined":0,"s:22:2:24:Infinity":0,"b:22:6:22:24:22:24:22:47:22:47:22:66:22:66:22:80":1,"s:23:4:23:Infinity":1,"b:25:2:25:Infinity:undefined:undefined:undefined:undefined":2,"s:25:2:25:Infinity":2,"s:25:33:25:Infinity":3,"b:26:2:26:Infinity:undefined:undefined:undefined:undefined":3,"s:26:2:26:Infinity":4,"s:26:33:26:Infinity":5,"b:27:2:29:Infinity:undefined:undefined:undefined:undefined":4,"s:27:2:29:Infinity":6,"s:28:4:28:Infinity":7,"s:30:2:30:Infinity":8,"f:33:16:33:19":1,"s:34:2:34:Infinity":9}}}
,"C:\\Users\\elian\\OneDrive\\Documentos\\0-Tecnicatura Desarrollo de software\\3-Tercer Año Desarrollo De Software\\Practica Profesionalizante 3\\software\\sistema-riego-goteo-react\\src\\utils\\notificationNavigation.ts": {"path":"C:\\Users\\elian\\OneDrive\\Documentos\\0-Tecnicatura Desarrollo de software\\3-Tercer Año Desarrollo De Software\\Practica Profesionalizante 3\\software\\sistema-riego-goteo-react\\src\\utils\\notificationNavigation.ts","statementMap":{"0":{"start":{"line":3,"column":51},"end":{"line":9,"column":null}},"1":{"start":{"line":11,"column":38},"end":{"line":34,"column":null}},"2":{"start":{"line":15,"column":22},"end":{"line":15,"column":null}},"3":{"start":{"line":16,"column":4},"end":{"line":18,"column":null}},"4":{"start":{"line":17,"column":8},"end":{"line":17,"column":null}},"5":{"start":{"line":20,"column":23},"end":{"line":20,"column":null}},"6":{"start":{"line":21,"column":4},"end":{"line":23,"column":null}},"7":{"start":{"line":22,"column":8},"end":{"line":22,"column":null}},"8":{"start":{"line":25,"column":4},"end":{"line":27,"column":null}},"9":{"start":{"line":26,"column":8},"end":{"line":26,"column":null}},"10":{"start":{"line":29,"column":4},"end":{"line":31,"column":null}},"11":{"start":{"line":30,"column":8},"end":{"line":30,"column":null}},"12":{"start":{"line":33,"column":4},"end":{"line":33,"column":null}}},"fnMap":{"0":{"name":"(anonymous_0)","decl":{"start":{"line":11,"column":38},"end":{"line":11,"column":null}},"loc":{"start":{"line":13,"column":4},"end":{"line":34,"column":null}},"line":13}},"branchMap":{"0":{"loc":{"start":{"line":16,"column":4},"end":{"line":18,"column":null}},"type":"if","locations":[{"start":{"line":16,"column":4},"end":{"line":18,"column":null}},{"start":{},"end":{}}],"line":16},"1":{"loc":{"start":{"line":16,"column":8},"end":{"line":16,"column":40}},"type":"binary-expr","locations":[{"start":{"line":16,"column":8},"end":{"line":16,"column":21}},{"start":{"line":16,"column":21},"end":{"line":16,"column":40}}],"line":16},"2":{"loc":{"start":{"line":21,"column":4},"end":{"line":23,"column":null}},"type":"if","locations":[{"start":{"line":21,"column":4},"end":{"line":23,"column":null}},{"start":{},"end":{}}],"line":21},"3":{"loc":{"start":{"line":21,"column":8},"end":{"line":21,"column":42}},"type":"binary-expr","locations":[{"start":{"line":21,"column":8},"end":{"line":21,"column":22}},{"start":{"line":21,"column":22},"end":{"line":21,"column":42}}],"line":21},"4":{"loc":{"start":{"line":25,"column":4},"end":{"line":27,"column":null}},"type":"if","locations":[{"start":{"line":25,"column":4},"end":{"line":27,"column":null}},{"start":{},"end":{}}],"line":25},"5":{"loc":{"start":{"line":26,"column":15},"end":{"line":26,"column":null}},"type":"cond-expr","locations":[{"start":{"line":26,"column":37},"end":{"line":26,"column":48}},{"start":{"line":26,"column":48},"end":{"line":26,"column":null}}],"line":26},"6":{"loc":{"start":{"line":29,"column":4},"end":{"line":31,"column":null}},"type":"if","locations":[{"start":{"line":29,"column":4},"end":{"line":31,"column":null}},{"start":{},"end":{}}],"line":29},"7":{"loc":{"start":{"line":29,"column":8},"end":{"line":29,"column":78}},"type":"binary-expr","locations":[{"start":{"line":29,"column":8},"end":{"line":29,"column":31}},{"start":{"line":29,"column":35},"end":{"line":29,"column":78}}],"line":29}},"s":{"0":2,"1":2,"2":3,"3":3,"4":0,"5":3,"6":3,"7":0,"8":3,"9":0,"10":3,"11":0,"12":3},"f":{"0":3},"b":{"0":[0,3],"1":[3,0],"2":[0,3],"3":[3,0],"4":[0,3],"5":[0,0],"6":[0,3],"7":[3,0]},"meta":{"lastBranch":8,"lastFunction":1,"lastStatement":13,"seen":{"s:3:51:9:Infinity":0,"s:11:38:34:Infinity":1,"f:11:38:11:Infinity":0,"s:15:22:15:Infinity":2,"b:16:4:18:Infinity:undefined:undefined:undefined:undefined":0,"s:16:4:18:Infinity":3,"b:16:8:16:21:16:21:16:40":1,"s:17:8:17:Infinity":4,"s:20:23:20:Infinity":5,"b:21:4:23:Infinity:undefined:undefined:undefined:undefined":2,"s:21:4:23:Infinity":6,"b:21:8:21:22:21:22:21:42":3,"s:22:8:22:Infinity":7,"b:25:4:27:Infinity:undefined:undefined:undefined:undefined":4,"s:25:4:27:Infinity":8,"s:26:8:26:Infinity":9,"b:26:37:26:48:26:48:26:Infinity":5,"b:29:4:31:Infinity:undefined:undefined:undefined:undefined":6,"s:29:4:31:Infinity":10,"b:29:8:29:31:29:35:29:78":7,"s:30:8:30:Infinity":11,"s:33:4:33:Infinity":12}}}
}
