{"C:\\Users\\elian\\OneDrive\\Documentos\\1-Proyectos\\Reales\\sistema-riego-goteo-react\\src\\components\\farms\\FarmCard.css": {"path":"C:\\Users\\elian\\OneDrive\\Documentos\\1-Proyectos\\Reales\\sistema-riego-goteo-react\\src\\components\\farms\\FarmCard.css","statementMap":{},"fnMap":{},"branchMap":{},"s":{},"f":{},"b":{},"meta":{"lastBranch":0,"lastFunction":0,"lastStatement":0,"seen":{}}}
,"C:\\Users\\elian\\OneDrive\\Documentos\\1-Proyectos\\Reales\\sistema-riego-goteo-react\\src\\components\\farms\\FarmCard.tsx": {"path":"C:\\Users\\elian\\OneDrive\\Documentos\\1-Proyectos\\Reales\\sistema-riego-goteo-react\\src\\components\\farms\\FarmCard.tsx","statementMap":{"0":{"start":{"line":12,"column":42},"end":{"line":65,"column":null}},"1":{"start":{"line":13,"column":10},"end":{"line":13,"column":null}},"2":{"start":{"line":17,"column":36},"end":{"line":22,"column":null}},"3":{"start":{"line":20,"column":8},"end":{"line":20,"column":null}},"4":{"start":{"line":21,"column":8},"end":{"line":21,"column":null}},"5":{"start":{"line":24,"column":4},"end":{"line":59,"column":null}},"6":{"start":{"line":38,"column":67},"end":{"line":38,"column":null}}},"fnMap":{"0":{"name":"(anonymous_0)","decl":{"start":{"line":12,"column":42},"end":{"line":12,"column":43}},"loc":{"start":{"line":12,"column":60},"end":{"line":65,"column":null}},"line":12},"1":{"name":"(anonymous_1)","decl":{"start":{"line":17,"column":36},"end":{"line":17,"column":37}},"loc":{"start":{"line":17,"column":37},"end":{"line":22,"column":null}},"line":17},"2":{"name":"(anonymous_2)","decl":{"start":{"line":38,"column":60},"end":{"line":38,"column":61}},"loc":{"start":{"line":38,"column":67},"end":{"line":38,"column":null}},"line":38}},"branchMap":{},"s":{"0":1,"1":3,"2":3,"3":1,"4":1,"5":3,"6":0},"f":{"0":3,"1":1,"2":0},"b":{},"meta":{"lastBranch":0,"lastFunction":3,"lastStatement":7,"seen":{"s:12:42:65:Infinity":0,"f:12:42:12:43":0,"s:13:10:13:Infinity":1,"s:17:36:22:Infinity":2,"f:17:36:17:37":1,"s:20:8:20:Infinity":3,"s:21:8:21:Infinity":4,"s:24:4:59:Infinity":5,"f:38:60:38:61":2,"s:38:67:38:Infinity":6}}}
,"C:\\Users\\elian\\OneDrive\\Documentos\\1-Proyectos\\Reales\\sistema-riego-goteo-react\\src\\components\\irrigation\\DailyIrrigationView.css": {"path":"C:\\Users\\elian\\OneDrive\\Documentos\\1-Proyectos\\Reales\\sistema-riego-goteo-react\\src\\components\\irrigation\\DailyIrrigationView.css","statementMap":{},"fnMap":{},"branchMap":{},"s":{},"f":{},"b":{},"meta":{"lastBranch":0,"lastFunction":0,"lastStatement":0,"seen":{}}}
,"C:\\Users\\elian\\OneDrive\\Documentos\\1-Proyectos\\Reales\\sistema-riego-goteo-react\\src\\components\\irrigation\\DailyIrrigationView.tsx": {"path":"C:\\Users\\elian\\OneDrive\\Documentos\\1-Proyectos\\Reales\\sistema-riego-goteo-react\\src\\components\\irrigation\\DailyIrrigationView.tsx","statementMap":{"0":{"start":{"line":23,"column":23},"end":{"line":34,"column":null}},"1":{"start":{"line":24,"column":22},"end":{"line":24,"column":null}},"2":{"start":{"line":25,"column":4},"end":{"line":33,"column":null}},"3":{"start":{"line":26,"column":21},"end":{"line":26,"column":null}},"4":{"start":{"line":27,"column":23},"end":{"line":27,"column":null}},"5":{"start":{"line":28,"column":22},"end":{"line":28,"column":null}},"6":{"start":{"line":29,"column":21},"end":{"line":29,"column":null}},"7":{"start":{"line":30,"column":24},"end":{"line":30,"column":null}},"8":{"start":{"line":31,"column":29},"end":{"line":31,"column":null}},"9":{"start":{"line":32,"column":17},"end":{"line":32,"column":null}},"10":{"start":{"line":36,"column":27},"end":{"line":51,"column":null}},"11":{"start":{"line":37,"column":4},"end":{"line":37,"column":null}},"12":{"start":{"line":37,"column":19},"end":{"line":37,"column":null}},"13":{"start":{"line":38,"column":4},"end":{"line":38,"column":null}},"14":{"start":{"line":38,"column":15},"end":{"line":38,"column":null}},"15":{"start":{"line":39,"column":4},"end":{"line":49,"column":null}},"16":{"start":{"line":40,"column":28},"end":{"line":40,"column":43}},"17":{"start":{"line":41,"column":37},"end":{"line":41,"column":null}},"18":{"start":{"line":42,"column":8},"end":{"line":46,"column":null}},"19":{"start":{"line":50,"column":4},"end":{"line":50,"column":null}},"20":{"start":{"line":53,"column":28},"end":{"line":181,"column":null}},"21":{"start":{"line":55,"column":47},"end":{"line":55,"column":null}},"22":{"start":{"line":56,"column":61},"end":{"line":56,"column":null}},"23":{"start":{"line":57,"column":10},"end":{"line":57,"column":null}},"24":{"start":{"line":59,"column":4},"end":{"line":64,"column":23}},"25":{"start":{"line":61,"column":8},"end":{"line":63,"column":17}},"26":{"start":{"line":62,"column":12},"end":{"line":62,"column":null}},"27":{"start":{"line":66,"column":24},"end":{"line":66,"column":null}},"28":{"start":{"line":67,"column":22},"end":{"line":67,"column":null}},"29":{"start":{"line":67,"column":68},"end":{"line":67,"column":null}},"30":{"start":{"line":70,"column":26},"end":{"line":70,"column":null}},"31":{"start":{"line":71,"column":29},"end":{"line":71,"column":null}},"32":{"start":{"line":73,"column":4},"end":{"line":84,"column":null}},"33":{"start":{"line":75,"column":8},"end":{"line":77,"column":null}},"34":{"start":{"line":76,"column":12},"end":{"line":76,"column":null}},"35":{"start":{"line":79,"column":8},"end":{"line":83,"column":null}},"36":{"start":{"line":80,"column":12},"end":{"line":82,"column":null}},"37":{"start":{"line":81,"column":16},"end":{"line":81,"column":null}},"38":{"start":{"line":86,"column":16},"end":{"line":86,"column":null}},"39":{"start":{"line":88,"column":22},"end":{"line":88,"column":null}},"40":{"start":{"line":90,"column":4},"end":{"line":176,"column":null}},"41":{"start":{"line":94,"column":33},"end":{"line":94,"column":null}},"42":{"start":{"line":95,"column":39},"end":{"line":95,"column":114}},"43":{"start":{"line":96,"column":35},"end":{"line":96,"column":null}},"44":{"start":{"line":98,"column":38},"end":{"line":98,"column":null}},"45":{"start":{"line":100,"column":20},"end":{"line":101,"column":39}},"46":{"start":{"line":117,"column":93},"end":{"line":117,"column":132}},"47":{"start":{"line":125,"column":57},"end":{"line":125,"column":null}},"48":{"start":{"line":127,"column":57},"end":{"line":127,"column":null}},"49":{"start":{"line":127,"column":92},"end":{"line":127,"column":123}},"50":{"start":{"line":128,"column":57},"end":{"line":128,"column":76}},"51":{"start":{"line":129,"column":55},"end":{"line":129,"column":null}},"52":{"start":{"line":129,"column":90},"end":{"line":129,"column":125}},"53":{"start":{"line":131,"column":36},"end":{"line":133,"column":61}},"54":{"start":{"line":142,"column":96},"end":{"line":142,"column":146}},"55":{"start":{"line":148,"column":102},"end":{"line":148,"column":null}},"56":{"start":{"line":167,"column":35},"end":{"line":167,"column":null}},"57":{"start":{"line":176,"column":35},"end":{"line":176,"column":null}}},"fnMap":{"0":{"name":"(anonymous_0)","decl":{"start":{"line":23,"column":23},"end":{"line":23,"column":24}},"loc":{"start":{"line":23,"column":24},"end":{"line":34,"column":null}},"line":23},"1":{"name":"(anonymous_1)","decl":{"start":{"line":36,"column":27},"end":{"line":36,"column":28}},"loc":{"start":{"line":36,"column":133},"end":{"line":51,"column":null}},"line":36},"2":{"name":"(anonymous_2)","decl":{"start":{"line":53,"column":28},"end":{"line":53,"column":29}},"loc":{"start":{"line":53,"column":135},"end":{"line":181,"column":null}},"line":53},"3":{"name":"(anonymous_3)","decl":{"start":{"line":59,"column":14},"end":{"line":59,"column":null}},"loc":{"start":{"line":59,"column":14},"end":{"line":64,"column":7}},"line":59},"4":{"name":"(anonymous_4)","decl":{"start":{"line":61,"column":19},"end":{"line":61,"column":null}},"loc":{"start":{"line":61,"column":19},"end":{"line":63,"column":11}},"line":61},"5":{"name":"(anonymous_5)","decl":{"start":{"line":67,"column":58},"end":{"line":67,"column":59}},"loc":{"start":{"line":67,"column":68},"end":{"line":67,"column":null}},"line":67},"6":{"name":"(anonymous_6)","decl":{"start":{"line":73,"column":24},"end":{"line":73,"column":null}},"loc":{"start":{"line":73,"column":24},"end":{"line":84,"column":null}},"line":73},"7":{"name":"(anonymous_7)","decl":{"start":{"line":75,"column":60},"end":{"line":75,"column":61}},"loc":{"start":{"line":75,"column":75},"end":{"line":77,"column":null}},"line":75},"8":{"name":"(anonymous_8)","decl":{"start":{"line":80,"column":67},"end":{"line":80,"column":68}},"loc":{"start":{"line":80,"column":82},"end":{"line":82,"column":null}},"line":80},"9":{"name":"(anonymous_9)","decl":{"start":{"line":93,"column":31},"end":{"line":93,"column":null}},"loc":{"start":{"line":93,"column":31},"end":{"line":158,"column":null}},"line":93},"10":{"name":"(anonymous_10)","decl":{"start":{"line":117,"column":87},"end":{"line":117,"column":93}},"loc":{"start":{"line":117,"column":93},"end":{"line":117,"column":132}},"line":117},"11":{"name":"(anonymous_11)","decl":{"start":{"line":124,"column":45},"end":{"line":124,"column":null}},"loc":{"start":{"line":124,"column":45},"end":{"line":154,"column":null}},"line":124},"12":{"name":"(anonymous_12)","decl":{"start":{"line":127,"column":78},"end":{"line":127,"column":79}},"loc":{"start":{"line":127,"column":92},"end":{"line":127,"column":123}},"line":127},"13":{"name":"(anonymous_13)","decl":{"start":{"line":129,"column":76},"end":{"line":129,"column":77}},"loc":{"start":{"line":129,"column":90},"end":{"line":129,"column":125}},"line":129},"14":{"name":"(anonymous_14)","decl":{"start":{"line":142,"column":90},"end":{"line":142,"column":96}},"loc":{"start":{"line":142,"column":96},"end":{"line":142,"column":146}},"line":142},"15":{"name":"(anonymous_15)","decl":{"start":{"line":148,"column":96},"end":{"line":148,"column":102}},"loc":{"start":{"line":148,"column":102},"end":{"line":148,"column":null}},"line":148},"16":{"name":"(anonymous_16)","decl":{"start":{"line":167,"column":29},"end":{"line":167,"column":35}},"loc":{"start":{"line":167,"column":35},"end":{"line":167,"column":null}},"line":167},"17":{"name":"(anonymous_17)","decl":{"start":{"line":176,"column":29},"end":{"line":176,"column":35}},"loc":{"start":{"line":176,"column":35},"end":{"line":176,"column":null}},"line":176}},"branchMap":{"0":{"loc":{"start":{"line":25,"column":4},"end":{"line":33,"column":null}},"type":"switch","locations":[{"start":{"line":26,"column":8},"end":{"line":26,"column":null}},{"start":{"line":27,"column":8},"end":{"line":27,"column":null}},{"start":{"line":28,"column":8},"end":{"line":28,"column":null}},{"start":{"line":29,"column":8},"end":{"line":29,"column":null}},{"start":{"line":30,"column":8},"end":{"line":30,"column":null}},{"start":{"line":31,"column":8},"end":{"line":31,"column":null}},{"start":{"line":32,"column":8},"end":{"line":32,"column":null}}],"line":25},"1":{"loc":{"start":{"line":37,"column":4},"end":{"line":37,"column":null}},"type":"if","locations":[{"start":{"line":37,"column":4},"end":{"line":37,"column":null}},{"start":{},"end":{}}],"line":37},"2":{"loc":{"start":{"line":38,"column":4},"end":{"line":38,"column":null}},"type":"if","locations":[{"start":{"line":38,"column":4},"end":{"line":38,"column":null}},{"start":{},"end":{}}],"line":38},"3":{"loc":{"start":{"line":39,"column":4},"end":{"line":49,"column":null}},"type":"if","locations":[{"start":{"line":39,"column":4},"end":{"line":49,"column":null}},{"start":{},"end":{}}],"line":39},"4":{"loc":{"start":{"line":39,"column":8},"end":{"line":39,"column":39}},"type":"binary-expr","locations":[{"start":{"line":39,"column":8},"end":{"line":39,"column":22}},{"start":{"line":39,"column":22},"end":{"line":39,"column":39}}],"line":39},"5":{"loc":{"start":{"line":79,"column":8},"end":{"line":83,"column":null}},"type":"if","locations":[{"start":{"line":79,"column":8},"end":{"line":83,"column":null}},{"start":{},"end":{}}],"line":79},"6":{"loc":{"start":{"line":96,"column":35},"end":{"line":96,"column":null}},"type":"cond-expr","locations":[{"start":{"line":96,"column":54},"end":{"line":96,"column":64}},{"start":{"line":96,"column":64},"end":{"line":96,"column":null}}],"line":96},"7":{"loc":{"start":{"line":96,"column":64},"end":{"line":96,"column":null}},"type":"cond-expr","locations":[{"start":{"line":96,"column":105},"end":{"line":96,"column":115}},{"start":{"line":96,"column":115},"end":{"line":96,"column":null}}],"line":96},"8":{"loc":{"start":{"line":98,"column":38},"end":{"line":98,"column":null}},"type":"binary-expr","locations":[{"start":{"line":98,"column":38},"end":{"line":98,"column":75}},{"start":{"line":98,"column":75},"end":{"line":98,"column":null}}],"line":98},"9":{"loc":{"start":{"line":101,"column":79},"end":{"line":101,"column":null}},"type":"cond-expr","locations":[{"start":{"line":101,"column":102},"end":{"line":101,"column":113}},{"start":{"line":101,"column":113},"end":{"line":101,"column":null}}],"line":101},"10":{"loc":{"start":{"line":109,"column":37},"end":{"line":112,"column":null}},"type":"binary-expr","locations":[{"start":{"line":109,"column":37},"end":{"line":109,"column":null}},{"start":{"line":109,"column":49},"end":{"line":112,"column":null}}],"line":109},"11":{"loc":{"start":{"line":115,"column":37},"end":{"line":115,"column":null}},"type":"binary-expr","locations":[{"start":{"line":115,"column":37},"end":{"line":115,"column":61}},{"start":{"line":115,"column":50},"end":{"line":115,"column":null}}],"line":115},"12":{"loc":{"start":{"line":127,"column":57},"end":{"line":127,"column":null}},"type":"binary-expr","locations":[{"start":{"line":127,"column":57},"end":{"line":127,"column":129}},{"start":{"line":127,"column":129},"end":{"line":127,"column":null}}],"line":127},"13":{"loc":{"start":{"line":127,"column":99},"end":{"line":127,"column":123}},"type":"binary-expr","locations":[{"start":{"line":127,"column":99},"end":{"line":127,"column":119}},{"start":{"line":127,"column":119},"end":{"line":127,"column":123}}],"line":127},"14":{"loc":{"start":{"line":129,"column":55},"end":{"line":129,"column":null}},"type":"binary-expr","locations":[{"start":{"line":129,"column":55},"end":{"line":129,"column":131}},{"start":{"line":129,"column":131},"end":{"line":129,"column":null}}],"line":129},"15":{"loc":{"start":{"line":129,"column":97},"end":{"line":129,"column":125}},"type":"binary-expr","locations":[{"start":{"line":129,"column":97},"end":{"line":129,"column":121}},{"start":{"line":129,"column":121},"end":{"line":129,"column":125}}],"line":129},"16":{"loc":{"start":{"line":136,"column":45},"end":{"line":149,"column":null}},"type":"cond-expr","locations":[{"start":{"line":136,"column":60},"end":{"line":147,"column":75}},{"start":{"line":147,"column":75},"end":{"line":149,"column":null}}],"line":136},"17":{"loc":{"start":{"line":162,"column":13},"end":{"line":167,"column":null}},"type":"binary-expr","locations":[{"start":{"line":162,"column":13},"end":{"line":162,"column":null}},{"start":{"line":162,"column":13},"end":{"line":167,"column":null}}],"line":162},"18":{"loc":{"start":{"line":172,"column":13},"end":{"line":176,"column":null}},"type":"binary-expr","locations":[{"start":{"line":172,"column":13},"end":{"line":172,"column":null}},{"start":{"line":172,"column":13},"end":{"line":176,"column":null}}],"line":172}},"s":{"0":1,"1":0,"2":0,"3":0,"4":0,"5":0,"6":0,"7":0,"8":0,"9":0,"10":1,"11":0,"12":0,"13":0,"14":0,"15":0,"16":0,"17":0,"18":0,"19":0,"20":1,"21":7,"22":7,"23":7,"24":7,"25":5,"26":4,"27":7,"28":7,"29":217,"30":7,"31":7,"32":7,"33":6,"34":6,"35":6,"36":6,"37":6,"38":7,"39":7,"40":7,"41":217,"42":217,"43":217,"44":217,"45":217,"46":1,"47":217,"48":217,"49":6,"50":217,"51":217,"52":6,"53":217,"54":1,"55":0,"56":0,"57":0},"f":{"0":0,"1":0,"2":7,"3":5,"4":4,"5":217,"6":6,"7":6,"8":6,"9":217,"10":1,"11":217,"12":6,"13":6,"14":1,"15":0,"16":0,"17":0},"b":{"0":[0,0,0,0,0,0,0],"1":[0,0],"2":[0,0],"3":[0,0],"4":[0,0],"5":[6,0],"6":[217,0],"7":[0,0],"8":[217,211],"9":[0,217],"10":[217,6],"11":[217,0],"12":[217,211],"13":[6,0],"14":[217,211],"15":[6,0],"16":[6,211],"17":[7,1],"18":[7,1]},"meta":{"lastBranch":19,"lastFunction":18,"lastStatement":58,"seen":{"s:23:23:34:Infinity":0,"f:23:23:23:24":0,"s:24:22:24:Infinity":1,"b:26:8:26:Infinity:27:8:27:Infinity:28:8:28:Infinity:29:8:29:Infinity:30:8:30:Infinity:31:8:31:Infinity:32:8:32:Infinity":0,"s:25:4:33:Infinity":2,"s:26:21:26:Infinity":3,"s:27:23:27:Infinity":4,"s:28:22:28:Infinity":5,"s:29:21:29:Infinity":6,"s:30:24:30:Infinity":7,"s:31:29:31:Infinity":8,"s:32:17:32:Infinity":9,"s:36:27:51:Infinity":10,"f:36:27:36:28":1,"b:37:4:37:Infinity:undefined:undefined:undefined:undefined":1,"s:37:4:37:Infinity":11,"s:37:19:37:Infinity":12,"b:38:4:38:Infinity:undefined:undefined:undefined:undefined":2,"s:38:4:38:Infinity":13,"s:38:15:38:Infinity":14,"b:39:4:49:Infinity:undefined:undefined:undefined:undefined":3,"s:39:4:49:Infinity":15,"b:39:8:39:22:39:22:39:39":4,"s:40:28:40:43":16,"s:41:37:41:Infinity":17,"s:42:8:46:Infinity":18,"s:50:4:50:Infinity":19,"s:53:28:181:Infinity":20,"f:53:28:53:29":2,"s:55:47:55:Infinity":21,"s:56:61:56:Infinity":22,"s:57:10:57:Infinity":23,"s:59:4:64:23":24,"f:59:14:59:Infinity":3,"s:61:8:63:17":25,"f:61:19:61:Infinity":4,"s:62:12:62:Infinity":26,"s:66:24:66:Infinity":27,"s:67:22:67:Infinity":28,"f:67:58:67:59":5,"s:67:68:67:Infinity":29,"s:70:26:70:Infinity":30,"s:71:29:71:Infinity":31,"s:73:4:84:Infinity":32,"f:73:24:73:Infinity":6,"s:75:8:77:Infinity":33,"f:75:60:75:61":7,"s:76:12:76:Infinity":34,"b:79:8:83:Infinity:undefined:undefined:undefined:undefined":5,"s:79:8:83:Infinity":35,"s:80:12:82:Infinity":36,"f:80:67:80:68":8,"s:81:16:81:Infinity":37,"s:86:16:86:Infinity":38,"s:88:22:88:Infinity":39,"s:90:4:176:Infinity":40,"f:93:31:93:Infinity":9,"s:94:33:94:Infinity":41,"s:95:39:95:114":42,"s:96:35:96:Infinity":43,"b:96:54:96:64:96:64:96:Infinity":6,"b:96:105:96:115:96:115:96:Infinity":7,"s:98:38:98:Infinity":44,"b:98:38:98:75:98:75:98:Infinity":8,"s:100:20:101:39":45,"b:101:102:101:113:101:113:101:Infinity":9,"b:109:37:109:Infinity:109:49:112:Infinity":10,"b:115:37:115:61:115:50:115:Infinity":11,"f:117:87:117:93":10,"s:117:93:117:132":46,"f:124:45:124:Infinity":11,"s:125:57:125:Infinity":47,"s:127:57:127:Infinity":48,"b:127:57:127:129:127:129:127:Infinity":12,"f:127:78:127:79":12,"s:127:92:127:123":49,"b:127:99:127:119:127:119:127:123":13,"s:128:57:128:76":50,"s:129:55:129:Infinity":51,"b:129:55:129:131:129:131:129:Infinity":14,"f:129:76:129:77":13,"s:129:90:129:125":52,"b:129:97:129:121:129:121:129:125":15,"s:131:36:133:61":53,"b:136:60:147:75:147:75:149:Infinity":16,"f:142:90:142:96":14,"s:142:96:142:146":54,"f:148:96:148:102":15,"s:148:102:148:Infinity":55,"b:162:13:162:Infinity:162:13:167:Infinity":17,"f:167:29:167:35":16,"s:167:35:167:Infinity":56,"b:172:13:172:Infinity:172:13:176:Infinity":18,"f:176:29:176:35":17,"s:176:35:176:Infinity":57}}}
,"C:\\Users\\elian\\OneDrive\\Documentos\\1-Proyectos\\Reales\\sistema-riego-goteo-react\\src\\components\\irrigation\\IrrigationForm.tsx": {"path":"C:\\Users\\elian\\OneDrive\\Documentos\\1-Proyectos\\Reales\\sistema-riego-goteo-react\\src\\components\\irrigation\\IrrigationForm.tsx","statementMap":{"0":{"start":{"line":19,"column":23},"end":{"line":154,"column":null}},"1":{"start":{"line":20,"column":10},"end":{"line":20,"column":null}},"2":{"start":{"line":22,"column":68},"end":{"line":25,"column":null}},"3":{"start":{"line":24,"column":23},"end":{"line":24,"column":null}},"4":{"start":{"line":27,"column":35},"end":{"line":27,"column":null}},"5":{"start":{"line":28,"column":47},"end":{"line":28,"column":null}},"6":{"start":{"line":30,"column":39},"end":{"line":30,"column":57}},"7":{"start":{"line":31,"column":55},"end":{"line":31,"column":null}},"8":{"start":{"line":33,"column":4},"end":{"line":37,"column":null}},"9":{"start":{"line":34,"column":8},"end":{"line":36,"column":null}},"10":{"start":{"line":35,"column":12},"end":{"line":35,"column":null}},"11":{"start":{"line":39,"column":40},"end":{"line":61,"column":null}},"12":{"start":{"line":41,"column":22},"end":{"line":41,"column":null}},"13":{"start":{"line":42,"column":8},"end":{"line":44,"column":null}},"14":{"start":{"line":43,"column":12},"end":{"line":43,"column":null}},"15":{"start":{"line":46,"column":22},"end":{"line":46,"column":null}},"16":{"start":{"line":47,"column":35},"end":{"line":47,"column":60}},"17":{"start":{"line":49,"column":20},"end":{"line":49,"column":null}},"18":{"start":{"line":50,"column":33},"end":{"line":55,"column":null}},"19":{"start":{"line":57,"column":8},"end":{"line":60,"column":null}},"20":{"start":{"line":63,"column":10},"end":{"line":71,"column":null}},"21":{"start":{"line":66,"column":12},"end":{"line":66,"column":null}},"22":{"start":{"line":67,"column":12},"end":{"line":67,"column":null}},"23":{"start":{"line":68,"column":12},"end":{"line":68,"column":null}},"24":{"start":{"line":70,"column":33},"end":{"line":70,"column":null}},"25":{"start":{"line":73,"column":32},"end":{"line":84,"column":null}},"26":{"start":{"line":74,"column":32},"end":{"line":74,"column":40}},"27":{"start":{"line":75,"column":28},"end":{"line":75,"column":null}},"28":{"start":{"line":77,"column":8},"end":{"line":83,"column":null}},"29":{"start":{"line":78,"column":12},"end":{"line":82,"column":null}},"30":{"start":{"line":79,"column":16},"end":{"line":79,"column":null}},"31":{"start":{"line":80,"column":19},"end":{"line":82,"column":null}},"32":{"start":{"line":81,"column":16},"end":{"line":81,"column":null}},"33":{"start":{"line":86,"column":25},"end":{"line":103,"column":null}},"34":{"start":{"line":87,"column":8},"end":{"line":87,"column":null}},"35":{"start":{"line":88,"column":8},"end":{"line":91,"column":null}},"36":{"start":{"line":89,"column":12},"end":{"line":89,"column":null}},"37":{"start":{"line":90,"column":12},"end":{"line":90,"column":null}},"38":{"start":{"line":93,"column":47},"end":{"line":101,"column":null}},"39":{"start":{"line":102,"column":8},"end":{"line":102,"column":null}},"40":{"start":{"line":105,"column":4},"end":{"line":147,"column":null}},"41":{"start":{"line":114,"column":114},"end":{"line":114,"column":144}},"42":{"start":{"line":125,"column":121},"end":{"line":125,"column":161}},"43":{"start":{"line":127,"column":54},"end":{"line":128,"column":60}}},"fnMap":{"0":{"name":"(anonymous_0)","decl":{"start":{"line":19,"column":23},"end":{"line":19,"column":24}},"loc":{"start":{"line":19,"column":78},"end":{"line":154,"column":null}},"line":19},"1":{"name":"(anonymous_1)","decl":{"start":{"line":24,"column":17},"end":{"line":24,"column":23}},"loc":{"start":{"line":24,"column":23},"end":{"line":24,"column":null}},"line":24},"2":{"name":"(anonymous_2)","decl":{"start":{"line":33,"column":14},"end":{"line":33,"column":null}},"loc":{"start":{"line":33,"column":14},"end":{"line":37,"column":7}},"line":33},"3":{"name":"(anonymous_3)","decl":{"start":{"line":39,"column":51},"end":{"line":39,"column":null}},"loc":{"start":{"line":39,"column":51},"end":{"line":61,"column":7}},"line":39},"4":{"name":"(anonymous_4)","decl":{"start":{"line":65,"column":19},"end":{"line":65,"column":null}},"loc":{"start":{"line":65,"column":19},"end":{"line":69,"column":null}},"line":65},"5":{"name":"(anonymous_5)","decl":{"start":{"line":70,"column":17},"end":{"line":70,"column":18}},"loc":{"start":{"line":70,"column":33},"end":{"line":70,"column":null}},"line":70},"6":{"name":"(anonymous_6)","decl":{"start":{"line":73,"column":32},"end":{"line":73,"column":33}},"loc":{"start":{"line":73,"column":33},"end":{"line":84,"column":null}},"line":73},"7":{"name":"(anonymous_7)","decl":{"start":{"line":86,"column":25},"end":{"line":86,"column":26}},"loc":{"start":{"line":86,"column":26},"end":{"line":103,"column":null}},"line":86},"8":{"name":"(anonymous_8)","decl":{"start":{"line":114,"column":107},"end":{"line":114,"column":108}},"loc":{"start":{"line":114,"column":114},"end":{"line":114,"column":144}},"line":114},"9":{"name":"(anonymous_9)","decl":{"start":{"line":125,"column":114},"end":{"line":125,"column":115}},"loc":{"start":{"line":125,"column":121},"end":{"line":125,"column":161}},"line":125},"10":{"name":"(anonymous_10)","decl":{"start":{"line":127,"column":54},"end":{"line":127,"column":null}},"loc":{"start":{"line":127,"column":54},"end":{"line":128,"column":60}},"line":127}},"branchMap":{"0":{"loc":{"start":{"line":22,"column":18},"end":{"line":22,"column":35}},"type":"default-arg","locations":[{"start":{"line":22,"column":33},"end":{"line":22,"column":35}}],"line":22},"1":{"loc":{"start":{"line":31,"column":75},"end":{"line":31,"column":null}},"type":"binary-expr","locations":[{"start":{"line":31,"column":75},"end":{"line":31,"column":109}},{"start":{"line":31,"column":109},"end":{"line":31,"column":null}}],"line":31},"2":{"loc":{"start":{"line":34,"column":8},"end":{"line":36,"column":null}},"type":"if","locations":[{"start":{"line":34,"column":8},"end":{"line":36,"column":null}},{"start":{},"end":{}}],"line":34},"3":{"loc":{"start":{"line":42,"column":8},"end":{"line":44,"column":null}},"type":"if","locations":[{"start":{"line":42,"column":8},"end":{"line":44,"column":null}},{"start":{},"end":{}}],"line":42},"4":{"loc":{"start":{"line":42,"column":12},"end":{"line":42,"column":57}},"type":"binary-expr","locations":[{"start":{"line":42,"column":12},"end":{"line":42,"column":21}},{"start":{"line":42,"column":21},"end":{"line":42,"column":35}},{"start":{"line":42,"column":35},"end":{"line":42,"column":45}},{"start":{"line":42,"column":45},"end":{"line":42,"column":57}}],"line":42},"5":{"loc":{"start":{"line":77,"column":8},"end":{"line":83,"column":null}},"type":"if","locations":[{"start":{"line":77,"column":8},"end":{"line":83,"column":null}},{"start":{},"end":{}}],"line":77},"6":{"loc":{"start":{"line":78,"column":12},"end":{"line":82,"column":null}},"type":"if","locations":[{"start":{"line":78,"column":12},"end":{"line":82,"column":null}},{"start":{"line":80,"column":19},"end":{"line":82,"column":null}}],"line":78},"7":{"loc":{"start":{"line":80,"column":19},"end":{"line":82,"column":null}},"type":"if","locations":[{"start":{"line":80,"column":19},"end":{"line":82,"column":null}},{"start":{},"end":{}}],"line":80},"8":{"loc":{"start":{"line":88,"column":8},"end":{"line":91,"column":null}},"type":"if","locations":[{"start":{"line":88,"column":8},"end":{"line":91,"column":null}},{"start":{},"end":{}}],"line":88},"9":{"loc":{"start":{"line":88,"column":12},"end":{"line":88,"column":68}},"type":"binary-expr","locations":[{"start":{"line":88,"column":12},"end":{"line":88,"column":30}},{"start":{"line":88,"column":30},"end":{"line":88,"column":46}},{"start":{"line":88,"column":46},"end":{"line":88,"column":68}}],"line":88},"10":{"loc":{"start":{"line":97,"column":25},"end":{"line":97,"column":null}},"type":"binary-expr","locations":[{"start":{"line":97,"column":25},"end":{"line":97,"column":52}},{"start":{"line":97,"column":52},"end":{"line":97,"column":null}}],"line":97},"11":{"loc":{"start":{"line":98,"column":29},"end":{"line":98,"column":null}},"type":"binary-expr","locations":[{"start":{"line":98,"column":29},"end":{"line":98,"column":60}},{"start":{"line":98,"column":60},"end":{"line":98,"column":null}}],"line":98},"12":{"loc":{"start":{"line":122,"column":29},"end":{"line":128,"column":60}},"type":"cond-expr","locations":[{"start":{"line":122,"column":47},"end":{"line":125,"column":33}},{"start":{"line":125,"column":32},"end":{"line":128,"column":60}}],"line":122},"13":{"loc":{"start":{"line":123,"column":58},"end":{"line":123,"column":116}},"type":"binary-expr","locations":[{"start":{"line":123,"column":58},"end":{"line":123,"column":78}},{"start":{"line":123,"column":82},"end":{"line":123,"column":116}}],"line":123},"14":{"loc":{"start":{"line":126,"column":54},"end":{"line":126,"column":null}},"type":"cond-expr","locations":[{"start":{"line":126,"column":75},"end":{"line":126,"column":91}},{"start":{"line":126,"column":91},"end":{"line":126,"column":null}}],"line":126},"15":{"loc":{"start":{"line":142,"column":50},"end":{"line":142,"column":116}},"type":"cond-expr","locations":[{"start":{"line":142,"column":64},"end":{"line":142,"column":112}},{"start":{"line":142,"column":112},"end":{"line":142,"column":116}}],"line":142},"16":{"loc":{"start":{"line":146,"column":77},"end":{"line":146,"column":null}},"type":"binary-expr","locations":[{"start":{"line":146,"column":77},"end":{"line":146,"column":95}},{"start":{"line":146,"column":99},"end":{"line":146,"column":115}},{"start":{"line":146,"column":115},"end":{"line":146,"column":null}}],"line":146},"17":{"loc":{"start":{"line":147,"column":29},"end":{"line":147,"column":null}},"type":"cond-expr","locations":[{"start":{"line":147,"column":50},"end":{"line":147,"column":67}},{"start":{"line":147,"column":67},"end":{"line":147,"column":null}}],"line":147}},"s":{"0":1,"1":14,"2":14,"3":6,"4":14,"5":14,"6":14,"7":14,"8":14,"9":6,"10":5,"11":14,"12":7,"13":7,"14":1,"15":6,"16":6,"17":6,"18":6,"19":6,"20":14,"21":1,"22":1,"23":1,"24":1,"25":14,"26":1,"27":1,"28":1,"29":1,"30":1,"31":0,"32":0,"33":14,"34":2,"35":2,"36":0,"37":0,"38":2,"39":2,"40":14,"41":0,"42":1,"43":2},"f":{"0":14,"1":6,"2":6,"3":7,"4":1,"5":1,"6":1,"7":2,"8":0,"9":1,"10":2},"b":{"0":[14],"1":[14,3],"2":[5,1],"3":[1,6],"4":[7,6,6,6],"5":[1,0],"6":[1,0],"7":[0,0],"8":[0,2],"9":[2,2,2],"10":[2,0],"11":[2,0],"12":[11,3],"13":[11,0],"14":[0,3],"15":[13,1],"16":[14,14,13],"17":[0,14]},"meta":{"lastBranch":18,"lastFunction":11,"lastStatement":44,"seen":{"s:19:23:154:Infinity":0,"f:19:23:19:24":0,"s:20:10:20:Infinity":1,"s:22:68:25:Infinity":2,"b:22:33:22:35":0,"f:24:17:24:23":1,"s:24:23:24:Infinity":3,"s:27:35:27:Infinity":4,"s:28:47:28:Infinity":5,"s:30:39:30:57":6,"s:31:55:31:Infinity":7,"b:31:75:31:109:31:109:31:Infinity":1,"s:33:4:37:Infinity":8,"f:33:14:33:Infinity":2,"b:34:8:36:Infinity:undefined:undefined:undefined:undefined":2,"s:34:8:36:Infinity":9,"s:35:12:35:Infinity":10,"s:39:40:61:Infinity":11,"f:39:51:39:Infinity":3,"s:41:22:41:Infinity":12,"b:42:8:44:Infinity:undefined:undefined:undefined:undefined":3,"s:42:8:44:Infinity":13,"b:42:12:42:21:42:21:42:35:42:35:42:45:42:45:42:57":4,"s:43:12:43:Infinity":14,"s:46:22:46:Infinity":15,"s:47:35:47:60":16,"s:49:20:49:Infinity":17,"s:50:33:55:Infinity":18,"s:57:8:60:Infinity":19,"s:63:10:71:Infinity":20,"f:65:19:65:Infinity":4,"s:66:12:66:Infinity":21,"s:67:12:67:Infinity":22,"s:68:12:68:Infinity":23,"f:70:17:70:18":5,"s:70:33:70:Infinity":24,"s:73:32:84:Infinity":25,"f:73:32:73:33":6,"s:74:32:74:40":26,"s:75:28:75:Infinity":27,"b:77:8:83:Infinity:undefined:undefined:undefined:undefined":5,"s:77:8:83:Infinity":28,"b:78:12:82:Infinity:80:19:82:Infinity":6,"s:78:12:82:Infinity":29,"s:79:16:79:Infinity":30,"b:80:19:82:Infinity:undefined:undefined:undefined:undefined":7,"s:80:19:82:Infinity":31,"s:81:16:81:Infinity":32,"s:86:25:103:Infinity":33,"f:86:25:86:26":7,"s:87:8:87:Infinity":34,"b:88:8:91:Infinity:undefined:undefined:undefined:undefined":8,"s:88:8:91:Infinity":35,"b:88:12:88:30:88:30:88:46:88:46:88:68":9,"s:89:12:89:Infinity":36,"s:90:12:90:Infinity":37,"s:93:47:101:Infinity":38,"b:97:25:97:52:97:52:97:Infinity":10,"b:98:29:98:60:98:60:98:Infinity":11,"s:102:8:102:Infinity":39,"s:105:4:147:Infinity":40,"f:114:107:114:108":8,"s:114:114:114:144":41,"b:122:47:125:33:125:32:128:60":12,"b:123:58:123:78:123:82:123:116":13,"f:125:114:125:115":9,"s:125:121:125:161":42,"b:126:75:126:91:126:91:126:Infinity":14,"f:127:54:127:Infinity":10,"s:127:54:128:60":43,"b:142:64:142:112:142:112:142:116":15,"b:146:77:146:95:146:99:146:115:146:115:146:Infinity":16,"b:147:50:147:67:147:67:147:Infinity":17}}}
,"C:\\Users\\elian\\OneDrive\\Documentos\\1-Proyectos\\Reales\\sistema-riego-goteo-react\\src\\components\\precipitation\\PrecipitationList.css": {"path":"C:\\Users\\elian\\OneDrive\\Documentos\\1-Proyectos\\Reales\\sistema-riego-goteo-react\\src\\components\\precipitation\\PrecipitationList.css","statementMap":{},"fnMap":{},"branchMap":{},"s":{},"f":{},"b":{},"meta":{"lastBranch":0,"lastFunction":0,"lastStatement":0,"seen":{}}}
,"C:\\Users\\elian\\OneDrive\\Documentos\\1-Proyectos\\Reales\\sistema-riego-goteo-react\\src\\components\\precipitation\\PrecipitationList.tsx": {"path":"C:\\Users\\elian\\OneDrive\\Documentos\\1-Proyectos\\Reales\\sistema-riego-goteo-react\\src\\components\\precipitation\\PrecipitationList.tsx","statementMap":{"0":{"start":{"line":14,"column":26},"end":{"line":92,"column":null}},"1":{"start":{"line":15,"column":10},"end":{"line":15,"column":null}},"2":{"start":{"line":17,"column":59},"end":{"line":20,"column":null}},"3":{"start":{"line":19,"column":23},"end":{"line":19,"column":null}},"4":{"start":{"line":22,"column":10},"end":{"line":32,"column":null}},"5":{"start":{"line":23,"column":36},"end":{"line":23,"column":null}},"6":{"start":{"line":25,"column":12},"end":{"line":25,"column":null}},"7":{"start":{"line":26,"column":12},"end":{"line":26,"column":null}},"8":{"start":{"line":27,"column":12},"end":{"line":27,"column":null}},"9":{"start":{"line":30,"column":12},"end":{"line":30,"column":null}},"10":{"start":{"line":34,"column":4},"end":{"line":40,"column":null}},"11":{"start":{"line":35,"column":8},"end":{"line":37,"column":null}},"12":{"start":{"line":42,"column":4},"end":{"line":48,"column":null}},"13":{"start":{"line":43,"column":8},"end":{"line":44,"column":null}},"14":{"start":{"line":50,"column":4},"end":{"line":67,"column":null}},"15":{"start":{"line":66,"column":49},"end":{"line":67,"column":null}},"16":{"start":{"line":73,"column":48},"end":{"line":75,"column":null}},"17":{"start":{"line":74,"column":52},"end":{"line":74,"column":null}}},"fnMap":{"0":{"name":"(anonymous_0)","decl":{"start":{"line":14,"column":26},"end":{"line":14,"column":27}},"loc":{"start":{"line":14,"column":44},"end":{"line":92,"column":null}},"line":14},"1":{"name":"(anonymous_1)","decl":{"start":{"line":19,"column":17},"end":{"line":19,"column":23}},"loc":{"start":{"line":19,"column":23},"end":{"line":19,"column":null}},"line":19},"2":{"name":"(anonymous_2)","decl":{"start":{"line":23,"column":20},"end":{"line":23,"column":21}},"loc":{"start":{"line":23,"column":36},"end":{"line":23,"column":null}},"line":23},"3":{"name":"(anonymous_3)","decl":{"start":{"line":24,"column":19},"end":{"line":24,"column":null}},"loc":{"start":{"line":24,"column":19},"end":{"line":28,"column":null}},"line":24},"4":{"name":"(anonymous_4)","decl":{"start":{"line":29,"column":17},"end":{"line":29,"column":18}},"loc":{"start":{"line":29,"column":18},"end":{"line":31,"column":null}},"line":29},"5":{"name":"(anonymous_5)","decl":{"start":{"line":66,"column":48},"end":{"line":66,"column":49}},"loc":{"start":{"line":66,"column":49},"end":{"line":67,"column":null}},"line":66},"6":{"name":"(anonymous_6)","decl":{"start":{"line":72,"column":53},"end":{"line":72,"column":null}},"loc":{"start":{"line":72,"column":53},"end":{"line":76,"column":null}},"line":72}},"branchMap":{"0":{"loc":{"start":{"line":17,"column":18},"end":{"line":17,"column":37}},"type":"default-arg","locations":[{"start":{"line":17,"column":35},"end":{"line":17,"column":37}}],"line":17},"1":{"loc":{"start":{"line":34,"column":4},"end":{"line":40,"column":null}},"type":"if","locations":[{"start":{"line":34,"column":4},"end":{"line":40,"column":null}},{"start":{},"end":{}}],"line":34},"2":{"loc":{"start":{"line":42,"column":4},"end":{"line":48,"column":null}},"type":"if","locations":[{"start":{"line":42,"column":4},"end":{"line":48,"column":null}},{"start":{},"end":{}}],"line":42},"3":{"loc":{"start":{"line":53,"column":13},"end":{"line":67,"column":null}},"type":"cond-expr","locations":[{"start":{"line":53,"column":39},"end":{"line":56,"column":17}},{"start":{"line":56,"column":16},"end":{"line":67,"column":null}}],"line":53},"4":{"loc":{"start":{"line":73,"column":48},"end":{"line":75,"column":null}},"type":"if","locations":[{"start":{"line":73,"column":48},"end":{"line":75,"column":null}},{"start":{},"end":{}}],"line":73},"5":{"loc":{"start":{"line":81,"column":45},"end":{"line":81,"column":null}},"type":"cond-expr","locations":[{"start":{"line":81,"column":69},"end":{"line":81,"column":122}},{"start":{"line":81,"column":121},"end":{"line":81,"column":null}}],"line":81}},"s":{"0":1,"1":10,"2":10,"3":6,"4":10,"5":1,"6":1,"7":1,"8":1,"9":0,"10":10,"11":5,"12":5,"13":1,"14":4,"15":4,"16":1,"17":1},"f":{"0":10,"1":6,"2":1,"3":1,"4":0,"5":4,"6":1},"b":{"0":[10],"1":[5,5],"2":[1,4],"3":[1,3],"4":[1,0],"5":[0,4]},"meta":{"lastBranch":6,"lastFunction":7,"lastStatement":18,"seen":{"s:14:26:92:Infinity":0,"f:14:26:14:27":0,"s:15:10:15:Infinity":1,"s:17:59:20:Infinity":2,"b:17:35:17:37":0,"f:19:17:19:23":1,"s:19:23:19:Infinity":3,"s:22:10:32:Infinity":4,"f:23:20:23:21":2,"s:23:36:23:Infinity":5,"f:24:19:24:Infinity":3,"s:25:12:25:Infinity":6,"s:26:12:26:Infinity":7,"s:27:12:27:Infinity":8,"f:29:17:29:18":4,"s:30:12:30:Infinity":9,"b:34:4:40:Infinity:undefined:undefined:undefined:undefined":1,"s:34:4:40:Infinity":10,"s:35:8:37:Infinity":11,"b:42:4:48:Infinity:undefined:undefined:undefined:undefined":2,"s:42:4:48:Infinity":12,"s:43:8:44:Infinity":13,"s:50:4:67:Infinity":14,"b:53:39:56:17:56:16:67:Infinity":3,"f:66:48:66:49":5,"s:66:49:67:Infinity":15,"f:72:53:72:Infinity":6,"b:73:48:75:Infinity:undefined:undefined:undefined:undefined":4,"s:73:48:75:Infinity":16,"s:74:52:74:Infinity":17,"b:81:69:81:122:81:121:81:Infinity":5}}}
,"C:\\Users\\elian\\OneDrive\\Documentos\\1-Proyectos\\Reales\\sistema-riego-goteo-react\\src\\components\\ui\\ActionsMenu.css": {"path":"C:\\Users\\elian\\OneDrive\\Documentos\\1-Proyectos\\Reales\\sistema-riego-goteo-react\\src\\components\\ui\\ActionsMenu.css","statementMap":{},"fnMap":{},"branchMap":{},"s":{},"f":{},"b":{},"meta":{"lastBranch":0,"lastFunction":0,"lastStatement":0,"seen":{}}}
,"C:\\Users\\elian\\OneDrive\\Documentos\\1-Proyectos\\Reales\\sistema-riego-goteo-react\\src\\components\\ui\\ActionsMenu.tsx": {"path":"C:\\Users\\elian\\OneDrive\\Documentos\\1-Proyectos\\Reales\\sistema-riego-goteo-react\\src\\components\\ui\\ActionsMenu.tsx","statementMap":{"0":{"start":{"line":17,"column":20},"end":{"line":57,"column":null}},"1":{"start":{"line":18,"column":27},"end":{"line":18,"column":null}},"2":{"start":{"line":19,"column":8},"end":{"line":19,"column":null}},"3":{"start":{"line":22,"column":2},"end":{"line":30,"column":null}},"4":{"start":{"line":23,"column":31},"end":{"line":27,"column":null}},"5":{"start":{"line":24,"column":6},"end":{"line":26,"column":null}},"6":{"start":{"line":25,"column":8},"end":{"line":25,"column":null}},"7":{"start":{"line":28,"column":4},"end":{"line":28,"column":null}},"8":{"start":{"line":29,"column":4},"end":{"line":29,"column":null}},"9":{"start":{"line":29,"column":17},"end":{"line":29,"column":null}},"10":{"start":{"line":32,"column":26},"end":{"line":35,"column":null}},"11":{"start":{"line":33,"column":4},"end":{"line":33,"column":null}},"12":{"start":{"line":34,"column":4},"end":{"line":34,"column":null}},"13":{"start":{"line":37,"column":2},"end":{"line":46,"column":null}},"14":{"start":{"line":39,"column":61},"end":{"line":39,"column":81}},"15":{"start":{"line":44,"column":28},"end":{"line":46,"column":null}},"16":{"start":{"line":47,"column":29},"end":{"line":47,"column":null}}},"fnMap":{"0":{"name":"(anonymous_0)","decl":{"start":{"line":17,"column":20},"end":{"line":17,"column":21}},"loc":{"start":{"line":17,"column":48},"end":{"line":57,"column":null}},"line":17},"1":{"name":"(anonymous_1)","decl":{"start":{"line":22,"column":12},"end":{"line":22,"column":null}},"loc":{"start":{"line":22,"column":12},"end":{"line":30,"column":5}},"line":22},"2":{"name":"(anonymous_2)","decl":{"start":{"line":23,"column":31},"end":{"line":23,"column":32}},"loc":{"start":{"line":23,"column":32},"end":{"line":27,"column":null}},"line":23},"3":{"name":"(anonymous_3)","decl":{"start":{"line":29,"column":11},"end":{"line":29,"column":17}},"loc":{"start":{"line":29,"column":17},"end":{"line":29,"column":null}},"line":29},"4":{"name":"(anonymous_4)","decl":{"start":{"line":32,"column":26},"end":{"line":32,"column":27}},"loc":{"start":{"line":32,"column":27},"end":{"line":35,"column":null}},"line":32},"5":{"name":"(anonymous_5)","decl":{"start":{"line":39,"column":55},"end":{"line":39,"column":61}},"loc":{"start":{"line":39,"column":61},"end":{"line":39,"column":81}},"line":39},"6":{"name":"(anonymous_6)","decl":{"start":{"line":44,"column":21},"end":{"line":44,"column":22}},"loc":{"start":{"line":44,"column":28},"end":{"line":46,"column":null}},"line":44},"7":{"name":"(anonymous_7)","decl":{"start":{"line":47,"column":23},"end":{"line":47,"column":29}},"loc":{"start":{"line":47,"column":29},"end":{"line":47,"column":null}},"line":47}},"branchMap":{"0":{"loc":{"start":{"line":24,"column":6},"end":{"line":26,"column":null}},"type":"if","locations":[{"start":{"line":24,"column":6},"end":{"line":26,"column":null}},{"start":{},"end":{}}],"line":24},"1":{"loc":{"start":{"line":24,"column":10},"end":{"line":24,"column":78}},"type":"binary-expr","locations":[{"start":{"line":24,"column":10},"end":{"line":24,"column":25}},{"start":{"line":24,"column":29},"end":{"line":24,"column":78}}],"line":24},"2":{"loc":{"start":{"line":42,"column":7},"end":{"line":46,"column":null}},"type":"binary-expr","locations":[{"start":{"line":42,"column":7},"end":{"line":42,"column":null}},{"start":{"line":42,"column":7},"end":{"line":46,"column":null}}],"line":42}},"s":{"0":1,"1":3,"2":3,"3":3,"4":3,"5":0,"6":0,"7":3,"8":3,"9":3,"10":3,"11":0,"12":0,"13":3,"14":0,"15":0,"16":0},"f":{"0":3,"1":3,"2":0,"3":3,"4":0,"5":0,"6":0,"7":0},"b":{"0":[0,0],"1":[0,0],"2":[3,0]},"meta":{"lastBranch":3,"lastFunction":8,"lastStatement":17,"seen":{"s:17:20:57:Infinity":0,"f:17:20:17:21":0,"s:18:27:18:Infinity":1,"s:19:8:19:Infinity":2,"s:22:2:30:Infinity":3,"f:22:12:22:Infinity":1,"s:23:31:27:Infinity":4,"f:23:31:23:32":2,"b:24:6:26:Infinity:undefined:undefined:undefined:undefined":0,"s:24:6:26:Infinity":5,"b:24:10:24:25:24:29:24:78":1,"s:25:8:25:Infinity":6,"s:28:4:28:Infinity":7,"s:29:4:29:Infinity":8,"f:29:11:29:17":3,"s:29:17:29:Infinity":9,"s:32:26:35:Infinity":10,"f:32:26:32:27":4,"s:33:4:33:Infinity":11,"s:34:4:34:Infinity":12,"s:37:2:46:Infinity":13,"f:39:55:39:61":5,"s:39:61:39:81":14,"b:42:7:42:Infinity:42:7:46:Infinity":2,"f:44:21:44:22":6,"s:44:28:46:Infinity":15,"f:47:23:47:29":7,"s:47:29:47:Infinity":16}}}
,"C:\\Users\\elian\\OneDrive\\Documentos\\1-Proyectos\\Reales\\sistema-riego-goteo-react\\src\\components\\ui\\StatusToggle.css": {"path":"C:\\Users\\elian\\OneDrive\\Documentos\\1-Proyectos\\Reales\\sistema-riego-goteo-react\\src\\components\\ui\\StatusToggle.css","statementMap":{},"fnMap":{},"branchMap":{},"s":{},"f":{},"b":{},"meta":{"lastBranch":0,"lastFunction":0,"lastStatement":0,"seen":{}}}
,"C:\\Users\\elian\\OneDrive\\Documentos\\1-Proyectos\\Reales\\sistema-riego-goteo-react\\src\\components\\ui\\StatusToggle.tsx": {"path":"C:\\Users\\elian\\OneDrive\\Documentos\\1-Proyectos\\Reales\\sistema-riego-goteo-react\\src\\components\\ui\\StatusToggle.tsx","statementMap":{"0":{"start":{"line":9,"column":21},"end":{"line":27,"column":null}},"1":{"start":{"line":10,"column":23},"end":{"line":14,"column":null}},"2":{"start":{"line":11,"column":4},"end":{"line":13,"column":null}},"3":{"start":{"line":12,"column":6},"end":{"line":12,"column":null}},"4":{"start":{"line":16,"column":2},"end":{"line":24,"column":null}}},"fnMap":{"0":{"name":"(anonymous_0)","decl":{"start":{"line":9,"column":21},"end":{"line":9,"column":22}},"loc":{"start":{"line":9,"column":74},"end":{"line":27,"column":null}},"line":9},"1":{"name":"(anonymous_1)","decl":{"start":{"line":10,"column":23},"end":{"line":10,"column":null}},"loc":{"start":{"line":10,"column":23},"end":{"line":14,"column":null}},"line":10}},"branchMap":{"0":{"loc":{"start":{"line":11,"column":4},"end":{"line":13,"column":null}},"type":"if","locations":[{"start":{"line":11,"column":4},"end":{"line":13,"column":null}},{"start":{},"end":{}}],"line":11}},"s":{"0":1,"1":4,"2":2,"3":1,"4":4},"f":{"0":4,"1":2},"b":{"0":[1,1]},"meta":{"lastBranch":1,"lastFunction":2,"lastStatement":5,"seen":{"s:9:21:27:Infinity":0,"f:9:21:9:22":0,"s:10:23:14:Infinity":1,"f:10:23:10:Infinity":1,"b:11:4:13:Infinity:undefined:undefined:undefined:undefined":0,"s:11:4:13:Infinity":2,"s:12:6:12:Infinity":3,"s:16:2:24:Infinity":4}}}
,"C:\\Users\\elian\\OneDrive\\Documentos\\1-Proyectos\\Reales\\sistema-riego-goteo-react\\src\\components\\users\\ChangePasswordModal.css": {"path":"C:\\Users\\elian\\OneDrive\\Documentos\\1-Proyectos\\Reales\\sistema-riego-goteo-react\\src\\components\\users\\ChangePasswordModal.css","statementMap":{},"fnMap":{},"branchMap":{},"s":{},"f":{},"b":{},"meta":{"lastBranch":0,"lastFunction":0,"lastStatement":0,"seen":{}}}
,"C:\\Users\\elian\\OneDrive\\Documentos\\1-Proyectos\\Reales\\sistema-riego-goteo-react\\src\\services\\authService.ts": {"path":"C:\\Users\\elian\\OneDrive\\Documentos\\1-Proyectos\\Reales\\sistema-riego-goteo-react\\src\\services\\authService.ts","statementMap":{"0":{"start":{"line":3,"column":59},"end":{"line":3,"column":null}},"1":{"start":{"line":8,"column":14},"end":{"line":33,"column":null}},"2":{"start":{"line":9,"column":21},"end":{"line":15,"column":null}},"3":{"start":{"line":17,"column":4},"end":{"line":25,"column":null}},"4":{"start":{"line":19,"column":26},"end":{"line":19,"column":null}},"5":{"start":{"line":19,"column":60},"end":{"line":19,"column":null}},"6":{"start":{"line":20,"column":8},"end":{"line":22,"column":null}},"7":{"start":{"line":21,"column":12},"end":{"line":21,"column":null}},"8":{"start":{"line":23,"column":8},"end":{"line":23,"column":null}},"9":{"start":{"line":27,"column":31},"end":{"line":27,"column":null}},"10":{"start":{"line":29,"column":4},"end":{"line":31,"column":null}},"11":{"start":{"line":30,"column":8},"end":{"line":30,"column":null}},"12":{"start":{"line":32,"column":4},"end":{"line":32,"column":null}},"13":{"start":{"line":35,"column":15},"end":{"line":37,"column":null}},"14":{"start":{"line":36,"column":4},"end":{"line":36,"column":null}},"15":{"start":{"line":39,"column":17},"end":{"line":41,"column":null}},"16":{"start":{"line":40,"column":4},"end":{"line":40,"column":null}},"17":{"start":{"line":43,"column":20},"end":{"line":47,"column":null}}},"fnMap":{"0":{"name":"(anonymous_0)","decl":{"start":{"line":8,"column":14},"end":{"line":8,"column":21}},"loc":{"start":{"line":8,"column":39},"end":{"line":33,"column":null}},"line":8},"1":{"name":"(anonymous_1)","decl":{"start":{"line":19,"column":54},"end":{"line":19,"column":60}},"loc":{"start":{"line":19,"column":60},"end":{"line":19,"column":null}},"line":19},"2":{"name":"(anonymous_2)","decl":{"start":{"line":35,"column":15},"end":{"line":35,"column":null}},"loc":{"start":{"line":35,"column":15},"end":{"line":37,"column":null}},"line":35},"3":{"name":"(anonymous_3)","decl":{"start":{"line":39,"column":17},"end":{"line":39,"column":null}},"loc":{"start":{"line":39,"column":17},"end":{"line":41,"column":null}},"line":39}},"branchMap":{"0":{"loc":{"start":{"line":17,"column":4},"end":{"line":25,"column":null}},"type":"if","locations":[{"start":{"line":17,"column":4},"end":{"line":25,"column":null}},{"start":{},"end":{}}],"line":17},"1":{"loc":{"start":{"line":20,"column":8},"end":{"line":22,"column":null}},"type":"if","locations":[{"start":{"line":20,"column":8},"end":{"line":22,"column":null}},{"start":{},"end":{}}],"line":20},"2":{"loc":{"start":{"line":29,"column":4},"end":{"line":31,"column":null}},"type":"if","locations":[{"start":{"line":29,"column":4},"end":{"line":31,"column":null}},{"start":{},"end":{}}],"line":29}},"s":{"0":1,"1":1,"2":3,"3":3,"4":2,"5":0,"6":2,"7":1,"8":1,"9":1,"10":1,"11":1,"12":1,"13":1,"14":1,"15":1,"16":1,"17":1},"f":{"0":3,"1":0,"2":1,"3":1},"b":{"0":[2,1],"1":[1,1],"2":[1,0]},"meta":{"lastBranch":3,"lastFunction":4,"lastStatement":18,"seen":{"s:3:59:3:Infinity":0,"s:8:14:33:Infinity":1,"f:8:14:8:21":0,"s:9:21:15:Infinity":2,"b:17:4:25:Infinity:undefined:undefined:undefined:undefined":0,"s:17:4:25:Infinity":3,"s:19:26:19:Infinity":4,"f:19:54:19:60":1,"s:19:60:19:Infinity":5,"b:20:8:22:Infinity:undefined:undefined:undefined:undefined":1,"s:20:8:22:Infinity":6,"s:21:12:21:Infinity":7,"s:23:8:23:Infinity":8,"s:27:31:27:Infinity":9,"b:29:4:31:Infinity:undefined:undefined:undefined:undefined":2,"s:29:4:31:Infinity":10,"s:30:8:30:Infinity":11,"s:32:4:32:Infinity":12,"s:35:15:37:Infinity":13,"f:35:15:35:Infinity":2,"s:36:4:36:Infinity":14,"s:39:17:41:Infinity":15,"f:39:17:39:Infinity":3,"s:40:4:40:Infinity":16,"s:43:20:47:Infinity":17}}}
,"C:\\Users\\elian\\OneDrive\\Documentos\\1-Proyectos\\Reales\\sistema-riego-goteo-react\\src\\services\\farmService.ts": {"path":"C:\\Users\\elian\\OneDrive\\Documentos\\1-Proyectos\\Reales\\sistema-riego-goteo-react\\src\\services\\farmService.ts","statementMap":{"0":{"start":{"line":7,"column":21},"end":{"line":7,"column":54}},"1":{"start":{"line":9,"column":22},"end":{"line":16,"column":null}},"2":{"start":{"line":10,"column":18},"end":{"line":10,"column":null}},"3":{"start":{"line":11,"column":44},"end":{"line":11,"column":null}},"4":{"start":{"line":12,"column":4},"end":{"line":14,"column":null}},"5":{"start":{"line":13,"column":8},"end":{"line":13,"column":null}},"6":{"start":{"line":15,"column":4},"end":{"line":15,"column":null}},"7":{"start":{"line":19,"column":17},"end":{"line":26,"column":null}},"8":{"start":{"line":20,"column":21},"end":{"line":23,"column":null}},"9":{"start":{"line":24,"column":4},"end":{"line":24,"column":null}},"10":{"start":{"line":24,"column":22},"end":{"line":24,"column":null}},"11":{"start":{"line":25,"column":4},"end":{"line":25,"column":null}},"12":{"start":{"line":28,"column":19},"end":{"line":36,"column":null}},"13":{"start":{"line":29,"column":21},"end":{"line":33,"column":null}},"14":{"start":{"line":34,"column":4},"end":{"line":34,"column":null}},"15":{"start":{"line":34,"column":22},"end":{"line":34,"column":null}},"16":{"start":{"line":35,"column":4},"end":{"line":35,"column":null}},"17":{"start":{"line":38,"column":19},"end":{"line":46,"column":null}},"18":{"start":{"line":39,"column":21},"end":{"line":43,"column":null}},"19":{"start":{"line":44,"column":4},"end":{"line":44,"column":null}},"20":{"start":{"line":44,"column":22},"end":{"line":44,"column":null}},"21":{"start":{"line":45,"column":4},"end":{"line":45,"column":null}},"22":{"start":{"line":48,"column":19},"end":{"line":54,"column":null}},"23":{"start":{"line":49,"column":21},"end":{"line":52,"column":null}},"24":{"start":{"line":53,"column":4},"end":{"line":53,"column":null}},"25":{"start":{"line":53,"column":22},"end":{"line":53,"column":null}},"26":{"start":{"line":56,"column":25},"end":{"line":62,"column":null}},"27":{"start":{"line":57,"column":21},"end":{"line":60,"column":null}},"28":{"start":{"line":61,"column":4},"end":{"line":61,"column":null}},"29":{"start":{"line":61,"column":22},"end":{"line":61,"column":null}},"30":{"start":{"line":64,"column":29},"end":{"line":70,"column":null}},"31":{"start":{"line":65,"column":21},"end":{"line":68,"column":null}},"32":{"start":{"line":69,"column":4},"end":{"line":69,"column":null}},"33":{"start":{"line":69,"column":22},"end":{"line":69,"column":null}},"34":{"start":{"line":72,"column":20},"end":{"line":79,"column":null}},"35":{"start":{"line":73,"column":21},"end":{"line":76,"column":null}},"36":{"start":{"line":77,"column":4},"end":{"line":77,"column":null}},"37":{"start":{"line":77,"column":22},"end":{"line":77,"column":null}},"38":{"start":{"line":78,"column":4},"end":{"line":78,"column":null}},"39":{"start":{"line":82,"column":25},"end":{"line":89,"column":null}},"40":{"start":{"line":83,"column":21},"end":{"line":86,"column":null}},"41":{"start":{"line":87,"column":4},"end":{"line":87,"column":null}},"42":{"start":{"line":87,"column":22},"end":{"line":87,"column":null}},"43":{"start":{"line":88,"column":4},"end":{"line":88,"column":null}},"44":{"start":{"line":91,"column":21},"end":{"line":99,"column":null}},"45":{"start":{"line":92,"column":21},"end":{"line":96,"column":null}},"46":{"start":{"line":97,"column":4},"end":{"line":97,"column":null}},"47":{"start":{"line":97,"column":22},"end":{"line":97,"column":null}},"48":{"start":{"line":98,"column":4},"end":{"line":98,"column":null}},"49":{"start":{"line":101,"column":21},"end":{"line":109,"column":null}},"50":{"start":{"line":102,"column":21},"end":{"line":106,"column":null}},"51":{"start":{"line":107,"column":4},"end":{"line":107,"column":null}},"52":{"start":{"line":107,"column":22},"end":{"line":107,"column":null}},"53":{"start":{"line":108,"column":4},"end":{"line":108,"column":null}},"54":{"start":{"line":111,"column":21},"end":{"line":117,"column":null}},"55":{"start":{"line":112,"column":21},"end":{"line":115,"column":null}},"56":{"start":{"line":116,"column":4},"end":{"line":116,"column":null}},"57":{"start":{"line":116,"column":22},"end":{"line":116,"column":null}},"58":{"start":{"line":119,"column":28},"end":{"line":126,"column":null}},"59":{"start":{"line":120,"column":21},"end":{"line":123,"column":null}},"60":{"start":{"line":124,"column":4},"end":{"line":124,"column":null}},"61":{"start":{"line":124,"column":22},"end":{"line":124,"column":null}},"62":{"start":{"line":125,"column":4},"end":{"line":125,"column":null}},"63":{"start":{"line":128,"column":24},"end":{"line":136,"column":null}},"64":{"start":{"line":129,"column":21},"end":{"line":133,"column":null}},"65":{"start":{"line":134,"column":4},"end":{"line":134,"column":null}},"66":{"start":{"line":134,"column":22},"end":{"line":134,"column":null}},"67":{"start":{"line":135,"column":4},"end":{"line":135,"column":null}},"68":{"start":{"line":138,"column":24},"end":{"line":146,"column":null}},"69":{"start":{"line":139,"column":21},"end":{"line":143,"column":null}},"70":{"start":{"line":144,"column":4},"end":{"line":144,"column":null}},"71":{"start":{"line":144,"column":22},"end":{"line":144,"column":null}},"72":{"start":{"line":145,"column":4},"end":{"line":145,"column":null}},"73":{"start":{"line":148,"column":24},"end":{"line":154,"column":null}},"74":{"start":{"line":149,"column":21},"end":{"line":152,"column":null}},"75":{"start":{"line":153,"column":4},"end":{"line":153,"column":null}},"76":{"start":{"line":153,"column":22},"end":{"line":153,"column":null}},"77":{"start":{"line":156,"column":30},"end":{"line":163,"column":null}},"78":{"start":{"line":157,"column":21},"end":{"line":160,"column":null}},"79":{"start":{"line":161,"column":4},"end":{"line":161,"column":null}},"80":{"start":{"line":161,"column":22},"end":{"line":161,"column":null}},"81":{"start":{"line":162,"column":4},"end":{"line":162,"column":null}},"82":{"start":{"line":165,"column":26},"end":{"line":173,"column":null}},"83":{"start":{"line":166,"column":21},"end":{"line":170,"column":null}},"84":{"start":{"line":171,"column":4},"end":{"line":171,"column":null}},"85":{"start":{"line":171,"column":22},"end":{"line":171,"column":null}},"86":{"start":{"line":172,"column":4},"end":{"line":172,"column":null}},"87":{"start":{"line":175,"column":26},"end":{"line":183,"column":null}},"88":{"start":{"line":176,"column":21},"end":{"line":180,"column":null}},"89":{"start":{"line":181,"column":4},"end":{"line":181,"column":null}},"90":{"start":{"line":181,"column":22},"end":{"line":181,"column":null}},"91":{"start":{"line":182,"column":4},"end":{"line":182,"column":null}},"92":{"start":{"line":185,"column":26},"end":{"line":191,"column":null}},"93":{"start":{"line":186,"column":21},"end":{"line":189,"column":null}},"94":{"start":{"line":190,"column":4},"end":{"line":190,"column":null}},"95":{"start":{"line":190,"column":22},"end":{"line":190,"column":null}},"96":{"start":{"line":193,"column":25},"end":{"line":205,"column":null}},"97":{"start":{"line":194,"column":21},"end":{"line":197,"column":null}},"98":{"start":{"line":198,"column":4},"end":{"line":203,"column":null}},"99":{"start":{"line":199,"column":8},"end":{"line":201,"column":null}},"100":{"start":{"line":200,"column":12},"end":{"line":200,"column":null}},"101":{"start":{"line":202,"column":8},"end":{"line":202,"column":null}},"102":{"start":{"line":204,"column":4},"end":{"line":204,"column":null}},"103":{"start":{"line":211,"column":25},"end":{"line":220,"column":null}},"104":{"start":{"line":212,"column":21},"end":{"line":215,"column":null}},"105":{"start":{"line":216,"column":4},"end":{"line":218,"column":null}},"106":{"start":{"line":217,"column":8},"end":{"line":217,"column":null}},"107":{"start":{"line":219,"column":4},"end":{"line":219,"column":null}},"108":{"start":{"line":223,"column":20},"end":{"line":245,"column":null}}},"fnMap":{"0":{"name":"(anonymous_0)","decl":{"start":{"line":9,"column":22},"end":{"line":9,"column":null}},"loc":{"start":{"line":9,"column":22},"end":{"line":16,"column":null}},"line":9},"1":{"name":"(anonymous_1)","decl":{"start":{"line":19,"column":17},"end":{"line":19,"column":null}},"loc":{"start":{"line":19,"column":17},"end":{"line":26,"column":null}},"line":19},"2":{"name":"(anonymous_2)","decl":{"start":{"line":28,"column":19},"end":{"line":28,"column":26}},"loc":{"start":{"line":28,"column":26},"end":{"line":36,"column":null}},"line":28},"3":{"name":"(anonymous_3)","decl":{"start":{"line":38,"column":19},"end":{"line":38,"column":26}},"loc":{"start":{"line":38,"column":38},"end":{"line":46,"column":null}},"line":38},"4":{"name":"(anonymous_4)","decl":{"start":{"line":48,"column":19},"end":{"line":48,"column":26}},"loc":{"start":{"line":48,"column":26},"end":{"line":54,"column":null}},"line":48},"5":{"name":"(anonymous_5)","decl":{"start":{"line":56,"column":25},"end":{"line":56,"column":32}},"loc":{"start":{"line":56,"column":48},"end":{"line":62,"column":null}},"line":56},"6":{"name":"(anonymous_6)","decl":{"start":{"line":64,"column":29},"end":{"line":64,"column":36}},"loc":{"start":{"line":64,"column":52},"end":{"line":70,"column":null}},"line":64},"7":{"name":"(anonymous_7)","decl":{"start":{"line":72,"column":20},"end":{"line":72,"column":27}},"loc":{"start":{"line":72,"column":27},"end":{"line":79,"column":null}},"line":72},"8":{"name":"(anonymous_8)","decl":{"start":{"line":82,"column":25},"end":{"line":82,"column":32}},"loc":{"start":{"line":82,"column":32},"end":{"line":89,"column":null}},"line":82},"9":{"name":"(anonymous_9)","decl":{"start":{"line":91,"column":21},"end":{"line":91,"column":28}},"loc":{"start":{"line":91,"column":44},"end":{"line":99,"column":null}},"line":91},"10":{"name":"(anonymous_10)","decl":{"start":{"line":101,"column":21},"end":{"line":101,"column":28}},"loc":{"start":{"line":101,"column":62},"end":{"line":109,"column":null}},"line":101},"11":{"name":"(anonymous_11)","decl":{"start":{"line":111,"column":21},"end":{"line":111,"column":28}},"loc":{"start":{"line":111,"column":44},"end":{"line":117,"column":null}},"line":111},"12":{"name":"(anonymous_12)","decl":{"start":{"line":119,"column":28},"end":{"line":119,"column":35}},"loc":{"start":{"line":119,"column":35},"end":{"line":126,"column":null}},"line":119},"13":{"name":"(anonymous_13)","decl":{"start":{"line":128,"column":24},"end":{"line":128,"column":31}},"loc":{"start":{"line":128,"column":47},"end":{"line":136,"column":null}},"line":128},"14":{"name":"(anonymous_14)","decl":{"start":{"line":138,"column":24},"end":{"line":138,"column":31}},"loc":{"start":{"line":138,"column":68},"end":{"line":146,"column":null}},"line":138},"15":{"name":"(anonymous_15)","decl":{"start":{"line":148,"column":24},"end":{"line":148,"column":31}},"loc":{"start":{"line":148,"column":47},"end":{"line":154,"column":null}},"line":148},"16":{"name":"(anonymous_16)","decl":{"start":{"line":156,"column":30},"end":{"line":156,"column":37}},"loc":{"start":{"line":156,"column":37},"end":{"line":163,"column":null}},"line":156},"17":{"name":"(anonymous_17)","decl":{"start":{"line":165,"column":26},"end":{"line":165,"column":33}},"loc":{"start":{"line":165,"column":49},"end":{"line":173,"column":null}},"line":165},"18":{"name":"(anonymous_18)","decl":{"start":{"line":175,"column":26},"end":{"line":175,"column":33}},"loc":{"start":{"line":175,"column":56},"end":{"line":183,"column":null}},"line":175},"19":{"name":"(anonymous_19)","decl":{"start":{"line":185,"column":26},"end":{"line":185,"column":33}},"loc":{"start":{"line":185,"column":33},"end":{"line":191,"column":null}},"line":185},"20":{"name":"(anonymous_20)","decl":{"start":{"line":193,"column":25},"end":{"line":193,"column":32}},"loc":{"start":{"line":193,"column":32},"end":{"line":205,"column":null}},"line":193},"21":{"name":"(anonymous_21)","decl":{"start":{"line":211,"column":25},"end":{"line":211,"column":null}},"loc":{"start":{"line":211,"column":25},"end":{"line":220,"column":null}},"line":211}},"branchMap":{"0":{"loc":{"start":{"line":12,"column":4},"end":{"line":14,"column":null}},"type":"if","locations":[{"start":{"line":12,"column":4},"end":{"line":14,"column":null}},{"start":{},"end":{}}],"line":12},"1":{"loc":{"start":{"line":24,"column":4},"end":{"line":24,"column":null}},"type":"if","locations":[{"start":{"line":24,"column":4},"end":{"line":24,"column":null}},{"start":{},"end":{}}],"line":24},"2":{"loc":{"start":{"line":34,"column":4},"end":{"line":34,"column":null}},"type":"if","locations":[{"start":{"line":34,"column":4},"end":{"line":34,"column":null}},{"start":{},"end":{}}],"line":34},"3":{"loc":{"start":{"line":44,"column":4},"end":{"line":44,"column":null}},"type":"if","locations":[{"start":{"line":44,"column":4},"end":{"line":44,"column":null}},{"start":{},"end":{}}],"line":44},"4":{"loc":{"start":{"line":53,"column":4},"end":{"line":53,"column":null}},"type":"if","locations":[{"start":{"line":53,"column":4},"end":{"line":53,"column":null}},{"start":{},"end":{}}],"line":53},"5":{"loc":{"start":{"line":61,"column":4},"end":{"line":61,"column":null}},"type":"if","locations":[{"start":{"line":61,"column":4},"end":{"line":61,"column":null}},{"start":{},"end":{}}],"line":61},"6":{"loc":{"start":{"line":69,"column":4},"end":{"line":69,"column":null}},"type":"if","locations":[{"start":{"line":69,"column":4},"end":{"line":69,"column":null}},{"start":{},"end":{}}],"line":69},"7":{"loc":{"start":{"line":77,"column":4},"end":{"line":77,"column":null}},"type":"if","locations":[{"start":{"line":77,"column":4},"end":{"line":77,"column":null}},{"start":{},"end":{}}],"line":77},"8":{"loc":{"start":{"line":87,"column":4},"end":{"line":87,"column":null}},"type":"if","locations":[{"start":{"line":87,"column":4},"end":{"line":87,"column":null}},{"start":{},"end":{}}],"line":87},"9":{"loc":{"start":{"line":97,"column":4},"end":{"line":97,"column":null}},"type":"if","locations":[{"start":{"line":97,"column":4},"end":{"line":97,"column":null}},{"start":{},"end":{}}],"line":97},"10":{"loc":{"start":{"line":107,"column":4},"end":{"line":107,"column":null}},"type":"if","locations":[{"start":{"line":107,"column":4},"end":{"line":107,"column":null}},{"start":{},"end":{}}],"line":107},"11":{"loc":{"start":{"line":116,"column":4},"end":{"line":116,"column":null}},"type":"if","locations":[{"start":{"line":116,"column":4},"end":{"line":116,"column":null}},{"start":{},"end":{}}],"line":116},"12":{"loc":{"start":{"line":124,"column":4},"end":{"line":124,"column":null}},"type":"if","locations":[{"start":{"line":124,"column":4},"end":{"line":124,"column":null}},{"start":{},"end":{}}],"line":124},"13":{"loc":{"start":{"line":134,"column":4},"end":{"line":134,"column":null}},"type":"if","locations":[{"start":{"line":134,"column":4},"end":{"line":134,"column":null}},{"start":{},"end":{}}],"line":134},"14":{"loc":{"start":{"line":144,"column":4},"end":{"line":144,"column":null}},"type":"if","locations":[{"start":{"line":144,"column":4},"end":{"line":144,"column":null}},{"start":{},"end":{}}],"line":144},"15":{"loc":{"start":{"line":153,"column":4},"end":{"line":153,"column":null}},"type":"if","locations":[{"start":{"line":153,"column":4},"end":{"line":153,"column":null}},{"start":{},"end":{}}],"line":153},"16":{"loc":{"start":{"line":161,"column":4},"end":{"line":161,"column":null}},"type":"if","locations":[{"start":{"line":161,"column":4},"end":{"line":161,"column":null}},{"start":{},"end":{}}],"line":161},"17":{"loc":{"start":{"line":171,"column":4},"end":{"line":171,"column":null}},"type":"if","locations":[{"start":{"line":171,"column":4},"end":{"line":171,"column":null}},{"start":{},"end":{}}],"line":171},"18":{"loc":{"start":{"line":181,"column":4},"end":{"line":181,"column":null}},"type":"if","locations":[{"start":{"line":181,"column":4},"end":{"line":181,"column":null}},{"start":{},"end":{}}],"line":181},"19":{"loc":{"start":{"line":190,"column":4},"end":{"line":190,"column":null}},"type":"if","locations":[{"start":{"line":190,"column":4},"end":{"line":190,"column":null}},{"start":{},"end":{}}],"line":190},"20":{"loc":{"start":{"line":198,"column":4},"end":{"line":203,"column":null}},"type":"if","locations":[{"start":{"line":198,"column":4},"end":{"line":203,"column":null}},{"start":{},"end":{}}],"line":198},"21":{"loc":{"start":{"line":199,"column":8},"end":{"line":201,"column":null}},"type":"if","locations":[{"start":{"line":199,"column":8},"end":{"line":201,"column":null}},{"start":{},"end":{}}],"line":199},"22":{"loc":{"start":{"line":216,"column":4},"end":{"line":218,"column":null}},"type":"if","locations":[{"start":{"line":216,"column":4},"end":{"line":218,"column":null}},{"start":{},"end":{}}],"line":216}},"s":{"0":1,"1":1,"2":4,"3":4,"4":4,"5":4,"6":4,"7":1,"8":2,"9":2,"10":1,"11":1,"12":1,"13":0,"14":0,"15":0,"16":0,"17":1,"18":0,"19":0,"20":0,"21":0,"22":1,"23":0,"24":0,"25":0,"26":1,"27":0,"28":0,"29":0,"30":1,"31":0,"32":0,"33":0,"34":1,"35":2,"36":2,"37":1,"38":1,"39":1,"40":0,"41":0,"42":0,"43":0,"44":1,"45":0,"46":0,"47":0,"48":0,"49":1,"50":0,"51":0,"52":0,"53":0,"54":1,"55":0,"56":0,"57":0,"58":1,"59":0,"60":0,"61":0,"62":0,"63":1,"64":0,"65":0,"66":0,"67":0,"68":1,"69":0,"70":0,"71":0,"72":0,"73":1,"74":0,"75":0,"76":0,"77":1,"78":0,"79":0,"80":0,"81":0,"82":1,"83":0,"84":0,"85":0,"86":0,"87":1,"88":0,"89":0,"90":0,"91":0,"92":1,"93":0,"94":0,"95":0,"96":1,"97":0,"98":0,"99":0,"100":0,"101":0,"102":0,"103":1,"104":0,"105":0,"106":0,"107":0,"108":1},"f":{"0":4,"1":2,"2":0,"3":0,"4":0,"5":0,"6":0,"7":2,"8":0,"9":0,"10":0,"11":0,"12":0,"13":0,"14":0,"15":0,"16":0,"17":0,"18":0,"19":0,"20":0,"21":0},"b":{"0":[4,0],"1":[1,1],"2":[0,0],"3":[0,0],"4":[0,0],"5":[0,0],"6":[0,0],"7":[1,1],"8":[0,0],"9":[0,0],"10":[0,0],"11":[0,0],"12":[0,0],"13":[0,0],"14":[0,0],"15":[0,0],"16":[0,0],"17":[0,0],"18":[0,0],"19":[0,0],"20":[0,0],"21":[0,0],"22":[0,0]},"meta":{"lastBranch":23,"lastFunction":22,"lastStatement":109,"seen":{"s:7:21:7:54":0,"s:9:22:16:Infinity":1,"f:9:22:9:Infinity":0,"s:10:18:10:Infinity":2,"s:11:44:11:Infinity":3,"b:12:4:14:Infinity:undefined:undefined:undefined:undefined":0,"s:12:4:14:Infinity":4,"s:13:8:13:Infinity":5,"s:15:4:15:Infinity":6,"s:19:17:26:Infinity":7,"f:19:17:19:Infinity":1,"s:20:21:23:Infinity":8,"b:24:4:24:Infinity:undefined:undefined:undefined:undefined":1,"s:24:4:24:Infinity":9,"s:24:22:24:Infinity":10,"s:25:4:25:Infinity":11,"s:28:19:36:Infinity":12,"f:28:19:28:26":2,"s:29:21:33:Infinity":13,"b:34:4:34:Infinity:undefined:undefined:undefined:undefined":2,"s:34:4:34:Infinity":14,"s:34:22:34:Infinity":15,"s:35:4:35:Infinity":16,"s:38:19:46:Infinity":17,"f:38:19:38:26":3,"s:39:21:43:Infinity":18,"b:44:4:44:Infinity:undefined:undefined:undefined:undefined":3,"s:44:4:44:Infinity":19,"s:44:22:44:Infinity":20,"s:45:4:45:Infinity":21,"s:48:19:54:Infinity":22,"f:48:19:48:26":4,"s:49:21:52:Infinity":23,"b:53:4:53:Infinity:undefined:undefined:undefined:undefined":4,"s:53:4:53:Infinity":24,"s:53:22:53:Infinity":25,"s:56:25:62:Infinity":26,"f:56:25:56:32":5,"s:57:21:60:Infinity":27,"b:61:4:61:Infinity:undefined:undefined:undefined:undefined":5,"s:61:4:61:Infinity":28,"s:61:22:61:Infinity":29,"s:64:29:70:Infinity":30,"f:64:29:64:36":6,"s:65:21:68:Infinity":31,"b:69:4:69:Infinity:undefined:undefined:undefined:undefined":6,"s:69:4:69:Infinity":32,"s:69:22:69:Infinity":33,"s:72:20:79:Infinity":34,"f:72:20:72:27":7,"s:73:21:76:Infinity":35,"b:77:4:77:Infinity:undefined:undefined:undefined:undefined":7,"s:77:4:77:Infinity":36,"s:77:22:77:Infinity":37,"s:78:4:78:Infinity":38,"s:82:25:89:Infinity":39,"f:82:25:82:32":8,"s:83:21:86:Infinity":40,"b:87:4:87:Infinity:undefined:undefined:undefined:undefined":8,"s:87:4:87:Infinity":41,"s:87:22:87:Infinity":42,"s:88:4:88:Infinity":43,"s:91:21:99:Infinity":44,"f:91:21:91:28":9,"s:92:21:96:Infinity":45,"b:97:4:97:Infinity:undefined:undefined:undefined:undefined":9,"s:97:4:97:Infinity":46,"s:97:22:97:Infinity":47,"s:98:4:98:Infinity":48,"s:101:21:109:Infinity":49,"f:101:21:101:28":10,"s:102:21:106:Infinity":50,"b:107:4:107:Infinity:undefined:undefined:undefined:undefined":10,"s:107:4:107:Infinity":51,"s:107:22:107:Infinity":52,"s:108:4:108:Infinity":53,"s:111:21:117:Infinity":54,"f:111:21:111:28":11,"s:112:21:115:Infinity":55,"b:116:4:116:Infinity:undefined:undefined:undefined:undefined":11,"s:116:4:116:Infinity":56,"s:116:22:116:Infinity":57,"s:119:28:126:Infinity":58,"f:119:28:119:35":12,"s:120:21:123:Infinity":59,"b:124:4:124:Infinity:undefined:undefined:undefined:undefined":12,"s:124:4:124:Infinity":60,"s:124:22:124:Infinity":61,"s:125:4:125:Infinity":62,"s:128:24:136:Infinity":63,"f:128:24:128:31":13,"s:129:21:133:Infinity":64,"b:134:4:134:Infinity:undefined:undefined:undefined:undefined":13,"s:134:4:134:Infinity":65,"s:134:22:134:Infinity":66,"s:135:4:135:Infinity":67,"s:138:24:146:Infinity":68,"f:138:24:138:31":14,"s:139:21:143:Infinity":69,"b:144:4:144:Infinity:undefined:undefined:undefined:undefined":14,"s:144:4:144:Infinity":70,"s:144:22:144:Infinity":71,"s:145:4:145:Infinity":72,"s:148:24:154:Infinity":73,"f:148:24:148:31":15,"s:149:21:152:Infinity":74,"b:153:4:153:Infinity:undefined:undefined:undefined:undefined":15,"s:153:4:153:Infinity":75,"s:153:22:153:Infinity":76,"s:156:30:163:Infinity":77,"f:156:30:156:37":16,"s:157:21:160:Infinity":78,"b:161:4:161:Infinity:undefined:undefined:undefined:undefined":16,"s:161:4:161:Infinity":79,"s:161:22:161:Infinity":80,"s:162:4:162:Infinity":81,"s:165:26:173:Infinity":82,"f:165:26:165:33":17,"s:166:21:170:Infinity":83,"b:171:4:171:Infinity:undefined:undefined:undefined:undefined":17,"s:171:4:171:Infinity":84,"s:171:22:171:Infinity":85,"s:172:4:172:Infinity":86,"s:175:26:183:Infinity":87,"f:175:26:175:33":18,"s:176:21:180:Infinity":88,"b:181:4:181:Infinity:undefined:undefined:undefined:undefined":18,"s:181:4:181:Infinity":89,"s:181:22:181:Infinity":90,"s:182:4:182:Infinity":91,"s:185:26:191:Infinity":92,"f:185:26:185:33":19,"s:186:21:189:Infinity":93,"b:190:4:190:Infinity:undefined:undefined:undefined:undefined":19,"s:190:4:190:Infinity":94,"s:190:22:190:Infinity":95,"s:193:25:205:Infinity":96,"f:193:25:193:32":20,"s:194:21:197:Infinity":97,"b:198:4:203:Infinity:undefined:undefined:undefined:undefined":20,"s:198:4:203:Infinity":98,"b:199:8:201:Infinity:undefined:undefined:undefined:undefined":21,"s:199:8:201:Infinity":99,"s:200:12:200:Infinity":100,"s:202:8:202:Infinity":101,"s:204:4:204:Infinity":102,"s:211:25:220:Infinity":103,"f:211:25:211:Infinity":21,"s:212:21:215:Infinity":104,"b:216:4:218:Infinity:undefined:undefined:undefined:undefined":22,"s:216:4:218:Infinity":105,"s:217:8:217:Infinity":106,"s:219:4:219:Infinity":107,"s:223:20:245:Infinity":108}}}
,"C:\\Users\\elian\\OneDrive\\Documentos\\1-Proyectos\\Reales\\sistema-riego-goteo-react\\src\\services\\irrigationService.ts": {"path":"C:\\Users\\elian\\OneDrive\\Documentos\\1-Proyectos\\Reales\\sistema-riego-goteo-react\\src\\services\\irrigationService.ts","statementMap":{"0":{"start":{"line":6,"column":21},"end":{"line":6,"column":54}},"1":{"start":{"line":8,"column":22},"end":{"line":14,"column":null}},"2":{"start":{"line":9,"column":18},"end":{"line":9,"column":null}},"3":{"start":{"line":10,"column":4},"end":{"line":13,"column":null}},"4":{"start":{"line":20,"column":33},"end":{"line":28,"column":null}},"5":{"start":{"line":21,"column":21},"end":{"line":23,"column":null}},"6":{"start":{"line":24,"column":4},"end":{"line":26,"column":null}},"7":{"start":{"line":25,"column":8},"end":{"line":25,"column":null}},"8":{"start":{"line":27,"column":4},"end":{"line":27,"column":null}},"9":{"start":{"line":35,"column":25},"end":{"line":48,"column":null}},"10":{"start":{"line":36,"column":21},"end":{"line":40,"column":null}},"11":{"start":{"line":42,"column":4},"end":{"line":46,"column":null}},"12":{"start":{"line":44,"column":26},"end":{"line":44,"column":null}},"13":{"start":{"line":44,"column":61},"end":{"line":44,"column":null}},"14":{"start":{"line":45,"column":8},"end":{"line":45,"column":null}},"15":{"start":{"line":47,"column":4},"end":{"line":47,"column":null}},"16":{"start":{"line":51,"column":26},"end":{"line":54,"column":null}}},"fnMap":{"0":{"name":"(anonymous_0)","decl":{"start":{"line":8,"column":22},"end":{"line":8,"column":null}},"loc":{"start":{"line":8,"column":22},"end":{"line":14,"column":null}},"line":8},"1":{"name":"(anonymous_1)","decl":{"start":{"line":20,"column":33},"end":{"line":20,"column":40}},"loc":{"start":{"line":20,"column":70},"end":{"line":28,"column":null}},"line":20},"2":{"name":"(anonymous_2)","decl":{"start":{"line":35,"column":25},"end":{"line":35,"column":32}},"loc":{"start":{"line":35,"column":32},"end":{"line":48,"column":null}},"line":35},"3":{"name":"(anonymous_3)","decl":{"start":{"line":44,"column":54},"end":{"line":44,"column":61}},"loc":{"start":{"line":44,"column":61},"end":{"line":44,"column":null}},"line":44}},"branchMap":{"0":{"loc":{"start":{"line":24,"column":4},"end":{"line":26,"column":null}},"type":"if","locations":[{"start":{"line":24,"column":4},"end":{"line":26,"column":null}},{"start":{},"end":{}}],"line":24},"1":{"loc":{"start":{"line":42,"column":4},"end":{"line":46,"column":null}},"type":"if","locations":[{"start":{"line":42,"column":4},"end":{"line":46,"column":null}},{"start":{},"end":{}}],"line":42},"2":{"loc":{"start":{"line":45,"column":24},"end":{"line":45,"column":null}},"type":"binary-expr","locations":[{"start":{"line":45,"column":24},"end":{"line":45,"column":41}},{"start":{"line":45,"column":45},"end":{"line":45,"column":null}}],"line":45}},"s":{"0":1,"1":1,"2":4,"3":4,"4":1,"5":2,"6":2,"7":1,"8":1,"9":1,"10":2,"11":2,"12":1,"13":0,"14":1,"15":1,"16":1},"f":{"0":4,"1":2,"2":2,"3":0},"b":{"0":[1,1],"1":[1,1],"2":[1,0]},"meta":{"lastBranch":3,"lastFunction":4,"lastStatement":17,"seen":{"s:6:21:6:54":0,"s:8:22:14:Infinity":1,"f:8:22:8:Infinity":0,"s:9:18:9:Infinity":2,"s:10:4:13:Infinity":3,"s:20:33:28:Infinity":4,"f:20:33:20:40":1,"s:21:21:23:Infinity":5,"b:24:4:26:Infinity:undefined:undefined:undefined:undefined":0,"s:24:4:26:Infinity":6,"s:25:8:25:Infinity":7,"s:27:4:27:Infinity":8,"s:35:25:48:Infinity":9,"f:35:25:35:32":2,"s:36:21:40:Infinity":10,"b:42:4:46:Infinity:undefined:undefined:undefined:undefined":1,"s:42:4:46:Infinity":11,"s:44:26:44:Infinity":12,"f:44:54:44:61":3,"s:44:61:44:Infinity":13,"s:45:8:45:Infinity":14,"b:45:24:45:41:45:45:45:Infinity":2,"s:47:4:47:Infinity":15,"s:51:26:54:Infinity":16}}}
}
